mode: set
github.com/MikeAustin71/errprefops/errpref/eprefquark.go:105.13,107.28 1 1
github.com/MikeAustin71/errprefops/errpref/eprefquark.go:111.2,115.22 3 1
github.com/MikeAustin71/errprefops/errpref/eprefquark.go:119.2,123.31 3 1
github.com/MikeAustin71/errprefops/errpref/eprefquark.go:132.2,135.44 3 1
github.com/MikeAustin71/errprefops/errpref/eprefquark.go:188.2,188.24 1 1
github.com/MikeAustin71/errprefops/errpref/eprefquark.go:107.28,109.3 1 1
github.com/MikeAustin71/errprefops/errpref/eprefquark.go:115.22,117.3 1 0
github.com/MikeAustin71/errprefops/errpref/eprefquark.go:123.31,130.3 2 1
github.com/MikeAustin71/errprefops/errpref/eprefquark.go:135.44,138.16 2 1
github.com/MikeAustin71/errprefops/errpref/eprefquark.go:139.10,140.27 1 1
github.com/MikeAustin71/errprefops/errpref/eprefquark.go:141.10,142.26 1 1
github.com/MikeAustin71/errprefops/errpref/eprefquark.go:143.10,144.26 1 1
github.com/MikeAustin71/errprefops/errpref/eprefquark.go:145.10,146.26 1 1
github.com/MikeAustin71/errprefops/errpref/eprefquark.go:147.10,148.26 1 1
github.com/MikeAustin71/errprefops/errpref/eprefquark.go:149.10,150.26 1 1
github.com/MikeAustin71/errprefops/errpref/eprefquark.go:151.10,152.26 1 1
github.com/MikeAustin71/errprefops/errpref/eprefquark.go:153.13,154.24 1 1
github.com/MikeAustin71/errprefops/errpref/eprefquark.go:155.13,156.24 1 1
github.com/MikeAustin71/errprefops/errpref/eprefquark.go:157.13,158.24 1 1
github.com/MikeAustin71/errprefops/errpref/eprefquark.go:159.13,160.24 1 1
github.com/MikeAustin71/errprefops/errpref/eprefquark.go:161.13,162.24 1 1
github.com/MikeAustin71/errprefops/errpref/eprefquark.go:163.13,164.24 1 1
github.com/MikeAustin71/errprefops/errpref/eprefquark.go:165.13,166.24 1 1
github.com/MikeAustin71/errprefops/errpref/eprefquark.go:167.11,168.25 1 1
github.com/MikeAustin71/errprefops/errpref/eprefquark.go:169.11,170.25 1 1
github.com/MikeAustin71/errprefops/errpref/eprefquark.go:171.13,172.23 1 1
github.com/MikeAustin71/errprefops/errpref/eprefquark.go:173.12,175.20 1 1
github.com/MikeAustin71/errprefops/errpref/eprefquark.go:181.11,182.22 1 1
github.com/MikeAustin71/errprefops/errpref/eprefquark.go:175.20,177.5 1 1
github.com/MikeAustin71/errprefops/errpref/eprefquark.go:177.10,179.5 1 1
github.com/MikeAustin71/errprefops/errpref/eprefquark.go:266.13,268.28 1 1
github.com/MikeAustin71/errprefops/errpref/eprefquark.go:272.2,276.22 3 1
github.com/MikeAustin71/errprefops/errpref/eprefquark.go:280.2,286.28 4 1
github.com/MikeAustin71/errprefops/errpref/eprefquark.go:295.2,351.31 20 1
github.com/MikeAustin71/errprefops/errpref/eprefquark.go:268.28,270.3 1 1
github.com/MikeAustin71/errprefops/errpref/eprefquark.go:276.22,278.3 1 1
github.com/MikeAustin71/errprefops/errpref/eprefquark.go:286.28,293.3 2 1
github.com/MikeAustin71/errprefops/errpref/eprefquark.go:375.68,377.28 1 1
github.com/MikeAustin71/errprefops/errpref/eprefquark.go:381.2,385.38 3 1
github.com/MikeAustin71/errprefops/errpref/eprefquark.go:389.2,400.25 6 1
github.com/MikeAustin71/errprefops/errpref/eprefquark.go:407.2,410.33 2 1
github.com/MikeAustin71/errprefops/errpref/eprefquark.go:377.28,379.3 1 1
github.com/MikeAustin71/errprefops/errpref/eprefquark.go:385.38,387.3 1 0
github.com/MikeAustin71/errprefops/errpref/eprefquark.go:400.25,405.3 1 0
github.com/MikeAustin71/errprefops/errpref/eprefquark.go:417.74,419.28 1 1
github.com/MikeAustin71/errprefops/errpref/eprefquark.go:423.2,427.38 3 1
github.com/MikeAustin71/errprefops/errpref/eprefquark.go:431.2,435.59 3 1
github.com/MikeAustin71/errprefops/errpref/eprefquark.go:419.28,421.3 1 1
github.com/MikeAustin71/errprefops/errpref/eprefquark.go:427.38,429.3 1 0
github.com/MikeAustin71/errprefops/errpref/eprefquark.go:442.25,444.28 1 1
github.com/MikeAustin71/errprefops/errpref/eprefquark.go:448.2,454.33 4 1
github.com/MikeAustin71/errprefops/errpref/eprefquark.go:460.2,460.13 1 1
github.com/MikeAustin71/errprefops/errpref/eprefquark.go:444.28,446.3 1 1
github.com/MikeAustin71/errprefops/errpref/eprefquark.go:454.33,455.26 1 1
github.com/MikeAustin71/errprefops/errpref/eprefquark.go:455.26,457.4 1 1
github.com/MikeAustin71/errprefops/errpref/eprefquark.go:466.52,468.28 1 1
github.com/MikeAustin71/errprefops/errpref/eprefquark.go:472.2,476.24 3 1
github.com/MikeAustin71/errprefops/errpref/eprefquark.go:468.28,470.3 1 1
github.com/MikeAustin71/errprefops/errpref/eprefquark.go:481.74,483.28 1 1
github.com/MikeAustin71/errprefops/errpref/eprefquark.go:487.2,491.38 3 1
github.com/MikeAustin71/errprefops/errpref/eprefquark.go:495.2,500.53 3 1
github.com/MikeAustin71/errprefops/errpref/eprefquark.go:483.28,485.3 1 1
github.com/MikeAustin71/errprefops/errpref/eprefquark.go:491.38,493.3 1 0
github.com/MikeAustin71/errprefops/errpref/eprefquark.go:537.33,539.28 1 1
github.com/MikeAustin71/errprefops/errpref/eprefquark.go:543.2,547.38 3 1
github.com/MikeAustin71/errprefops/errpref/eprefquark.go:551.2,557.40 4 1
github.com/MikeAustin71/errprefops/errpref/eprefquark.go:561.2,564.8 2 1
github.com/MikeAustin71/errprefops/errpref/eprefquark.go:539.28,541.3 1 1
github.com/MikeAustin71/errprefops/errpref/eprefquark.go:547.38,549.3 1 1
github.com/MikeAustin71/errprefops/errpref/eprefquark.go:557.40,559.3 1 1
github.com/MikeAustin71/errprefops/errpref/errprefixdtoatom.go:18.27,20.32 1 1
github.com/MikeAustin71/errprefops/errpref/errprefixdtoatom.go:24.2,32.25 4 1
github.com/MikeAustin71/errprefops/errpref/errprefixdtoatom.go:39.2,41.25 2 1
github.com/MikeAustin71/errprefops/errpref/errprefixdtoatom.go:45.2,47.24 2 1
github.com/MikeAustin71/errprefops/errpref/errprefixdtoatom.go:51.2,53.37 2 1
github.com/MikeAustin71/errprefops/errpref/errprefixdtoatom.go:76.2,79.12 2 1
github.com/MikeAustin71/errprefops/errpref/errprefixdtoatom.go:20.32,22.3 1 1
github.com/MikeAustin71/errprefops/errpref/errprefixdtoatom.go:32.25,37.3 1 1
github.com/MikeAustin71/errprefops/errpref/errprefixdtoatom.go:41.25,43.3 1 1
github.com/MikeAustin71/errprefops/errpref/errprefixdtoatom.go:47.24,49.3 1 0
github.com/MikeAustin71/errprefops/errpref/errprefixdtoatom.go:53.37,55.35 1 1
github.com/MikeAustin71/errprefops/errpref/errprefixdtoatom.go:59.3,73.15 2 1
github.com/MikeAustin71/errprefops/errpref/errprefixdtoatom.go:55.35,56.12 1 1
github.com/MikeAustin71/errprefops/errpref/errprefixdtoatom.go:92.36,94.32 1 1
github.com/MikeAustin71/errprefops/errpref/errprefixdtoatom.go:98.2,103.24 3 1
github.com/MikeAustin71/errprefops/errpref/errprefixdtoatom.go:107.2,114.34 4 1
github.com/MikeAustin71/errprefops/errpref/errprefixdtoatom.go:118.2,119.32 1 1
github.com/MikeAustin71/errprefops/errpref/errprefixdtoatom.go:123.2,124.49 1 1
github.com/MikeAustin71/errprefops/errpref/errprefixdtoatom.go:128.2,129.36 1 1
github.com/MikeAustin71/errprefops/errpref/errprefixdtoatom.go:133.2,134.38 1 1
github.com/MikeAustin71/errprefops/errpref/errprefixdtoatom.go:138.2,139.39 1 1
github.com/MikeAustin71/errprefops/errpref/errprefixdtoatom.go:143.2,144.44 1 1
github.com/MikeAustin71/errprefops/errpref/errprefixdtoatom.go:148.2,149.32 1 1
github.com/MikeAustin71/errprefops/errpref/errprefixdtoatom.go:153.2,154.33 1 1
github.com/MikeAustin71/errprefops/errpref/errprefixdtoatom.go:158.2,158.35 1 1
github.com/MikeAustin71/errprefops/errpref/errprefixdtoatom.go:163.2,163.35 1 1
github.com/MikeAustin71/errprefops/errpref/errprefixdtoatom.go:168.2,174.52 3 1
github.com/MikeAustin71/errprefops/errpref/errprefixdtoatom.go:178.2,178.32 1 1
github.com/MikeAustin71/errprefops/errpref/errprefixdtoatom.go:182.2,182.45 1 1
github.com/MikeAustin71/errprefops/errpref/errprefixdtoatom.go:188.2,188.13 1 1
github.com/MikeAustin71/errprefops/errpref/errprefixdtoatom.go:94.32,96.3 1 1
github.com/MikeAustin71/errprefops/errpref/errprefixdtoatom.go:103.24,105.3 1 1
github.com/MikeAustin71/errprefops/errpref/errprefixdtoatom.go:114.34,116.3 1 1
github.com/MikeAustin71/errprefops/errpref/errprefixdtoatom.go:119.32,121.3 1 1
github.com/MikeAustin71/errprefops/errpref/errprefixdtoatom.go:124.49,126.3 1 1
github.com/MikeAustin71/errprefops/errpref/errprefixdtoatom.go:129.36,131.3 1 1
github.com/MikeAustin71/errprefops/errpref/errprefixdtoatom.go:134.38,136.3 1 1
github.com/MikeAustin71/errprefops/errpref/errprefixdtoatom.go:139.39,141.3 1 1
github.com/MikeAustin71/errprefops/errpref/errprefixdtoatom.go:144.44,146.3 1 1
github.com/MikeAustin71/errprefops/errpref/errprefixdtoatom.go:149.32,151.3 1 1
github.com/MikeAustin71/errprefops/errpref/errprefixdtoatom.go:154.33,156.3 1 1
github.com/MikeAustin71/errprefops/errpref/errprefixdtoatom.go:158.35,161.3 1 1
github.com/MikeAustin71/errprefops/errpref/errprefixdtoatom.go:163.35,166.3 1 1
github.com/MikeAustin71/errprefops/errpref/errprefixdtoatom.go:174.52,176.3 1 1
github.com/MikeAustin71/errprefops/errpref/errprefixdtoatom.go:178.32,180.3 1 1
github.com/MikeAustin71/errprefops/errpref/errprefixdtoatom.go:182.45,183.67 1 1
github.com/MikeAustin71/errprefops/errpref/errprefixdtoatom.go:183.67,185.4 1 0
github.com/MikeAustin71/errprefops/errpref/errprefixdtoatom.go:246.21,248.32 1 1
github.com/MikeAustin71/errprefops/errpref/errprefixdtoatom.go:252.2,258.31 4 1
github.com/MikeAustin71/errprefops/errpref/errprefixdtoatom.go:266.2,266.33 1 1
github.com/MikeAustin71/errprefops/errpref/errprefixdtoatom.go:273.2,285.16 5 1
github.com/MikeAustin71/errprefops/errpref/errprefixdtoatom.go:289.2,301.16 4 1
github.com/MikeAustin71/errprefops/errpref/errprefixdtoatom.go:305.2,311.16 2 1
github.com/MikeAustin71/errprefops/errpref/errprefixdtoatom.go:315.2,333.30 7 1
github.com/MikeAustin71/errprefops/errpref/errprefixdtoatom.go:338.2,347.12 3 1
github.com/MikeAustin71/errprefops/errpref/errprefixdtoatom.go:248.32,250.3 1 1
github.com/MikeAustin71/errprefops/errpref/errprefixdtoatom.go:258.31,264.3 1 0
github.com/MikeAustin71/errprefops/errpref/errprefixdtoatom.go:266.33,271.3 1 1
github.com/MikeAustin71/errprefops/errpref/errprefixdtoatom.go:285.16,287.3 1 0
github.com/MikeAustin71/errprefops/errpref/errprefixdtoatom.go:301.16,303.3 1 0
github.com/MikeAustin71/errprefops/errpref/errprefixdtoatom.go:311.16,313.3 1 0
github.com/MikeAustin71/errprefops/errpref/errprefixdtoatom.go:333.30,336.3 2 0
github.com/MikeAustin71/errprefops/errpref/errprefixdtoatom.go:398.13,400.32 1 1
github.com/MikeAustin71/errprefops/errpref/errprefixdtoatom.go:404.2,415.23 6 1
github.com/MikeAustin71/errprefops/errpref/errprefixdtoatom.go:425.2,439.16 5 1
github.com/MikeAustin71/errprefops/errpref/errprefixdtoatom.go:443.2,449.16 2 1
github.com/MikeAustin71/errprefops/errpref/errprefixdtoatom.go:453.2,471.30 7 1
github.com/MikeAustin71/errprefops/errpref/errprefixdtoatom.go:478.2,487.27 3 1
github.com/MikeAustin71/errprefops/errpref/errprefixdtoatom.go:400.32,402.3 1 1
github.com/MikeAustin71/errprefops/errpref/errprefixdtoatom.go:415.23,423.3 2 1
github.com/MikeAustin71/errprefops/errpref/errprefixdtoatom.go:439.16,441.3 1 0
github.com/MikeAustin71/errprefops/errpref/errprefixdtoatom.go:449.16,451.3 1 0
github.com/MikeAustin71/errprefops/errpref/errprefixdtoatom.go:471.30,476.3 2 1
github.com/MikeAustin71/errprefops/errpref/errprefixdtoatom.go:538.39,540.32 1 1
github.com/MikeAustin71/errprefops/errpref/errprefixdtoatom.go:544.2,548.30 3 1
github.com/MikeAustin71/errprefops/errpref/errprefixdtoatom.go:552.2,552.25 1 1
github.com/MikeAustin71/errprefops/errpref/errprefixdtoatom.go:556.2,563.28 4 1
github.com/MikeAustin71/errprefops/errpref/errprefixdtoatom.go:567.2,585.22 6 1
github.com/MikeAustin71/errprefops/errpref/errprefixdtoatom.go:589.2,598.35 5 1
github.com/MikeAustin71/errprefops/errpref/errprefixdtoatom.go:642.2,642.8 1 1
github.com/MikeAustin71/errprefops/errpref/errprefixdtoatom.go:540.32,542.3 1 1
github.com/MikeAustin71/errprefops/errpref/errprefixdtoatom.go:548.30,550.3 1 1
github.com/MikeAustin71/errprefops/errpref/errprefixdtoatom.go:552.25,554.3 1 1
github.com/MikeAustin71/errprefops/errpref/errprefixdtoatom.go:563.28,565.3 1 0
github.com/MikeAustin71/errprefops/errpref/errprefixdtoatom.go:585.22,587.3 1 0
github.com/MikeAustin71/errprefops/errpref/errprefixdtoatom.go:598.35,605.23 3 1
github.com/MikeAustin71/errprefops/errpref/errprefixdtoatom.go:605.23,613.18 2 1
github.com/MikeAustin71/errprefops/errpref/errprefixdtoatom.go:617.4,617.58 1 1
github.com/MikeAustin71/errprefops/errpref/errprefixdtoatom.go:613.18,614.13 1 1
github.com/MikeAustin71/errprefops/errpref/errprefixdtoatom.go:619.9,633.18 4 1
github.com/MikeAustin71/errprefops/errpref/errprefixdtoatom.go:637.4,637.58 1 1
github.com/MikeAustin71/errprefops/errpref/errprefixdtoatom.go:633.18,634.13 1 0
github.com/MikeAustin71/errprefops/errpref/errprefixdtoatom.go:648.64,650.32 1 1
github.com/MikeAustin71/errprefops/errpref/errprefixdtoatom.go:654.2,658.28 3 1
github.com/MikeAustin71/errprefops/errpref/errprefixdtoatom.go:650.32,652.3 1 1
github.com/MikeAustin71/errprefops/errpref/errprefixdtoatom.go:665.38,667.32 1 1
github.com/MikeAustin71/errprefops/errpref/errprefixdtoatom.go:671.2,675.29 3 1
github.com/MikeAustin71/errprefops/errpref/errprefixdtoatom.go:679.2,681.24 2 1
github.com/MikeAustin71/errprefops/errpref/errprefixdtoatom.go:685.2,685.24 1 1
github.com/MikeAustin71/errprefops/errpref/errprefixdtoatom.go:691.2,693.37 2 1
github.com/MikeAustin71/errprefops/errpref/errprefixdtoatom.go:710.2,710.8 1 1
github.com/MikeAustin71/errprefops/errpref/errprefixdtoatom.go:667.32,669.3 1 1
github.com/MikeAustin71/errprefops/errpref/errprefixdtoatom.go:675.29,677.3 1 1
github.com/MikeAustin71/errprefops/errpref/errprefixdtoatom.go:681.24,683.3 1 1
github.com/MikeAustin71/errprefops/errpref/errprefixdtoatom.go:685.24,689.3 3 1
github.com/MikeAustin71/errprefops/errpref/errprefixdtoatom.go:693.37,697.12 2 1
github.com/MikeAustin71/errprefops/errpref/errprefixdtoatom.go:698.10,700.45 2 1
github.com/MikeAustin71/errprefops/errpref/errprefixdtoatom.go:701.16,703.44 2 1
github.com/MikeAustin71/errprefops/errpref/errprefixdtoatom.go:704.11,706.45 2 1
github.com/MikeAustin71/errprefops/errpref/errprefixdtonanobot.go:62.9,64.35 1 1
github.com/MikeAustin71/errprefops/errpref/errprefixdtonanobot.go:68.2,82.28 7 1
github.com/MikeAustin71/errprefops/errpref/errprefixdtonanobot.go:64.35,66.3 1 1
github.com/MikeAustin71/errprefops/errpref/errprefixdtonanobot.go:106.28,108.35 1 1
github.com/MikeAustin71/errprefops/errpref/errprefixdtonanobot.go:112.2,116.23 3 1
github.com/MikeAustin71/errprefops/errpref/errprefixdtonanobot.go:120.2,126.24 4 1
github.com/MikeAustin71/errprefops/errpref/errprefixdtonanobot.go:130.2,135.8 3 1
github.com/MikeAustin71/errprefops/errpref/errprefixdtonanobot.go:108.35,110.3 1 1
github.com/MikeAustin71/errprefops/errpref/errprefixdtonanobot.go:116.23,118.3 1 1
github.com/MikeAustin71/errprefops/errpref/errprefixdtonanobot.go:126.24,128.3 1 0
github.com/MikeAustin71/errprefops/errpref/errprefixdtonanobot.go:140.73,142.35 1 1
github.com/MikeAustin71/errprefops/errpref/errprefixdtonanobot.go:146.2,152.3 3 1
github.com/MikeAustin71/errprefops/errpref/errprefixdtonanobot.go:142.35,144.3 1 1
github.com/MikeAustin71/errprefops/errpref/errprefixdtonanobot.go:219.29,221.35 1 1
github.com/MikeAustin71/errprefops/errpref/errprefixdtonanobot.go:225.2,232.23 4 1
github.com/MikeAustin71/errprefops/errpref/errprefixdtonanobot.go:239.2,243.19 3 1
github.com/MikeAustin71/errprefops/errpref/errprefixdtonanobot.go:250.2,250.42 1 1
github.com/MikeAustin71/errprefops/errpref/errprefixdtonanobot.go:257.2,261.16 2 1
github.com/MikeAustin71/errprefops/errpref/errprefixdtonanobot.go:265.2,270.12 2 1
github.com/MikeAustin71/errprefops/errpref/errprefixdtonanobot.go:221.35,223.3 1 1
github.com/MikeAustin71/errprefops/errpref/errprefixdtonanobot.go:232.23,237.3 1 1
github.com/MikeAustin71/errprefops/errpref/errprefixdtonanobot.go:243.19,248.3 1 1
github.com/MikeAustin71/errprefops/errpref/errprefixdtonanobot.go:250.42,255.3 1 0
github.com/MikeAustin71/errprefops/errpref/errprefixdtonanobot.go:261.16,263.3 1 0
github.com/MikeAustin71/errprefops/errpref/errprefixdtonanobot.go:341.29,343.35 1 1
github.com/MikeAustin71/errprefops/errpref/errprefixdtonanobot.go:347.2,354.23 4 1
github.com/MikeAustin71/errprefops/errpref/errprefixdtonanobot.go:361.2,361.19 1 1
github.com/MikeAustin71/errprefops/errpref/errprefixdtonanobot.go:368.2,368.40 1 1
github.com/MikeAustin71/errprefops/errpref/errprefixdtonanobot.go:375.2,382.23 4 1
github.com/MikeAustin71/errprefops/errpref/errprefixdtonanobot.go:388.2,393.36 3 1
github.com/MikeAustin71/errprefops/errpref/errprefixdtonanobot.go:410.2,414.12 2 1
github.com/MikeAustin71/errprefops/errpref/errprefixdtonanobot.go:343.35,345.3 1 1
github.com/MikeAustin71/errprefops/errpref/errprefixdtonanobot.go:354.23,359.3 1 1
github.com/MikeAustin71/errprefops/errpref/errprefixdtonanobot.go:361.19,366.3 1 1
github.com/MikeAustin71/errprefops/errpref/errprefixdtonanobot.go:368.40,373.3 1 0
github.com/MikeAustin71/errprefops/errpref/errprefixdtonanobot.go:382.23,386.3 2 1
github.com/MikeAustin71/errprefops/errpref/errprefixdtonanobot.go:393.36,408.3 2 1
github.com/MikeAustin71/errprefops/errpref/errprefixdtonanobot.go:473.29,475.35 1 1
github.com/MikeAustin71/errprefops/errpref/errprefixdtonanobot.go:479.2,486.23 4 1
github.com/MikeAustin71/errprefops/errpref/errprefixdtonanobot.go:493.2,493.22 1 1
github.com/MikeAustin71/errprefops/errpref/errprefixdtonanobot.go:500.2,513.12 5 1
github.com/MikeAustin71/errprefops/errpref/errprefixdtonanobot.go:475.35,477.3 1 1
github.com/MikeAustin71/errprefops/errpref/errprefixdtonanobot.go:486.23,491.3 1 1
github.com/MikeAustin71/errprefops/errpref/errprefixdtonanobot.go:493.22,498.3 2 1
github.com/MikeAustin71/errprefops/errpref/errprefixdtonanobot.go:574.29,576.35 1 1
github.com/MikeAustin71/errprefops/errpref/errprefixdtonanobot.go:580.2,587.23 4 1
github.com/MikeAustin71/errprefops/errpref/errprefixdtonanobot.go:594.2,596.19 2 1
github.com/MikeAustin71/errprefops/errpref/errprefixdtonanobot.go:603.2,603.39 1 1
github.com/MikeAustin71/errprefops/errpref/errprefixdtonanobot.go:610.2,612.22 2 1
github.com/MikeAustin71/errprefops/errpref/errprefixdtonanobot.go:620.2,630.12 4 1
github.com/MikeAustin71/errprefops/errpref/errprefixdtonanobot.go:576.35,578.3 1 1
github.com/MikeAustin71/errprefops/errpref/errprefixdtonanobot.go:587.23,592.3 1 1
github.com/MikeAustin71/errprefops/errpref/errprefixdtonanobot.go:596.19,601.3 1 1
github.com/MikeAustin71/errprefops/errpref/errprefixdtonanobot.go:603.39,608.3 1 0
github.com/MikeAustin71/errprefops/errpref/errprefixdtonanobot.go:612.22,618.3 2 0
github.com/MikeAustin71/errprefops/errpref/errprefixdtonanobot.go:689.29,691.35 1 1
github.com/MikeAustin71/errprefops/errpref/errprefixdtonanobot.go:695.2,702.23 4 1
github.com/MikeAustin71/errprefops/errpref/errprefixdtonanobot.go:709.2,713.23 3 1
github.com/MikeAustin71/errprefops/errpref/errprefixdtonanobot.go:720.2,722.36 2 1
github.com/MikeAustin71/errprefops/errpref/errprefixdtonanobot.go:738.2,742.12 2 1
github.com/MikeAustin71/errprefops/errpref/errprefixdtonanobot.go:691.35,693.3 1 1
github.com/MikeAustin71/errprefops/errpref/errprefixdtonanobot.go:702.23,707.3 1 1
github.com/MikeAustin71/errprefops/errpref/errprefixdtonanobot.go:713.23,718.3 2 1
github.com/MikeAustin71/errprefops/errpref/errprefixdtonanobot.go:722.36,736.3 1 1
github.com/MikeAustin71/errprefops/errpref/errprefixdtonanobot.go:805.29,807.35 1 1
github.com/MikeAustin71/errprefops/errpref/errprefixdtonanobot.go:811.2,818.23 4 1
github.com/MikeAustin71/errprefops/errpref/errprefixdtonanobot.go:825.2,827.19 2 1
github.com/MikeAustin71/errprefops/errpref/errprefixdtonanobot.go:832.2,834.23 2 1
github.com/MikeAustin71/errprefops/errpref/errprefixdtonanobot.go:839.2,843.36 3 1
github.com/MikeAustin71/errprefops/errpref/errprefixdtonanobot.go:860.2,864.12 2 1
github.com/MikeAustin71/errprefops/errpref/errprefixdtonanobot.go:807.35,809.3 1 1
github.com/MikeAustin71/errprefops/errpref/errprefixdtonanobot.go:818.23,823.3 1 1
github.com/MikeAustin71/errprefops/errpref/errprefixdtonanobot.go:827.19,830.3 2 1
github.com/MikeAustin71/errprefops/errpref/errprefixdtonanobot.go:834.23,837.3 2 0
github.com/MikeAustin71/errprefops/errpref/errprefixdtonanobot.go:843.36,858.3 2 1
github.com/MikeAustin71/errprefops/errpref/errprefixdtoquark.go:28.13,30.31 1 1
github.com/MikeAustin71/errprefops/errpref/errprefixdtoquark.go:34.2,43.23 5 1
github.com/MikeAustin71/errprefops/errpref/errprefixdtoquark.go:52.2,54.22 2 1
github.com/MikeAustin71/errprefops/errpref/errprefixdtoquark.go:63.2,63.22 1 1
github.com/MikeAustin71/errprefops/errpref/errprefixdtoquark.go:74.2,90.21 9 1
github.com/MikeAustin71/errprefops/errpref/errprefixdtoquark.go:30.31,32.3 1 1
github.com/MikeAustin71/errprefops/errpref/errprefixdtoquark.go:43.23,50.3 2 1
github.com/MikeAustin71/errprefops/errpref/errprefixdtoquark.go:54.22,61.3 3 1
github.com/MikeAustin71/errprefops/errpref/errprefixdtoquark.go:63.22,72.3 4 1
github.com/MikeAustin71/errprefops/errpref/errprefixdtoquark.go:101.27,103.31 1 1
github.com/MikeAustin71/errprefops/errpref/errprefixdtoquark.go:107.2,114.23 4 1
github.com/MikeAustin71/errprefops/errpref/errprefixdtoquark.go:121.2,123.22 2 1
github.com/MikeAustin71/errprefops/errpref/errprefixdtoquark.go:127.2,127.35 1 1
github.com/MikeAustin71/errprefops/errpref/errprefixdtoquark.go:131.2,133.12 2 1
github.com/MikeAustin71/errprefops/errpref/errprefixdtoquark.go:103.31,105.3 1 1
github.com/MikeAustin71/errprefops/errpref/errprefixdtoquark.go:114.23,119.3 1 1
github.com/MikeAustin71/errprefops/errpref/errprefixdtoquark.go:123.22,125.3 1 1
github.com/MikeAustin71/errprefops/errpref/errprefixdtoquark.go:127.35,129.3 1 1
github.com/MikeAustin71/errprefops/errpref/errprefixdtoquark.go:140.76,142.31 1 1
github.com/MikeAustin71/errprefops/errpref/errprefixdtoquark.go:146.2,167.24 11 1
github.com/MikeAustin71/errprefops/errpref/errprefixdtoquark.go:142.31,144.3 1 1
github.com/MikeAustin71/errprefops/errpref/errprefixdtoquark.go:175.28,177.31 1 1
github.com/MikeAustin71/errprefops/errpref/errprefixdtoquark.go:181.2,185.23 3 1
github.com/MikeAustin71/errprefops/errpref/errprefixdtoquark.go:189.2,197.64 5 1
github.com/MikeAustin71/errprefops/errpref/errprefixdtoquark.go:202.2,202.8 1 1
github.com/MikeAustin71/errprefops/errpref/errprefixdtoquark.go:177.31,179.3 1 1
github.com/MikeAustin71/errprefops/errpref/errprefixdtoquark.go:185.23,187.3 1 1
github.com/MikeAustin71/errprefops/errpref/errprefixdtoquark.go:197.64,200.3 1 1
github.com/MikeAustin71/errprefops/errpref/errprefixdtoquark.go:207.65,209.31 1 1
github.com/MikeAustin71/errprefops/errpref/errprefixdtoquark.go:213.2,219.3 3 1
github.com/MikeAustin71/errprefops/errpref/errprefixdtoquark.go:209.31,211.3 1 1
github.com/MikeAustin71/errprefops/errpref/errprefixdtoquark.go:268.13,270.31 1 1
github.com/MikeAustin71/errprefops/errpref/errprefixdtoquark.go:274.2,283.23 5 1
github.com/MikeAustin71/errprefops/errpref/errprefixdtoquark.go:293.2,293.48 1 1
github.com/MikeAustin71/errprefops/errpref/errprefixdtoquark.go:304.2,307.16 2 1
github.com/MikeAustin71/errprefops/errpref/errprefixdtoquark.go:311.2,314.16 2 1
github.com/MikeAustin71/errprefops/errpref/errprefixdtoquark.go:318.2,320.21 2 1
github.com/MikeAustin71/errprefops/errpref/errprefixdtoquark.go:270.31,272.3 1 1
github.com/MikeAustin71/errprefops/errpref/errprefixdtoquark.go:283.23,290.3 2 1
github.com/MikeAustin71/errprefops/errpref/errprefixdtoquark.go:293.48,302.3 2 1
github.com/MikeAustin71/errprefops/errpref/errprefixdtoquark.go:307.16,309.3 1 1
github.com/MikeAustin71/errprefops/errpref/errprefixdtoquark.go:314.16,316.3 1 1
github.com/MikeAustin71/errprefops/errpref/eprefneutron.go:76.13,78.30 1 1
github.com/MikeAustin71/errprefops/errpref/eprefneutron.go:82.2,100.23 8 1
github.com/MikeAustin71/errprefops/errpref/eprefneutron.go:109.2,118.23 5 1
github.com/MikeAustin71/errprefops/errpref/eprefneutron.go:125.2,125.27 1 1
github.com/MikeAustin71/errprefops/errpref/eprefneutron.go:78.30,80.3 1 1
github.com/MikeAustin71/errprefops/errpref/eprefneutron.go:100.23,107.3 2 1
github.com/MikeAustin71/errprefops/errpref/eprefneutron.go:118.23,121.3 2 1
github.com/MikeAustin71/errprefops/errpref/eprefneutron.go:121.8,123.3 1 1
github.com/MikeAustin71/errprefops/errpref/eprefneutron.go:131.58,133.30 1 1
github.com/MikeAustin71/errprefops/errpref/eprefneutron.go:137.2,141.26 3 1
github.com/MikeAustin71/errprefops/errpref/eprefneutron.go:133.30,135.3 1 1
github.com/MikeAustin71/errprefops/errpref/eprefneutron.go:181.40,183.30 1 1
github.com/MikeAustin71/errprefops/errpref/eprefneutron.go:187.2,193.39 3 1
github.com/MikeAustin71/errprefops/errpref/eprefneutron.go:197.2,197.50 1 1
github.com/MikeAustin71/errprefops/errpref/eprefneutron.go:201.2,201.26 1 1
github.com/MikeAustin71/errprefops/errpref/eprefneutron.go:206.2,216.8 3 1
github.com/MikeAustin71/errprefops/errpref/eprefneutron.go:183.30,185.3 1 1
github.com/MikeAustin71/errprefops/errpref/eprefneutron.go:193.39,195.3 1 1
github.com/MikeAustin71/errprefops/errpref/eprefneutron.go:197.50,199.3 1 0
github.com/MikeAustin71/errprefops/errpref/eprefneutron.go:201.26,204.3 1 1
github.com/MikeAustin71/errprefops/errpref/eprefnanobot.go:44.42,46.30 1 1
github.com/MikeAustin71/errprefops/errpref/eprefnanobot.go:50.2,66.28 6 1
github.com/MikeAustin71/errprefops/errpref/eprefnanobot.go:70.2,80.28 4 1
github.com/MikeAustin71/errprefops/errpref/eprefnanobot.go:87.2,87.33 1 1
github.com/MikeAustin71/errprefops/errpref/eprefnanobot.go:91.2,95.8 2 1
github.com/MikeAustin71/errprefops/errpref/eprefnanobot.go:46.30,48.3 1 1
github.com/MikeAustin71/errprefops/errpref/eprefnanobot.go:66.28,68.3 1 1
github.com/MikeAustin71/errprefops/errpref/eprefnanobot.go:80.28,85.3 1 1
github.com/MikeAustin71/errprefops/errpref/eprefnanobot.go:87.33,89.3 1 1
github.com/MikeAustin71/errprefops/errpref/eprefnanobot.go:105.34,107.30 1 1
github.com/MikeAustin71/errprefops/errpref/eprefnanobot.go:111.2,127.24 7 1
github.com/MikeAustin71/errprefops/errpref/eprefnanobot.go:131.2,136.18 4 1
github.com/MikeAustin71/errprefops/errpref/eprefnanobot.go:107.30,109.3 1 1
github.com/MikeAustin71/errprefops/errpref/eprefnanobot.go:127.24,129.3 1 1
github.com/MikeAustin71/errprefops/errpref/eprefnanobot.go:212.45,214.30 1 1
github.com/MikeAustin71/errprefops/errpref/eprefnanobot.go:218.2,226.30 5 1
github.com/MikeAustin71/errprefops/errpref/eprefnanobot.go:231.2,234.16 2 1
github.com/MikeAustin71/errprefops/errpref/eprefnanobot.go:238.2,238.37 1 1
github.com/MikeAustin71/errprefops/errpref/eprefnanobot.go:244.2,251.16 3 1
github.com/MikeAustin71/errprefops/errpref/eprefnanobot.go:255.2,268.29 7 1
github.com/MikeAustin71/errprefops/errpref/eprefnanobot.go:272.2,272.43 1 1
github.com/MikeAustin71/errprefops/errpref/eprefnanobot.go:319.2,319.50 1 1
github.com/MikeAustin71/errprefops/errpref/eprefnanobot.go:326.2,326.37 1 1
github.com/MikeAustin71/errprefops/errpref/eprefnanobot.go:330.2,330.30 1 1
github.com/MikeAustin71/errprefops/errpref/eprefnanobot.go:334.2,336.20 2 1
github.com/MikeAustin71/errprefops/errpref/eprefnanobot.go:214.30,216.3 1 1
github.com/MikeAustin71/errprefops/errpref/eprefnanobot.go:226.30,229.3 1 1
github.com/MikeAustin71/errprefops/errpref/eprefnanobot.go:234.16,236.3 1 1
github.com/MikeAustin71/errprefops/errpref/eprefnanobot.go:238.37,242.3 1 1
github.com/MikeAustin71/errprefops/errpref/eprefnanobot.go:251.16,253.3 1 0
github.com/MikeAustin71/errprefops/errpref/eprefnanobot.go:268.29,270.3 1 1
github.com/MikeAustin71/errprefops/errpref/eprefnanobot.go:272.43,274.19 1 1
github.com/MikeAustin71/errprefops/errpref/eprefnanobot.go:278.3,283.17 2 1
github.com/MikeAustin71/errprefops/errpref/eprefnanobot.go:287.3,291.17 2 1
github.com/MikeAustin71/errprefops/errpref/eprefnanobot.go:295.3,295.46 1 1
github.com/MikeAustin71/errprefops/errpref/eprefnanobot.go:274.19,276.4 1 1
github.com/MikeAustin71/errprefops/errpref/eprefnanobot.go:283.17,285.4 1 0
github.com/MikeAustin71/errprefops/errpref/eprefnanobot.go:291.17,293.4 1 0
github.com/MikeAustin71/errprefops/errpref/eprefnanobot.go:295.46,301.18 2 1
github.com/MikeAustin71/errprefops/errpref/eprefnanobot.go:305.4,305.12 1 1
github.com/MikeAustin71/errprefops/errpref/eprefnanobot.go:301.18,303.5 1 0
github.com/MikeAustin71/errprefops/errpref/eprefnanobot.go:306.9,312.18 2 1
github.com/MikeAustin71/errprefops/errpref/eprefnanobot.go:312.18,314.5 1 0
github.com/MikeAustin71/errprefops/errpref/eprefnanobot.go:319.50,324.3 1 1
github.com/MikeAustin71/errprefops/errpref/eprefnanobot.go:326.37,328.3 1 1
github.com/MikeAustin71/errprefops/errpref/eprefnanobot.go:330.30,332.3 1 1
github.com/MikeAustin71/errprefops/errpref/eprefnanobot.go:342.58,344.30 1 1
github.com/MikeAustin71/errprefops/errpref/eprefnanobot.go:348.2,352.26 3 1
github.com/MikeAustin71/errprefops/errpref/eprefnanobot.go:344.30,346.3 1 1
github.com/MikeAustin71/errprefops/errpref/eprefnanobot.go:404.41,406.30 1 1
github.com/MikeAustin71/errprefops/errpref/eprefnanobot.go:410.2,424.22 5 1
github.com/MikeAustin71/errprefops/errpref/eprefnanobot.go:428.2,428.32 1 1
github.com/MikeAustin71/errprefops/errpref/eprefnanobot.go:432.2,434.24 2 1
github.com/MikeAustin71/errprefops/errpref/eprefnanobot.go:438.2,443.8 3 1
github.com/MikeAustin71/errprefops/errpref/eprefnanobot.go:406.30,408.3 1 1
github.com/MikeAustin71/errprefops/errpref/eprefnanobot.go:424.22,426.3 1 1
github.com/MikeAustin71/errprefops/errpref/eprefnanobot.go:428.32,430.3 1 1
github.com/MikeAustin71/errprefops/errpref/eprefnanobot.go:434.24,436.3 1 1
github.com/MikeAustin71/errprefops/errpref/errprefixdelimiterselectron.go:74.24,76.37 1 1
github.com/MikeAustin71/errprefops/errpref/errprefixdelimiterselectron.go:80.2,86.29 4 1
github.com/MikeAustin71/errprefops/errpref/errprefixdelimiterselectron.go:94.2,94.31 1 1
github.com/MikeAustin71/errprefops/errpref/errprefixdelimiterselectron.go:102.2,109.16 2 1
github.com/MikeAustin71/errprefops/errpref/errprefixdelimiterselectron.go:113.2,137.12 9 1
github.com/MikeAustin71/errprefops/errpref/errprefixdelimiterselectron.go:76.37,78.3 1 1
github.com/MikeAustin71/errprefops/errpref/errprefixdelimiterselectron.go:86.29,92.3 1 1
github.com/MikeAustin71/errprefops/errpref/errprefixdelimiterselectron.go:94.31,99.3 1 1
github.com/MikeAustin71/errprefops/errpref/errprefixdelimiterselectron.go:109.16,111.3 1 1
github.com/MikeAustin71/errprefops/errpref/errprefixdelimiterselectron.go:187.9,189.37 1 1
github.com/MikeAustin71/errprefops/errpref/errprefixdelimiterselectron.go:193.2,201.23 5 1
github.com/MikeAustin71/errprefops/errpref/errprefixdelimiterselectron.go:210.2,219.16 3 1
github.com/MikeAustin71/errprefops/errpref/errprefixdelimiterselectron.go:223.2,249.27 10 1
github.com/MikeAustin71/errprefops/errpref/errprefixdelimiterselectron.go:189.37,191.3 1 1
github.com/MikeAustin71/errprefops/errpref/errprefixdelimiterselectron.go:201.23,208.3 1 1
github.com/MikeAustin71/errprefops/errpref/errprefixdelimiterselectron.go:219.16,221.3 1 1
github.com/MikeAustin71/errprefops/errpref/errprefixdelimiterselectron.go:310.13,312.37 1 1
github.com/MikeAustin71/errprefops/errpref/errprefixdelimiterselectron.go:316.2,324.26 5 1
github.com/MikeAustin71/errprefops/errpref/errprefixdelimiterselectron.go:333.2,333.26 1 1
github.com/MikeAustin71/errprefops/errpref/errprefixdelimiterselectron.go:342.2,343.39 1 1
github.com/MikeAustin71/errprefops/errpref/errprefixdelimiterselectron.go:348.2,349.42 1 1
github.com/MikeAustin71/errprefops/errpref/errprefixdelimiterselectron.go:354.2,355.40 1 1
github.com/MikeAustin71/errprefops/errpref/errprefixdelimiterselectron.go:360.2,361.43 1 1
github.com/MikeAustin71/errprefops/errpref/errprefixdelimiterselectron.go:366.2,367.40 1 1
github.com/MikeAustin71/errprefops/errpref/errprefixdelimiterselectron.go:372.2,373.43 1 1
github.com/MikeAustin71/errprefops/errpref/errprefixdelimiterselectron.go:378.2,379.41 1 1
github.com/MikeAustin71/errprefops/errpref/errprefixdelimiterselectron.go:384.2,385.44 1 1
github.com/MikeAustin71/errprefops/errpref/errprefixdelimiterselectron.go:390.2,392.22 2 1
github.com/MikeAustin71/errprefops/errpref/errprefixdelimiterselectron.go:312.37,314.3 1 1
github.com/MikeAustin71/errprefops/errpref/errprefixdelimiterselectron.go:324.26,331.3 2 1
github.com/MikeAustin71/errprefops/errpref/errprefixdelimiterselectron.go:333.26,340.3 2 1
github.com/MikeAustin71/errprefops/errpref/errprefixdelimiterselectron.go:343.39,346.3 1 1
github.com/MikeAustin71/errprefops/errpref/errprefixdelimiterselectron.go:349.42,352.3 1 1
github.com/MikeAustin71/errprefops/errpref/errprefixdelimiterselectron.go:355.40,358.3 1 1
github.com/MikeAustin71/errprefops/errpref/errprefixdelimiterselectron.go:361.43,364.3 1 1
github.com/MikeAustin71/errprefops/errpref/errprefixdelimiterselectron.go:367.40,370.3 1 1
github.com/MikeAustin71/errprefops/errpref/errprefixdelimiterselectron.go:373.43,376.3 1 1
github.com/MikeAustin71/errprefops/errpref/errprefixdelimiterselectron.go:379.41,382.3 1 1
github.com/MikeAustin71/errprefops/errpref/errprefixdelimiterselectron.go:385.44,388.3 1 1
github.com/MikeAustin71/errprefops/errpref/errprefixdelimiterselectron.go:397.91,399.37 1 1
github.com/MikeAustin71/errprefops/errpref/errprefixdelimiterselectron.go:403.2,409.3 3 1
github.com/MikeAustin71/errprefops/errpref/errprefixdelimiterselectron.go:399.37,401.3 1 1
github.com/MikeAustin71/errprefops/errpref/errprefixdelimitersquark.go:19.13,21.34 1 1
github.com/MikeAustin71/errprefops/errpref/errprefixdelimitersquark.go:25.2,31.23 4 1
github.com/MikeAustin71/errprefops/errpref/errprefixdelimitersquark.go:40.2,49.12 9 1
github.com/MikeAustin71/errprefops/errpref/errprefixdelimitersquark.go:21.34,23.3 1 1
github.com/MikeAustin71/errprefops/errpref/errprefixdelimitersquark.go:31.23,38.3 2 1
github.com/MikeAustin71/errprefops/errpref/errprefixdelimitersquark.go:54.82,56.34 1 1
github.com/MikeAustin71/errprefops/errpref/errprefixdelimitersquark.go:60.2,66.3 3 1
github.com/MikeAustin71/errprefops/errpref/errprefixdelimitersquark.go:56.34,58.3 1 1
github.com/MikeAustin71/errprefops/errpref/errprefixdelimitersquark.go:116.13,118.34 1 1
github.com/MikeAustin71/errprefops/errpref/errprefixdelimitersquark.go:122.2,129.23 5 1
github.com/MikeAustin71/errprefops/errpref/errprefixdelimitersquark.go:138.2,141.46 2 1
github.com/MikeAustin71/errprefops/errpref/errprefixdelimitersquark.go:151.2,154.47 2 1
github.com/MikeAustin71/errprefops/errpref/errprefixdelimitersquark.go:164.2,167.47 2 1
github.com/MikeAustin71/errprefops/errpref/errprefixdelimitersquark.go:177.2,180.48 2 1
github.com/MikeAustin71/errprefops/errpref/errprefixdelimitersquark.go:190.2,192.21 2 1
github.com/MikeAustin71/errprefops/errpref/errprefixdelimitersquark.go:118.34,120.3 1 1
github.com/MikeAustin71/errprefops/errpref/errprefixdelimitersquark.go:129.23,136.3 2 1
github.com/MikeAustin71/errprefops/errpref/errprefixdelimitersquark.go:141.46,149.3 2 1
github.com/MikeAustin71/errprefops/errpref/errprefixdelimitersquark.go:154.47,162.3 2 1
github.com/MikeAustin71/errprefops/errpref/errprefixdelimitersquark.go:167.47,175.3 2 1
github.com/MikeAustin71/errprefops/errpref/errprefixdelimitersquark.go:180.48,188.3 2 1
github.com/MikeAustin71/errprefops/errpref/errprefixdto.go:56.28,58.26 1 1
github.com/MikeAustin71/errprefops/errpref/errprefixdto.go:62.2,69.6 3 1
github.com/MikeAustin71/errprefops/errpref/errprefixdto.go:58.26,60.3 1 1
github.com/MikeAustin71/errprefops/errpref/errprefixdto.go:113.37,115.26 1 1
github.com/MikeAustin71/errprefops/errpref/errprefixdto.go:119.2,125.40 4 1
github.com/MikeAustin71/errprefops/errpref/errprefixdto.go:129.2,145.38 6 1
github.com/MikeAustin71/errprefops/errpref/errprefixdto.go:115.26,117.3 1 1
github.com/MikeAustin71/errprefops/errpref/errprefixdto.go:125.40,127.3 1 0
github.com/MikeAustin71/errprefops/errpref/errprefixdto.go:172.53,174.26 1 1
github.com/MikeAustin71/errprefops/errpref/errprefixdto.go:178.2,182.30 3 1
github.com/MikeAustin71/errprefops/errpref/errprefixdto.go:174.26,176.3 1 1
github.com/MikeAustin71/errprefops/errpref/errprefixdto.go:209.54,211.26 1 1
github.com/MikeAustin71/errprefops/errpref/errprefixdto.go:215.2,219.31 3 1
github.com/MikeAustin71/errprefops/errpref/errprefixdto.go:211.26,213.3 1 1
github.com/MikeAustin71/errprefops/errpref/errprefixdto.go:244.51,246.26 1 1
github.com/MikeAustin71/errprefops/errpref/errprefixdto.go:250.2,260.24 4 1
github.com/MikeAustin71/errprefops/errpref/errprefixdto.go:246.26,248.3 1 1
github.com/MikeAustin71/errprefops/errpref/errprefixdto.go:285.55,287.26 1 1
github.com/MikeAustin71/errprefops/errpref/errprefixdto.go:291.2,301.24 4 1
github.com/MikeAustin71/errprefops/errpref/errprefixdto.go:287.26,289.3 1 1
github.com/MikeAustin71/errprefops/errpref/errprefixdto.go:352.21,354.26 1 1
github.com/MikeAustin71/errprefops/errpref/errprefixdto.go:358.2,368.9 4 1
github.com/MikeAustin71/errprefops/errpref/errprefixdto.go:354.26,356.3 1 1
github.com/MikeAustin71/errprefops/errpref/errprefixdto.go:418.21,420.26 1 1
github.com/MikeAustin71/errprefops/errpref/errprefixdto.go:424.2,436.12 5 1
github.com/MikeAustin71/errprefops/errpref/errprefixdto.go:420.26,422.3 1 1
github.com/MikeAustin71/errprefops/errpref/errprefixdto.go:464.40,466.26 1 1
github.com/MikeAustin71/errprefops/errpref/errprefixdto.go:470.2,481.16 4 1
github.com/MikeAustin71/errprefops/errpref/errprefixdto.go:466.26,468.3 1 1
github.com/MikeAustin71/errprefops/errpref/errprefixdto.go:523.9,525.26 1 1
github.com/MikeAustin71/errprefops/errpref/errprefixdto.go:529.2,538.9 4 1
github.com/MikeAustin71/errprefops/errpref/errprefixdto.go:525.26,527.3 1 1
github.com/MikeAustin71/errprefops/errpref/errprefixdto.go:576.26,578.26 1 1
github.com/MikeAustin71/errprefops/errpref/errprefixdto.go:582.2,591.26 4 1
github.com/MikeAustin71/errprefops/errpref/errprefixdto.go:578.26,580.3 1 1
github.com/MikeAustin71/errprefops/errpref/errprefixdto.go:603.39,605.26 1 1
github.com/MikeAustin71/errprefops/errpref/errprefixdto.go:609.2,618.21 4 1
github.com/MikeAustin71/errprefops/errpref/errprefixdto.go:605.26,607.3 1 1
github.com/MikeAustin71/errprefops/errpref/errprefixdto.go:632.54,634.26 1 1
github.com/MikeAustin71/errprefops/errpref/errprefixdto.go:638.2,644.6 3 1
github.com/MikeAustin71/errprefops/errpref/errprefixdto.go:634.26,636.3 1 1
github.com/MikeAustin71/errprefops/errpref/errprefixdto.go:675.34,677.26 1 1
github.com/MikeAustin71/errprefops/errpref/errprefixdto.go:681.2,687.15 3 1
github.com/MikeAustin71/errprefops/errpref/errprefixdto.go:677.26,679.3 1 1
github.com/MikeAustin71/errprefops/errpref/errprefixdto.go:712.78,714.26 1 1
github.com/MikeAustin71/errprefops/errpref/errprefixdto.go:718.2,729.20 5 1
github.com/MikeAustin71/errprefops/errpref/errprefixdto.go:714.26,716.3 1 1
github.com/MikeAustin71/errprefops/errpref/errprefixdto.go:765.73,767.26 1 1
github.com/MikeAustin71/errprefops/errpref/errprefixdto.go:771.2,775.49 3 1
github.com/MikeAustin71/errprefops/errpref/errprefixdto.go:767.26,769.3 1 1
github.com/MikeAustin71/errprefops/errpref/errprefixdto.go:827.13,829.26 1 1
github.com/MikeAustin71/errprefops/errpref/errprefixdto.go:833.2,844.22 7 1
github.com/MikeAustin71/errprefops/errpref/errprefixdto.go:848.2,854.44 3 1
github.com/MikeAustin71/errprefops/errpref/errprefixdto.go:829.26,831.3 1 1
github.com/MikeAustin71/errprefops/errpref/errprefixdto.go:844.22,846.3 1 1
github.com/MikeAustin71/errprefops/errpref/errprefixdto.go:877.58,879.26 1 1
github.com/MikeAustin71/errprefops/errpref/errprefixdto.go:883.2,887.32 3 1
github.com/MikeAustin71/errprefops/errpref/errprefixdto.go:879.26,881.3 1 1
github.com/MikeAustin71/errprefops/errpref/errprefixdto.go:907.56,909.26 1 1
github.com/MikeAustin71/errprefops/errpref/errprefixdto.go:913.2,917.32 3 1
github.com/MikeAustin71/errprefops/errpref/errprefixdto.go:909.26,911.3 1 1
github.com/MikeAustin71/errprefops/errpref/errprefixdto.go:928.57,930.26 1 1
github.com/MikeAustin71/errprefops/errpref/errprefixdto.go:934.2,938.34 3 1
github.com/MikeAustin71/errprefops/errpref/errprefixdto.go:930.26,932.3 1 1
github.com/MikeAustin71/errprefops/errpref/errprefixdto.go:945.70,947.26 1 1
github.com/MikeAustin71/errprefops/errpref/errprefixdto.go:951.2,959.22 5 1
github.com/MikeAustin71/errprefops/errpref/errprefixdto.go:964.2,970.33 3 1
github.com/MikeAustin71/errprefops/errpref/errprefixdto.go:947.26,949.3 1 1
github.com/MikeAustin71/errprefops/errpref/errprefixdto.go:959.22,962.3 2 1
github.com/MikeAustin71/errprefops/errpref/errprefixdto.go:994.59,996.26 1 1
github.com/MikeAustin71/errprefops/errpref/errprefixdto.go:1000.2,1004.30 3 1
github.com/MikeAustin71/errprefops/errpref/errprefixdto.go:1009.2,1009.31 1 1
github.com/MikeAustin71/errprefops/errpref/errprefixdto.go:996.26,998.3 1 1
github.com/MikeAustin71/errprefops/errpref/errprefixdto.go:1004.30,1007.3 1 1
github.com/MikeAustin71/errprefops/errpref/errprefixdto.go:1019.61,1021.26 1 1
github.com/MikeAustin71/errprefops/errpref/errprefixdto.go:1025.2,1035.21 4 1
github.com/MikeAustin71/errprefops/errpref/errprefixdto.go:1021.26,1023.3 1 1
github.com/MikeAustin71/errprefops/errpref/errprefixdto.go:1070.56,1072.26 1 1
github.com/MikeAustin71/errprefops/errpref/errprefixdto.go:1076.2,1083.58 4 1
github.com/MikeAustin71/errprefops/errpref/errprefixdto.go:1090.2,1090.44 1 1
github.com/MikeAustin71/errprefops/errpref/errprefixdto.go:1072.26,1074.3 1 1
github.com/MikeAustin71/errprefops/errpref/errprefixdto.go:1083.58,1088.3 1 1
github.com/MikeAustin71/errprefops/errpref/errprefixdto.go:1127.63,1129.26 1 1
github.com/MikeAustin71/errprefops/errpref/errprefixdto.go:1133.2,1138.32 3 1
github.com/MikeAustin71/errprefops/errpref/errprefixdto.go:1129.26,1131.3 1 1
github.com/MikeAustin71/errprefops/errpref/errprefixdto.go:1166.79,1168.26 1 1
github.com/MikeAustin71/errprefops/errpref/errprefixdto.go:1172.2,1183.21 5 1
github.com/MikeAustin71/errprefops/errpref/errprefixdto.go:1168.26,1170.3 1 1
github.com/MikeAustin71/errprefops/errpref/errprefixdto.go:1216.43,1218.26 1 1
github.com/MikeAustin71/errprefops/errpref/errprefixdto.go:1222.2,1237.48 6 1
github.com/MikeAustin71/errprefops/errpref/errprefixdto.go:1218.26,1220.3 1 1
github.com/MikeAustin71/errprefops/errpref/errprefixdto.go:1260.59,1262.26 1 1
github.com/MikeAustin71/errprefops/errpref/errprefixdto.go:1266.2,1270.33 3 1
github.com/MikeAustin71/errprefops/errpref/errprefixdto.go:1262.26,1264.3 1 1
github.com/MikeAustin71/errprefops/errpref/errprefixdto.go:1291.60,1293.26 1 1
github.com/MikeAustin71/errprefops/errpref/errprefixdto.go:1297.2,1301.36 3 1
github.com/MikeAustin71/errprefops/errpref/errprefixdto.go:1293.26,1295.3 1 1
github.com/MikeAustin71/errprefops/errpref/errprefixdto.go:1337.54,1339.26 1 1
github.com/MikeAustin71/errprefops/errpref/errprefixdto.go:1343.2,1353.16 4 1
github.com/MikeAustin71/errprefops/errpref/errprefixdto.go:1339.26,1341.3 1 1
github.com/MikeAustin71/errprefops/errpref/errprefixdto.go:1391.24,1393.26 1 1
github.com/MikeAustin71/errprefops/errpref/errprefixdto.go:1397.2,1409.12 5 1
github.com/MikeAustin71/errprefops/errpref/errprefixdto.go:1393.26,1395.3 1 1
github.com/MikeAustin71/errprefops/errpref/errprefixdto.go:1421.38,1423.26 1 1
github.com/MikeAustin71/errprefops/errpref/errprefixdto.go:1427.2,1431.33 3 1
github.com/MikeAustin71/errprefops/errpref/errprefixdto.go:1435.2,1438.25 2 1
github.com/MikeAustin71/errprefops/errpref/errprefixdto.go:1442.2,1447.21 2 1
github.com/MikeAustin71/errprefops/errpref/errprefixdto.go:1423.26,1425.3 1 1
github.com/MikeAustin71/errprefops/errpref/errprefixdto.go:1431.33,1433.3 1 1
github.com/MikeAustin71/errprefops/errpref/errprefixdto.go:1438.25,1440.3 1 1
github.com/MikeAustin71/errprefops/errpref/errprefixdto.go:1472.49,1474.26 1 1
github.com/MikeAustin71/errprefops/errpref/errprefixdto.go:1478.2,1485.24 4 1
github.com/MikeAustin71/errprefops/errpref/errprefixdto.go:1474.26,1476.3 1 1
github.com/MikeAustin71/errprefops/errpref/errprefixdto.go:1541.37,1543.26 1 1
github.com/MikeAustin71/errprefops/errpref/errprefixdto.go:1547.2,1562.24 6 1
github.com/MikeAustin71/errprefops/errpref/errprefixdto.go:1543.26,1545.3 1 1
github.com/MikeAustin71/errprefops/errpref/errprefixdto.go:1623.36,1625.26 1 1
github.com/MikeAustin71/errprefops/errpref/errprefixdto.go:1629.2,1646.24 7 1
github.com/MikeAustin71/errprefops/errpref/errprefixdto.go:1625.26,1627.3 1 1
github.com/MikeAustin71/errprefops/errpref/errprefixdto.go:1697.32,1699.26 1 1
github.com/MikeAustin71/errprefops/errpref/errprefixdto.go:1703.2,1718.55 6 1
github.com/MikeAustin71/errprefops/errpref/errprefixdto.go:1699.26,1701.3 1 1
github.com/MikeAustin71/errprefops/errpref/errprefixdto.go:1806.13,1808.26 1 1
github.com/MikeAustin71/errprefops/errpref/errprefixdto.go:1812.2,1825.24 6 1
github.com/MikeAustin71/errprefops/errpref/errprefixdto.go:1833.2,1833.16 1 1
github.com/MikeAustin71/errprefops/errpref/errprefixdto.go:1855.2,1857.26 2 1
github.com/MikeAustin71/errprefops/errpref/errprefixdto.go:1865.2,1873.27 3 1
github.com/MikeAustin71/errprefops/errpref/errprefixdto.go:1808.26,1810.3 1 1
github.com/MikeAustin71/errprefops/errpref/errprefixdto.go:1825.24,1831.3 2 1
github.com/MikeAustin71/errprefops/errpref/errprefixdto.go:1833.16,1839.17 3 1
github.com/MikeAustin71/errprefops/errpref/errprefixdto.go:1843.3,1849.17 2 1
github.com/MikeAustin71/errprefops/errpref/errprefixdto.go:1839.17,1841.4 1 0
github.com/MikeAustin71/errprefops/errpref/errprefixdto.go:1849.17,1851.4 1 0
github.com/MikeAustin71/errprefops/errpref/errprefixdto.go:1857.26,1863.3 2 1
github.com/MikeAustin71/errprefops/errpref/errprefixdto.go:1907.36,1909.26 1 1
github.com/MikeAustin71/errprefops/errpref/errprefixdto.go:1913.2,1924.29 6 1
github.com/MikeAustin71/errprefops/errpref/errprefixdto.go:1928.2,1930.24 2 1
github.com/MikeAustin71/errprefops/errpref/errprefixdto.go:1909.26,1911.3 1 1
github.com/MikeAustin71/errprefops/errpref/errprefixdto.go:1924.29,1926.3 1 1
github.com/MikeAustin71/errprefops/errpref/errprefixdto.go:2093.40,2095.26 1 1
github.com/MikeAustin71/errprefops/errpref/errprefixdto.go:2099.2,2114.16 6 1
github.com/MikeAustin71/errprefops/errpref/errprefixdto.go:2118.2,2124.16 2 1
github.com/MikeAustin71/errprefops/errpref/errprefixdto.go:2128.2,2146.29 6 1
github.com/MikeAustin71/errprefops/errpref/errprefixdto.go:2095.26,2097.3 1 1
github.com/MikeAustin71/errprefops/errpref/errprefixdto.go:2114.16,2116.3 1 1
github.com/MikeAustin71/errprefops/errpref/errprefixdto.go:2124.16,2126.3 1 1
github.com/MikeAustin71/errprefops/errpref/errprefixdto.go:2229.9,2231.26 1 1
github.com/MikeAustin71/errprefops/errpref/errprefixdto.go:2235.2,2251.16 6 1
github.com/MikeAustin71/errprefops/errpref/errprefixdto.go:2255.2,2255.27 1 1
github.com/MikeAustin71/errprefops/errpref/errprefixdto.go:2267.2,2267.29 1 1
github.com/MikeAustin71/errprefops/errpref/errprefixdto.go:2231.26,2233.3 1 1
github.com/MikeAustin71/errprefops/errpref/errprefixdto.go:2251.16,2253.3 1 0
github.com/MikeAustin71/errprefops/errpref/errprefixdto.go:2255.27,2265.3 2 1
github.com/MikeAustin71/errprefops/errpref/errprefixdto.go:2391.9,2393.26 1 1
github.com/MikeAustin71/errprefops/errpref/errprefixdto.go:2397.2,2413.16 6 1
github.com/MikeAustin71/errprefops/errpref/errprefixdto.go:2417.2,2417.28 1 1
github.com/MikeAustin71/errprefops/errpref/errprefixdto.go:2421.2,2429.29 3 1
github.com/MikeAustin71/errprefops/errpref/errprefixdto.go:2393.26,2395.3 1 1
github.com/MikeAustin71/errprefops/errpref/errprefixdto.go:2413.16,2415.3 1 1
github.com/MikeAustin71/errprefops/errpref/errprefixdto.go:2417.28,2419.3 1 1
github.com/MikeAustin71/errprefops/errpref/errprefixdto.go:2616.9,2618.26 1 1
github.com/MikeAustin71/errprefops/errpref/errprefixdto.go:2622.2,2638.16 6 1
github.com/MikeAustin71/errprefops/errpref/errprefixdto.go:2642.2,2648.16 2 1
github.com/MikeAustin71/errprefops/errpref/errprefixdto.go:2652.2,2658.16 2 1
github.com/MikeAustin71/errprefops/errpref/errprefixdto.go:2662.2,2662.27 1 1
github.com/MikeAustin71/errprefops/errpref/errprefixdto.go:2674.2,2674.29 1 1
github.com/MikeAustin71/errprefops/errpref/errprefixdto.go:2618.26,2620.3 1 1
github.com/MikeAustin71/errprefops/errpref/errprefixdto.go:2638.16,2640.3 1 1
github.com/MikeAustin71/errprefops/errpref/errprefixdto.go:2648.16,2650.3 1 1
github.com/MikeAustin71/errprefops/errpref/errprefixdto.go:2658.16,2660.3 1 1
github.com/MikeAustin71/errprefops/errpref/errprefixdto.go:2662.27,2672.3 2 1
github.com/MikeAustin71/errprefops/errpref/errprefixdto.go:2697.50,2699.26 1 1
github.com/MikeAustin71/errprefops/errpref/errprefixdto.go:2703.2,2710.24 4 1
github.com/MikeAustin71/errprefops/errpref/errprefixdto.go:2699.26,2701.3 1 1
github.com/MikeAustin71/errprefops/errpref/errprefixdto.go:2766.13,2768.26 1 1
github.com/MikeAustin71/errprefops/errpref/errprefixdto.go:2772.2,2781.28 5 1
github.com/MikeAustin71/errprefops/errpref/errprefixdto.go:2789.2,2791.21 2 1
github.com/MikeAustin71/errprefops/errpref/errprefixdto.go:2803.2,2811.12 3 1
github.com/MikeAustin71/errprefops/errpref/errprefixdto.go:2768.26,2770.3 1 1
github.com/MikeAustin71/errprefops/errpref/errprefixdto.go:2781.28,2787.3 2 1
github.com/MikeAustin71/errprefops/errpref/errprefixdto.go:2791.21,2798.17 2 1
github.com/MikeAustin71/errprefops/errpref/errprefixdto.go:2798.17,2800.4 1 0
github.com/MikeAustin71/errprefops/errpref/errprefixdto.go:2860.24,2862.26 1 1
github.com/MikeAustin71/errprefops/errpref/errprefixdto.go:2866.2,2873.33 4 1
github.com/MikeAustin71/errprefops/errpref/errprefixdto.go:2877.2,2877.29 1 1
github.com/MikeAustin71/errprefops/errpref/errprefixdto.go:2885.2,2888.22 1 1
github.com/MikeAustin71/errprefops/errpref/errprefixdto.go:2862.26,2864.3 1 1
github.com/MikeAustin71/errprefops/errpref/errprefixdto.go:2873.33,2875.3 1 1
github.com/MikeAustin71/errprefops/errpref/errprefixdto.go:2877.29,2883.3 2 1
github.com/MikeAustin71/errprefops/errpref/errprefixdto.go:2908.45,2910.26 1 1
github.com/MikeAustin71/errprefops/errpref/errprefixdto.go:2914.2,2920.24 4 1
github.com/MikeAustin71/errprefops/errpref/errprefixdto.go:2924.2,2928.8 2 1
github.com/MikeAustin71/errprefops/errpref/errprefixdto.go:2910.26,2912.3 1 1
github.com/MikeAustin71/errprefops/errpref/errprefixdto.go:2920.24,2922.3 1 1
github.com/MikeAustin71/errprefops/errpref/errprefixdto.go:2968.23,2970.26 1 1
github.com/MikeAustin71/errprefops/errpref/errprefixdto.go:2974.2,2989.8 6 1
github.com/MikeAustin71/errprefops/errpref/errprefixdto.go:2970.26,2972.3 1 1
github.com/MikeAustin71/errprefops/errpref/errprefixdto.go:3021.40,3023.26 1 1
github.com/MikeAustin71/errprefops/errpref/errprefixdto.go:3027.2,3040.25 6 1
github.com/MikeAustin71/errprefops/errpref/errprefixdto.go:3044.2,3044.45 1 1
github.com/MikeAustin71/errprefops/errpref/errprefixdto.go:3023.26,3025.3 1 1
github.com/MikeAustin71/errprefops/errpref/errprefixdto.go:3040.25,3042.3 1 1
github.com/MikeAustin71/errprefops/errpref/errprefixdto.go:3091.24,3093.26 1 1
github.com/MikeAustin71/errprefops/errpref/errprefixdto.go:3097.2,3112.8 6 1
github.com/MikeAustin71/errprefops/errpref/errprefixdto.go:3093.26,3095.3 1 1
github.com/MikeAustin71/errprefops/errpref/errprefixdto.go:3167.23,3169.26 1 1
github.com/MikeAustin71/errprefops/errpref/errprefixdto.go:3173.2,3197.8 9 1
github.com/MikeAustin71/errprefops/errpref/errprefixdto.go:3169.26,3171.3 1 1
github.com/MikeAustin71/errprefops/errpref/errprefixdto.go:3224.28,3226.26 1 1
github.com/MikeAustin71/errprefops/errpref/errprefixdto.go:3230.2,3234.28 3 1
github.com/MikeAustin71/errprefops/errpref/errprefixdto.go:3238.2,3250.6 4 1
github.com/MikeAustin71/errprefops/errpref/errprefixdto.go:3226.26,3228.3 1 1
github.com/MikeAustin71/errprefops/errpref/errprefixdto.go:3234.28,3236.3 1 1
github.com/MikeAustin71/errprefops/errpref/errprefixdto.go:3301.24,3303.26 1 1
github.com/MikeAustin71/errprefops/errpref/errprefixdto.go:3307.2,3321.12 5 1
github.com/MikeAustin71/errprefops/errpref/errprefixdto.go:3303.26,3305.3 1 1
github.com/MikeAustin71/errprefops/errpref/errprefixdto.go:3373.34,3375.26 1 1
github.com/MikeAustin71/errprefops/errpref/errprefixdto.go:3379.2,3393.22 5 1
github.com/MikeAustin71/errprefops/errpref/errprefixdto.go:3375.26,3377.3 1 1
github.com/MikeAustin71/errprefops/errpref/errprefixdto.go:3492.34,3494.26 1 1
github.com/MikeAustin71/errprefops/errpref/errprefixdto.go:3498.2,3514.12 6 1
github.com/MikeAustin71/errprefops/errpref/errprefixdto.go:3494.26,3496.3 1 1
github.com/MikeAustin71/errprefops/errpref/errprefixdto.go:3545.24,3547.26 1 1
github.com/MikeAustin71/errprefops/errpref/errprefixdto.go:3551.2,3567.12 6 1
github.com/MikeAustin71/errprefops/errpref/errprefixdto.go:3547.26,3549.3 1 1
github.com/MikeAustin71/errprefops/errpref/errprefixdto.go:3603.40,3605.26 1 1
github.com/MikeAustin71/errprefops/errpref/errprefixdto.go:3609.2,3617.34 4 1
github.com/MikeAustin71/errprefops/errpref/errprefixdto.go:3605.26,3607.3 1 1
github.com/MikeAustin71/errprefops/errpref/errprefixdto.go:3651.25,3653.26 1 1
github.com/MikeAustin71/errprefops/errpref/errprefixdto.go:3657.2,3661.42 3 1
github.com/MikeAustin71/errprefops/errpref/errprefixdto.go:3653.26,3655.3 1 1
github.com/MikeAustin71/errprefops/errpref/errprefixdto.go:3726.28,3728.26 1 1
github.com/MikeAustin71/errprefops/errpref/errprefixdto.go:3732.2,3739.47 4 1
github.com/MikeAustin71/errprefops/errpref/errprefixdto.go:3728.26,3730.3 1 1
github.com/MikeAustin71/errprefops/errpref/errprefixdto.go:3803.24,3805.26 1 1
github.com/MikeAustin71/errprefops/errpref/errprefixdto.go:3809.2,3813.26 3 1
github.com/MikeAustin71/errprefops/errpref/errprefixdto.go:3817.2,3820.46 2 1
github.com/MikeAustin71/errprefops/errpref/errprefixdto.go:3805.26,3807.3 1 1
github.com/MikeAustin71/errprefops/errpref/errprefixdto.go:3813.26,3815.3 1 1
github.com/MikeAustin71/errprefops/errpref/errprefixdto.go:3859.34,3861.26 1 1
github.com/MikeAustin71/errprefops/errpref/errprefixdto.go:3865.2,3880.12 6 1
github.com/MikeAustin71/errprefops/errpref/errprefixdto.go:3887.2,3888.34 1 1
github.com/MikeAustin71/errprefops/errpref/errprefixdto.go:3861.26,3863.3 1 1
github.com/MikeAustin71/errprefops/errpref/errprefixdto.go:3880.12,3885.3 1 1
github.com/MikeAustin71/errprefops/errpref/errprefixdto.go:3898.60,3900.26 1 1
github.com/MikeAustin71/errprefops/errpref/errprefixdto.go:3904.2,3912.59 4 1
github.com/MikeAustin71/errprefops/errpref/errprefixdto.go:3900.26,3902.3 1 1
github.com/MikeAustin71/errprefops/errpref/errprefixdto.go:3942.24,3944.26 1 1
github.com/MikeAustin71/errprefops/errpref/errprefixdto.go:3948.2,3963.12 6 1
github.com/MikeAustin71/errprefops/errpref/errprefixdto.go:3944.26,3946.3 1 1
github.com/MikeAustin71/errprefops/errpref/errprefixdto.go:4021.59,4023.26 1 1
github.com/MikeAustin71/errprefops/errpref/errprefixdto.go:4027.2,4036.45 5 1
github.com/MikeAustin71/errprefops/errpref/errprefixdto.go:4023.26,4025.3 1 1
github.com/MikeAustin71/errprefops/errpref/errprefixdto.go:4067.26,4069.26 1 1
github.com/MikeAustin71/errprefops/errpref/errprefixdto.go:4073.2,4077.44 3 1
github.com/MikeAustin71/errprefops/errpref/errprefixdto.go:4069.26,4071.3 1 1
github.com/MikeAustin71/errprefops/errpref/errprefixdto.go:4099.27,4101.26 1 1
github.com/MikeAustin71/errprefops/errpref/errprefixdto.go:4105.2,4113.21 4 1
github.com/MikeAustin71/errprefops/errpref/errprefixdto.go:4101.26,4103.3 1 1
github.com/MikeAustin71/errprefops/errpref/errprefixdto.go:4163.46,4165.26 1 1
github.com/MikeAustin71/errprefops/errpref/errprefixdto.go:4169.2,4174.31 3 1
github.com/MikeAustin71/errprefops/errpref/errprefixdto.go:4178.2,4181.58 2 1
github.com/MikeAustin71/errprefops/errpref/errprefixdto.go:4188.2,4202.35 4 1
github.com/MikeAustin71/errprefops/errpref/errprefixdto.go:4222.2,4222.18 1 1
github.com/MikeAustin71/errprefops/errpref/errprefixdto.go:4165.26,4167.3 1 1
github.com/MikeAustin71/errprefops/errpref/errprefixdto.go:4174.31,4176.3 1 1
github.com/MikeAustin71/errprefops/errpref/errprefixdto.go:4181.58,4186.3 1 0
github.com/MikeAustin71/errprefops/errpref/errprefixdto.go:4202.35,4205.34 2 1
github.com/MikeAustin71/errprefops/errpref/errprefixdto.go:4209.3,4218.32 4 1
github.com/MikeAustin71/errprefops/errpref/errprefixdto.go:4205.34,4207.4 1 1
github.com/MikeAustin71/errprefops/errpref/errprefixdto.go:4266.25,4268.26 1 1
github.com/MikeAustin71/errprefops/errpref/errprefixdto.go:4272.2,4285.31 6 1
github.com/MikeAustin71/errprefops/errpref/errprefixdto.go:4303.2,4304.31 1 1
github.com/MikeAustin71/errprefops/errpref/errprefixdto.go:4308.2,4318.22 2 1
github.com/MikeAustin71/errprefops/errpref/errprefixdto.go:4268.26,4270.3 1 1
github.com/MikeAustin71/errprefops/errpref/errprefixdto.go:4285.31,4287.72 1 1
github.com/MikeAustin71/errprefops/errpref/errprefixdto.go:4294.3,4295.39 1 1
github.com/MikeAustin71/errprefops/errpref/errprefixdto.go:4287.72,4292.4 1 0
github.com/MikeAustin71/errprefops/errpref/errprefixdto.go:4297.8,4301.3 1 1
github.com/MikeAustin71/errprefops/errpref/errprefixdto.go:4304.31,4306.3 1 1
github.com/MikeAustin71/errprefops/errpref/errprefixdto.go:4376.38,4378.26 1 1
github.com/MikeAustin71/errprefops/errpref/errprefixdto.go:4382.2,4396.34 5 1
github.com/MikeAustin71/errprefops/errpref/errprefixdto.go:4400.2,4400.29 1 1
github.com/MikeAustin71/errprefops/errpref/errprefixdto.go:4408.2,4412.19 2 1
github.com/MikeAustin71/errprefops/errpref/errprefixdto.go:4378.26,4380.3 1 1
github.com/MikeAustin71/errprefops/errpref/errprefixdto.go:4396.34,4398.3 1 1
github.com/MikeAustin71/errprefops/errpref/errprefixdto.go:4400.29,4406.3 2 1
github.com/MikeAustin71/errprefops/errpref/errprefixdto.go:4469.38,4471.26 1 1
github.com/MikeAustin71/errprefops/errpref/errprefixdto.go:4475.2,4482.33 4 1
github.com/MikeAustin71/errprefops/errpref/errprefixdto.go:4486.2,4486.29 1 1
github.com/MikeAustin71/errprefops/errpref/errprefixdto.go:4494.2,4498.17 2 1
github.com/MikeAustin71/errprefops/errpref/errprefixdto.go:4471.26,4473.3 1 1
github.com/MikeAustin71/errprefops/errpref/errprefixdto.go:4482.33,4484.3 1 1
github.com/MikeAustin71/errprefops/errpref/errprefixdto.go:4486.29,4492.3 2 1
github.com/MikeAustin71/errprefops/errpref/errprefixdto.go:4522.57,4524.26 1 1
github.com/MikeAustin71/errprefops/errpref/errprefixdto.go:4528.2,4535.33 4 1
github.com/MikeAustin71/errprefops/errpref/errprefixdto.go:4539.2,4543.17 2 1
github.com/MikeAustin71/errprefops/errpref/errprefixdto.go:4524.26,4526.3 1 1
github.com/MikeAustin71/errprefops/errpref/errprefixdto.go:4535.33,4537.3 1 1
github.com/MikeAustin71/errprefops/errpref/errprefixdto.go:4590.37,4592.26 1 1
github.com/MikeAustin71/errprefops/errpref/errprefixdto.go:4596.2,4611.17 6 1
github.com/MikeAustin71/errprefops/errpref/errprefixdto.go:4592.26,4594.3 1 1
github.com/MikeAustin71/errprefops/errpref/errprefixdto.go:4666.38,4668.26 1 1
github.com/MikeAustin71/errprefops/errpref/errprefixdto.go:4672.2,4687.17 6 1
github.com/MikeAustin71/errprefops/errpref/errprefixdto.go:4668.26,4670.3 1 1
github.com/MikeAustin71/errprefops/errpref/errprefixdto.go:4751.37,4753.26 1 1
github.com/MikeAustin71/errprefops/errpref/errprefixdto.go:4757.2,4776.17 8 1
github.com/MikeAustin71/errprefops/errpref/errprefixdto.go:4753.26,4755.3 1 1
github.com/MikeAustin71/errprefops/errpref/errprefixdto.go:4974.41,4976.26 1 1
github.com/MikeAustin71/errprefops/errpref/errprefixdto.go:4980.2,4992.16 6 1
github.com/MikeAustin71/errprefops/errpref/errprefixdto.go:4996.2,4999.16 2 1
github.com/MikeAustin71/errprefops/errpref/errprefixdto.go:5003.2,5008.16 2 1
github.com/MikeAustin71/errprefops/errpref/errprefixdto.go:5012.2,5018.16 2 1
github.com/MikeAustin71/errprefops/errpref/errprefixdto.go:5022.2,5028.16 2 1
github.com/MikeAustin71/errprefops/errpref/errprefixdto.go:5032.2,5050.22 6 1
github.com/MikeAustin71/errprefops/errpref/errprefixdto.go:4976.26,4978.3 1 1
github.com/MikeAustin71/errprefops/errpref/errprefixdto.go:4992.16,4994.3 1 1
github.com/MikeAustin71/errprefops/errpref/errprefixdto.go:4999.16,5001.3 1 1
github.com/MikeAustin71/errprefops/errpref/errprefixdto.go:5008.16,5010.3 1 0
github.com/MikeAustin71/errprefops/errpref/errprefixdto.go:5018.16,5020.3 1 0
github.com/MikeAustin71/errprefops/errpref/errprefixdto.go:5028.16,5030.3 1 0
github.com/MikeAustin71/errprefops/errpref/errprefixdto.go:5110.37,5112.26 1 1
github.com/MikeAustin71/errprefops/errpref/errprefixdto.go:5116.2,5125.32 5 1
github.com/MikeAustin71/errprefops/errpref/errprefixdto.go:5143.2,5149.24 2 1
github.com/MikeAustin71/errprefops/errpref/errprefixdto.go:5112.26,5114.3 1 1
github.com/MikeAustin71/errprefops/errpref/errprefixdto.go:5125.32,5127.30 1 1
github.com/MikeAustin71/errprefops/errpref/errprefixdto.go:5127.30,5132.4 1 1
github.com/MikeAustin71/errprefops/errpref/errprefixdto.go:5132.9,5139.4 1 1
github.com/MikeAustin71/errprefops/errpref/errprefixdto.go:5177.56,5179.26 1 1
github.com/MikeAustin71/errprefops/errpref/errprefixdto.go:5183.2,5190.32 4 1
github.com/MikeAustin71/errprefops/errpref/errprefixdto.go:5198.2,5204.24 2 1
github.com/MikeAustin71/errprefops/errpref/errprefixdto.go:5179.26,5181.3 1 1
github.com/MikeAustin71/errprefops/errpref/errprefixdto.go:5190.32,5196.3 1 1
github.com/MikeAustin71/errprefops/errpref/errprefixdto.go:5255.36,5257.26 1 1
github.com/MikeAustin71/errprefops/errpref/errprefixdto.go:5261.2,5282.24 7 1
github.com/MikeAustin71/errprefops/errpref/errprefixdto.go:5257.26,5259.3 1 1
github.com/MikeAustin71/errprefops/errpref/errprefixdto.go:5342.37,5344.26 1 1
github.com/MikeAustin71/errprefops/errpref/errprefixdto.go:5348.2,5369.24 7 1
github.com/MikeAustin71/errprefops/errpref/errprefixdto.go:5344.26,5346.3 1 1
github.com/MikeAustin71/errprefops/errpref/errprefixdto.go:5436.36,5438.26 1 1
github.com/MikeAustin71/errprefops/errpref/errprefixdto.go:5442.2,5473.24 11 1
github.com/MikeAustin71/errprefops/errpref/errprefixdto.go:5438.26,5440.3 1 1
github.com/MikeAustin71/errprefops/errpref/errprefixdtomechanics.go:15.72,17.30 1 1
github.com/MikeAustin71/errprefops/errpref/errprefixdtomechanics.go:21.2,27.3 3 1
github.com/MikeAustin71/errprefops/errpref/errprefixdtomechanics.go:17.30,19.3 1 1
github.com/MikeAustin71/errprefops/errpref/errprefixdtomechanics.go:45.13,47.30 1 1
github.com/MikeAustin71/errprefops/errpref/errprefixdtomechanics.go:51.2,60.23 5 1
github.com/MikeAustin71/errprefops/errpref/errprefixdtomechanics.go:69.2,71.17 2 1
github.com/MikeAustin71/errprefops/errpref/errprefixdtomechanics.go:75.2,77.30 2 1
github.com/MikeAustin71/errprefops/errpref/errprefixdtomechanics.go:86.2,86.26 1 1
github.com/MikeAustin71/errprefops/errpref/errprefixdtomechanics.go:47.30,49.3 1 1
github.com/MikeAustin71/errprefops/errpref/errprefixdtomechanics.go:60.23,67.3 2 1
github.com/MikeAustin71/errprefops/errpref/errprefixdtomechanics.go:71.17,73.3 1 1
github.com/MikeAustin71/errprefops/errpref/errprefixdtomechanics.go:77.30,84.3 2 1
github.com/MikeAustin71/errprefops/errpref/errprefixdtomechanics.go:190.29,192.30 1 1
github.com/MikeAustin71/errprefops/errpref/errprefixdtomechanics.go:196.2,203.23 4 1
github.com/MikeAustin71/errprefops/errpref/errprefixdtomechanics.go:210.2,227.17 9 1
github.com/MikeAustin71/errprefops/errpref/errprefixdtomechanics.go:231.2,236.19 2 1
github.com/MikeAustin71/errprefops/errpref/errprefixdtomechanics.go:241.2,249.8 4 1
github.com/MikeAustin71/errprefops/errpref/errprefixdtomechanics.go:257.2,263.8 3 1
github.com/MikeAustin71/errprefops/errpref/errprefixdtomechanics.go:271.2,277.8 3 1
github.com/MikeAustin71/errprefops/errpref/errprefixdtomechanics.go:285.2,291.8 3 1
github.com/MikeAustin71/errprefops/errpref/errprefixdtomechanics.go:300.2,306.8 3 1
github.com/MikeAustin71/errprefops/errpref/errprefixdtomechanics.go:315.2,321.8 3 1
github.com/MikeAustin71/errprefops/errpref/errprefixdtomechanics.go:330.2,336.8 3 1
github.com/MikeAustin71/errprefops/errpref/errprefixdtomechanics.go:345.2,351.8 3 1
github.com/MikeAustin71/errprefops/errpref/errprefixdtomechanics.go:359.2,365.8 3 1
github.com/MikeAustin71/errprefops/errpref/errprefixdtomechanics.go:381.2,401.24 3 0
github.com/MikeAustin71/errprefops/errpref/errprefixdtomechanics.go:424.2,425.10 1 0
github.com/MikeAustin71/errprefops/errpref/errprefixdtomechanics.go:192.30,194.3 1 1
github.com/MikeAustin71/errprefops/errpref/errprefixdtomechanics.go:203.23,208.3 1 1
github.com/MikeAustin71/errprefops/errpref/errprefixdtomechanics.go:227.17,229.3 1 0
github.com/MikeAustin71/errprefops/errpref/errprefixdtomechanics.go:236.19,239.3 1 1
github.com/MikeAustin71/errprefops/errpref/errprefixdtomechanics.go:249.8,255.3 1 1
github.com/MikeAustin71/errprefops/errpref/errprefixdtomechanics.go:263.8,269.3 1 1
github.com/MikeAustin71/errprefops/errpref/errprefixdtomechanics.go:277.8,283.3 1 1
github.com/MikeAustin71/errprefops/errpref/errprefixdtomechanics.go:291.8,298.3 1 1
github.com/MikeAustin71/errprefops/errpref/errprefixdtomechanics.go:306.8,313.3 1 1
github.com/MikeAustin71/errprefops/errpref/errprefixdtomechanics.go:321.8,328.3 1 1
github.com/MikeAustin71/errprefops/errpref/errprefixdtomechanics.go:336.8,343.3 1 1
github.com/MikeAustin71/errprefops/errpref/errprefixdtomechanics.go:351.8,357.3 1 1
github.com/MikeAustin71/errprefops/errpref/errprefixdtomechanics.go:365.8,367.18 1 1
github.com/MikeAustin71/errprefops/errpref/errprefixdtomechanics.go:371.3,374.16 1 1
github.com/MikeAustin71/errprefops/errpref/errprefixdtomechanics.go:367.18,369.4 1 0
github.com/MikeAustin71/errprefops/errpref/errprefixdtomechanics.go:401.24,407.18 2 0
github.com/MikeAustin71/errprefops/errpref/errprefixdtomechanics.go:407.18,414.4 1 0
github.com/MikeAustin71/errprefops/errpref/errprefixdtomechanics.go:416.8,422.3 1 0
github.com/MikeAustin71/errprefops/errpref/errpreflinelengthcalcquark.go:15.85,17.39 1 1
github.com/MikeAustin71/errprefops/errpref/errpreflinelengthcalcquark.go:21.2,27.3 3 1
github.com/MikeAustin71/errprefops/errpref/errpreflinelengthcalcquark.go:17.39,19.3 1 1
github.com/MikeAustin71/errprefops/errpref/errpreflinelengthcalcquark.go:77.13,79.39 1 1
github.com/MikeAustin71/errprefops/errpref/errpreflinelengthcalcquark.go:83.2,90.29 5 1
github.com/MikeAustin71/errprefops/errpref/errpreflinelengthcalcquark.go:99.2,103.16 2 1
github.com/MikeAustin71/errprefops/errpref/errpreflinelengthcalcquark.go:107.2,111.16 2 1
github.com/MikeAustin71/errprefops/errpref/errpreflinelengthcalcquark.go:115.2,115.46 1 1
github.com/MikeAustin71/errprefops/errpref/errpreflinelengthcalcquark.go:125.2,127.21 2 1
github.com/MikeAustin71/errprefops/errpref/errpreflinelengthcalcquark.go:79.39,81.3 1 1
github.com/MikeAustin71/errprefops/errpref/errpreflinelengthcalcquark.go:90.29,97.3 2 1
github.com/MikeAustin71/errprefops/errpref/errpreflinelengthcalcquark.go:103.16,105.3 1 1
github.com/MikeAustin71/errprefops/errpref/errpreflinelengthcalcquark.go:111.16,113.3 1 1
github.com/MikeAustin71/errprefops/errpref/errpreflinelengthcalcquark.go:115.46,123.3 2 1
github.com/MikeAustin71/errprefops/errpref/eprefelectron.go:26.19,28.31 1 1
github.com/MikeAustin71/errprefops/errpref/eprefelectron.go:32.2,41.45 6 1
github.com/MikeAustin71/errprefops/errpref/eprefelectron.go:45.2,54.25 3 1
github.com/MikeAustin71/errprefops/errpref/eprefelectron.go:62.2,62.45 1 1
github.com/MikeAustin71/errprefops/errpref/eprefelectron.go:66.2,68.30 3 1
github.com/MikeAustin71/errprefops/errpref/eprefelectron.go:28.31,30.3 1 1
github.com/MikeAustin71/errprefops/errpref/eprefelectron.go:41.45,43.3 1 1
github.com/MikeAustin71/errprefops/errpref/eprefelectron.go:54.25,55.38 1 1
github.com/MikeAustin71/errprefops/errpref/eprefelectron.go:55.38,59.4 1 1
github.com/MikeAustin71/errprefops/errpref/eprefelectron.go:62.45,64.3 1 0
github.com/MikeAustin71/errprefops/errpref/eprefelectron.go:85.19,87.31 1 1
github.com/MikeAustin71/errprefops/errpref/eprefelectron.go:91.2,100.48 6 1
github.com/MikeAustin71/errprefops/errpref/eprefelectron.go:104.2,112.25 3 1
github.com/MikeAustin71/errprefops/errpref/eprefelectron.go:118.2,118.48 1 1
github.com/MikeAustin71/errprefops/errpref/eprefelectron.go:122.2,124.30 3 1
github.com/MikeAustin71/errprefops/errpref/eprefelectron.go:87.31,89.3 1 1
github.com/MikeAustin71/errprefops/errpref/eprefelectron.go:100.48,102.3 1 1
github.com/MikeAustin71/errprefops/errpref/eprefelectron.go:112.25,113.38 1 1
github.com/MikeAustin71/errprefops/errpref/eprefelectron.go:113.38,115.4 1 1
github.com/MikeAustin71/errprefops/errpref/eprefelectron.go:118.48,120.3 1 0
github.com/MikeAustin71/errprefops/errpref/eprefelectron.go:160.34,162.31 1 1
github.com/MikeAustin71/errprefops/errpref/eprefelectron.go:166.2,178.19 7 1
github.com/MikeAustin71/errprefops/errpref/eprefelectron.go:162.31,164.3 1 1
github.com/MikeAustin71/errprefops/errpref/eprefelectron.go:184.61,186.31 1 1
github.com/MikeAustin71/errprefops/errpref/eprefelectron.go:190.2,194.27 3 1
github.com/MikeAustin71/errprefops/errpref/eprefelectron.go:186.31,188.3 1 1
github.com/MikeAustin71/errprefops/errpref/eprefpreon.go:12.52,14.28 1 1
github.com/MikeAustin71/errprefops/errpref/eprefpreon.go:18.2,22.24 3 1
github.com/MikeAustin71/errprefops/errpref/eprefpreon.go:14.28,16.3 1 1
github.com/MikeAustin71/errprefops/errpref/eprefpreon.go:33.64,35.28 1 1
github.com/MikeAustin71/errprefops/errpref/eprefpreon.go:39.2,43.11 3 1
github.com/MikeAustin71/errprefops/errpref/eprefpreon.go:35.28,37.3 1 1
github.com/MikeAustin71/errprefops/errpref/eprefpreon.go:46.68,48.28 1 1
github.com/MikeAustin71/errprefops/errpref/eprefpreon.go:52.2,56.11 3 1
github.com/MikeAustin71/errprefops/errpref/eprefpreon.go:48.28,50.3 1 1
github.com/MikeAustin71/errprefops/errpref/errorprefixinfoelectron.go:73.24,75.35 1 1
github.com/MikeAustin71/errprefops/errpref/errorprefixinfoelectron.go:79.2,85.32 4 1
github.com/MikeAustin71/errprefops/errpref/errorprefixinfoelectron.go:93.2,93.34 1 1
github.com/MikeAustin71/errprefops/errpref/errorprefixinfoelectron.go:100.2,109.16 3 1
github.com/MikeAustin71/errprefops/errpref/errorprefixinfoelectron.go:113.2,137.12 9 1
github.com/MikeAustin71/errprefops/errpref/errorprefixinfoelectron.go:75.35,77.3 1 1
github.com/MikeAustin71/errprefops/errpref/errorprefixinfoelectron.go:85.32,91.3 1 1
github.com/MikeAustin71/errprefops/errpref/errorprefixinfoelectron.go:93.34,98.3 1 1
github.com/MikeAustin71/errprefops/errpref/errorprefixinfoelectron.go:109.16,111.3 1 1
github.com/MikeAustin71/errprefops/errpref/errorprefixinfoelectron.go:187.9,189.35 1 1
github.com/MikeAustin71/errprefops/errpref/errorprefixinfoelectron.go:193.2,201.26 5 1
github.com/MikeAustin71/errprefops/errpref/errorprefixinfoelectron.go:210.2,219.16 3 1
github.com/MikeAustin71/errprefops/errpref/errorprefixinfoelectron.go:223.2,251.30 11 1
github.com/MikeAustin71/errprefops/errpref/errorprefixinfoelectron.go:189.35,191.3 1 1
github.com/MikeAustin71/errprefops/errpref/errorprefixinfoelectron.go:201.26,208.3 1 1
github.com/MikeAustin71/errprefops/errpref/errorprefixinfoelectron.go:219.16,221.3 1 1
github.com/MikeAustin71/errprefops/errpref/errorprefixinfoelectron.go:287.39,289.35 1 1
github.com/MikeAustin71/errprefops/errpref/errorprefixinfoelectron.go:293.2,298.24 3 1
github.com/MikeAustin71/errprefops/errpref/errorprefixinfoelectron.go:302.2,303.28 1 1
github.com/MikeAustin71/errprefops/errpref/errorprefixinfoelectron.go:307.2,308.27 1 1
github.com/MikeAustin71/errprefops/errpref/errorprefixinfoelectron.go:312.2,313.29 1 1
github.com/MikeAustin71/errprefops/errpref/errorprefixinfoelectron.go:317.2,318.32 1 1
github.com/MikeAustin71/errprefops/errpref/errorprefixinfoelectron.go:322.2,323.35 1 1
github.com/MikeAustin71/errprefops/errpref/errorprefixinfoelectron.go:327.2,328.33 1 1
github.com/MikeAustin71/errprefops/errpref/errorprefixinfoelectron.go:332.2,333.36 1 1
github.com/MikeAustin71/errprefops/errpref/errorprefixinfoelectron.go:337.2,338.40 1 1
github.com/MikeAustin71/errprefops/errpref/errorprefixinfoelectron.go:342.2,342.13 1 1
github.com/MikeAustin71/errprefops/errpref/errorprefixinfoelectron.go:289.35,291.3 1 1
github.com/MikeAustin71/errprefops/errpref/errorprefixinfoelectron.go:298.24,300.3 1 1
github.com/MikeAustin71/errprefops/errpref/errorprefixinfoelectron.go:303.28,305.3 1 1
github.com/MikeAustin71/errprefops/errpref/errorprefixinfoelectron.go:308.27,310.3 1 1
github.com/MikeAustin71/errprefops/errpref/errorprefixinfoelectron.go:313.29,315.3 1 1
github.com/MikeAustin71/errprefops/errpref/errorprefixinfoelectron.go:318.32,320.3 1 1
github.com/MikeAustin71/errprefops/errpref/errorprefixinfoelectron.go:323.35,325.3 1 1
github.com/MikeAustin71/errprefops/errpref/errorprefixinfoelectron.go:328.33,330.3 1 1
github.com/MikeAustin71/errprefops/errpref/errorprefixinfoelectron.go:333.36,335.3 1 1
github.com/MikeAustin71/errprefops/errpref/errorprefixinfoelectron.go:338.40,340.3 1 0
github.com/MikeAustin71/errprefops/errpref/errorprefixinfoelectron.go:348.81,350.35 1 1
github.com/MikeAustin71/errprefops/errpref/errorprefixinfoelectron.go:354.2,358.35 3 1
github.com/MikeAustin71/errprefops/errpref/errorprefixinfoelectron.go:350.35,352.3 1 1
github.com/MikeAustin71/errprefops/errpref/errprefixdelimitersmechanics.go:14.93,16.37 1 1
github.com/MikeAustin71/errprefops/errpref/errprefixdelimitersmechanics.go:20.2,26.3 3 1
github.com/MikeAustin71/errprefops/errpref/errprefixdelimitersmechanics.go:16.37,18.3 1 1
github.com/MikeAustin71/errprefops/errpref/errprefixdelimitersmechanics.go:113.13,115.37 1 1
github.com/MikeAustin71/errprefops/errpref/errprefixdelimitersmechanics.go:119.2,125.28 4 1
github.com/MikeAustin71/errprefops/errpref/errprefixdelimitersmechanics.go:134.2,134.39 1 1
github.com/MikeAustin71/errprefops/errpref/errprefixdelimitersmechanics.go:143.2,143.38 1 1
github.com/MikeAustin71/errprefops/errpref/errprefixdelimitersmechanics.go:152.2,152.40 1 1
github.com/MikeAustin71/errprefops/errpref/errprefixdelimitersmechanics.go:161.2,161.39 1 1
github.com/MikeAustin71/errprefops/errpref/errprefixdelimitersmechanics.go:170.2,194.12 9 1
github.com/MikeAustin71/errprefops/errpref/errprefixdelimitersmechanics.go:115.37,117.3 1 1
github.com/MikeAustin71/errprefops/errpref/errprefixdelimitersmechanics.go:125.28,132.3 2 1
github.com/MikeAustin71/errprefops/errpref/errprefixdelimitersmechanics.go:134.39,141.3 2 1
github.com/MikeAustin71/errprefops/errpref/errprefixdelimitersmechanics.go:143.38,150.3 2 1
github.com/MikeAustin71/errprefops/errpref/errprefixdelimitersmechanics.go:152.40,159.3 2 1
github.com/MikeAustin71/errprefops/errpref/errprefixdelimitersmechanics.go:161.39,168.3 2 1
github.com/MikeAustin71/errprefops/errpref/errprefixdelimitersmechanics.go:204.13,206.37 1 1
github.com/MikeAustin71/errprefops/errpref/errprefixdelimitersmechanics.go:210.2,216.28 4 1
github.com/MikeAustin71/errprefops/errpref/errprefixdelimitersmechanics.go:225.2,252.12 10 1
github.com/MikeAustin71/errprefops/errpref/errprefixdelimitersmechanics.go:206.37,208.3 1 1
github.com/MikeAustin71/errprefops/errpref/errprefixdelimitersmechanics.go:216.28,223.3 2 1
github.com/MikeAustin71/errprefops/errpref/errpreflinelengthcalcelectron.go:73.24,75.42 1 1
github.com/MikeAustin71/errprefops/errpref/errpreflinelengthcalcelectron.go:79.2,85.30 4 1
github.com/MikeAustin71/errprefops/errpref/errpreflinelengthcalcelectron.go:93.2,93.32 1 1
github.com/MikeAustin71/errprefops/errpref/errpreflinelengthcalcelectron.go:100.2,107.16 2 1
github.com/MikeAustin71/errprefops/errpref/errpreflinelengthcalcelectron.go:111.2,117.16 2 1
github.com/MikeAustin71/errprefops/errpref/errpreflinelengthcalcelectron.go:121.2,127.16 2 1
github.com/MikeAustin71/errprefops/errpref/errpreflinelengthcalcelectron.go:131.2,137.12 3 1
github.com/MikeAustin71/errprefops/errpref/errpreflinelengthcalcelectron.go:75.42,77.3 1 1
github.com/MikeAustin71/errprefops/errpref/errpreflinelengthcalcelectron.go:85.30,91.3 1 1
github.com/MikeAustin71/errprefops/errpref/errpreflinelengthcalcelectron.go:93.32,98.3 1 1
github.com/MikeAustin71/errprefops/errpref/errpreflinelengthcalcelectron.go:107.16,109.3 1 1
github.com/MikeAustin71/errprefops/errpref/errpreflinelengthcalcelectron.go:117.16,119.3 1 0
github.com/MikeAustin71/errprefops/errpref/errpreflinelengthcalcelectron.go:127.16,129.3 1 0
github.com/MikeAustin71/errprefops/errpref/errpreflinelengthcalcelectron.go:187.9,189.42 1 1
github.com/MikeAustin71/errprefops/errpref/errpreflinelengthcalcelectron.go:193.2,201.24 5 1
github.com/MikeAustin71/errprefops/errpref/errpreflinelengthcalcelectron.go:210.2,217.16 2 1
github.com/MikeAustin71/errprefops/errpref/errpreflinelengthcalcelectron.go:221.2,227.16 2 1
github.com/MikeAustin71/errprefops/errpref/errpreflinelengthcalcelectron.go:231.2,237.16 2 1
github.com/MikeAustin71/errprefops/errpref/errpreflinelengthcalcelectron.go:241.2,247.28 3 1
github.com/MikeAustin71/errprefops/errpref/errpreflinelengthcalcelectron.go:189.42,191.3 1 1
github.com/MikeAustin71/errprefops/errpref/errpreflinelengthcalcelectron.go:201.24,208.3 1 1
github.com/MikeAustin71/errprefops/errpref/errpreflinelengthcalcelectron.go:217.16,219.3 1 1
github.com/MikeAustin71/errprefops/errpref/errpreflinelengthcalcelectron.go:227.16,229.3 1 0
github.com/MikeAustin71/errprefops/errpref/errpreflinelengthcalcelectron.go:237.16,239.3 1 0
github.com/MikeAustin71/errprefops/errpref/errpreflinelengthcalcelectron.go:263.13,265.42 1 1
github.com/MikeAustin71/errprefops/errpref/errpreflinelengthcalcelectron.go:269.2,277.27 5 1
github.com/MikeAustin71/errprefops/errpref/errpreflinelengthcalcelectron.go:286.2,286.27 1 1
github.com/MikeAustin71/errprefops/errpref/errpreflinelengthcalcelectron.go:295.2,296.36 1 1
github.com/MikeAustin71/errprefops/errpref/errpreflinelengthcalcelectron.go:300.2,301.36 1 1
github.com/MikeAustin71/errprefops/errpref/errpreflinelengthcalcelectron.go:305.2,306.33 1 1
github.com/MikeAustin71/errprefops/errpref/errpreflinelengthcalcelectron.go:310.2,311.37 1 1
github.com/MikeAustin71/errprefops/errpref/errpreflinelengthcalcelectron.go:315.2,317.22 2 1
github.com/MikeAustin71/errprefops/errpref/errpreflinelengthcalcelectron.go:265.42,267.3 1 1
github.com/MikeAustin71/errprefops/errpref/errpreflinelengthcalcelectron.go:277.27,284.3 2 1
github.com/MikeAustin71/errprefops/errpref/errpreflinelengthcalcelectron.go:286.27,293.3 2 1
github.com/MikeAustin71/errprefops/errpref/errpreflinelengthcalcelectron.go:296.36,298.3 1 1
github.com/MikeAustin71/errprefops/errpref/errpreflinelengthcalcelectron.go:301.36,303.3 1 1
github.com/MikeAustin71/errprefops/errpref/errpreflinelengthcalcelectron.go:306.33,308.3 1 1
github.com/MikeAustin71/errprefops/errpref/errpreflinelengthcalcelectron.go:311.37,313.3 1 1
github.com/MikeAustin71/errprefops/errpref/errpreflinelengthcalcelectron.go:323.94,325.42 1 1
github.com/MikeAustin71/errprefops/errpref/errpreflinelengthcalcelectron.go:329.2,335.3 3 1
github.com/MikeAustin71/errprefops/errpref/errpreflinelengthcalcelectron.go:325.42,327.3 1 1
github.com/MikeAustin71/errprefops/errpref/epref.go:145.25,147.23 1 1
github.com/MikeAustin71/errprefops/errpref/epref.go:151.2,163.23 5 1
github.com/MikeAustin71/errprefops/errpref/epref.go:147.23,149.3 1 1
github.com/MikeAustin71/errprefops/errpref/epref.go:241.13,243.23 1 1
github.com/MikeAustin71/errprefops/errpref/epref.go:247.2,251.22 3 1
github.com/MikeAustin71/errprefops/errpref/epref.go:255.2,262.31 3 1
github.com/MikeAustin71/errprefops/errpref/epref.go:243.23,245.3 1 1
github.com/MikeAustin71/errprefops/errpref/epref.go:251.22,253.3 1 1
github.com/MikeAustin71/errprefops/errpref/epref.go:313.25,315.23 1 1
github.com/MikeAustin71/errprefops/errpref/epref.go:319.2,331.11 5 1
github.com/MikeAustin71/errprefops/errpref/epref.go:315.23,317.3 1 1
github.com/MikeAustin71/errprefops/errpref/epref.go:348.58,350.23 1 1
github.com/MikeAustin71/errprefops/errpref/epref.go:354.2,360.19 4 1
github.com/MikeAustin71/errprefops/errpref/epref.go:350.23,352.3 1 1
github.com/MikeAustin71/errprefops/errpref/epref.go:379.30,381.23 1 1
github.com/MikeAustin71/errprefops/errpref/epref.go:385.2,398.15 5 1
github.com/MikeAustin71/errprefops/errpref/epref.go:381.23,383.3 1 1
github.com/MikeAustin71/errprefops/errpref/epref.go:426.33,428.23 1 1
github.com/MikeAustin71/errprefops/errpref/epref.go:432.2,441.33 5 1
[...]
github.com/MikeAustin71/errprefops/errpref/errprefixdelimiters.go:150.49,152.29 1 1
github.com/MikeAustin71/errprefops/errpref/errprefixdelimiters.go:156.2,164.24 4 1
github.com/MikeAustin71/errprefops/errpref/errprefixdelimiters.go:152.29,154.3 1 1
github.com/MikeAustin71/errprefops/errpref/errprefixdelimiters.go:201.17,203.29 1 1
github.com/MikeAustin71/errprefops/errpref/errprefixdelimiters.go:207.2,217.17 4 1
github.com/MikeAustin71/errprefops/errpref/errprefixdelimiters.go:203.29,205.3 1 1
github.com/MikeAustin71/errprefops/errpref/errprefixdelimiters.go:221.76,223.29 1 1
github.com/MikeAustin71/errprefops/errpref/errprefixdelimiters.go:227.2,231.43 3 1
github.com/MikeAustin71/errprefops/errpref/errprefixdelimiters.go:223.29,225.3 1 1
github.com/MikeAustin71/errprefops/errpref/errprefixdelimiters.go:235.75,237.29 1 1
github.com/MikeAustin71/errprefops/errpref/errprefixdelimiters.go:241.2,245.42 3 1
github.com/MikeAustin71/errprefops/errpref/errprefixdelimiters.go:237.29,239.3 1 1
github.com/MikeAustin71/errprefops/errpref/errprefixdelimiters.go:252.80,254.29 1 1
github.com/MikeAustin71/errprefops/errpref/errprefixdelimiters.go:258.2,262.48 3 1
github.com/MikeAustin71/errprefops/errpref/errprefixdelimiters.go:269.2,269.46 1 1
github.com/MikeAustin71/errprefops/errpref/errprefixdelimiters.go:254.29,256.3 1 1
github.com/MikeAustin71/errprefops/errpref/errprefixdelimiters.go:262.48,267.3 1 1
github.com/MikeAustin71/errprefops/errpref/errprefixdelimiters.go:276.79,278.29 1 1
github.com/MikeAustin71/errprefops/errpref/errprefixdelimiters.go:282.2,286.47 3 1
github.com/MikeAustin71/errprefops/errpref/errprefixdelimiters.go:293.2,293.45 1 1
github.com/MikeAustin71/errprefops/errpref/errprefixdelimiters.go:278.29,280.3 1 1
github.com/MikeAustin71/errprefops/errpref/errprefixdelimiters.go:286.47,291.3 1 1
github.com/MikeAustin71/errprefops/errpref/errprefixdelimiters.go:300.81,302.29 1 1
github.com/MikeAustin71/errprefops/errpref/errprefixdelimiters.go:306.2,310.49 3 1
github.com/MikeAustin71/errprefops/errpref/errprefixdelimiters.go:317.2,317.47 1 1
github.com/MikeAustin71/errprefops/errpref/errprefixdelimiters.go:302.29,304.3 1 1
github.com/MikeAustin71/errprefops/errpref/errprefixdelimiters.go:310.49,315.3 1 1
github.com/MikeAustin71/errprefops/errpref/errprefixdelimiters.go:324.80,326.29 1 1
github.com/MikeAustin71/errprefops/errpref/errprefixdelimiters.go:330.2,334.48 3 1
github.com/MikeAustin71/errprefops/errpref/errprefixdelimiters.go:341.2,341.46 1 1
github.com/MikeAustin71/errprefops/errpref/errprefixdelimiters.go:326.29,328.3 1 1
github.com/MikeAustin71/errprefops/errpref/errprefixdelimiters.go:334.48,339.3 1 1
github.com/MikeAustin71/errprefops/errpref/errprefixdelimiters.go:345.77,347.29 1 1
github.com/MikeAustin71/errprefops/errpref/errprefixdelimiters.go:351.2,355.44 3 1
github.com/MikeAustin71/errprefops/errpref/errprefixdelimiters.go:347.29,349.3 1 1
github.com/MikeAustin71/errprefops/errpref/errprefixdelimiters.go:359.76,361.29 1 1
github.com/MikeAustin71/errprefops/errpref/errprefixdelimiters.go:365.2,369.43 3 1
github.com/MikeAustin71/errprefops/errpref/errprefixdelimiters.go:361.29,363.3 1 1
github.com/MikeAustin71/errprefops/errpref/errprefixdelimiters.go:405.64,407.29 1 1
github.com/MikeAustin71/errprefops/errpref/errprefixdelimiters.go:411.2,421.16 4 1
github.com/MikeAustin71/errprefops/errpref/errprefixdelimiters.go:407.29,409.3 1 1
github.com/MikeAustin71/errprefops/errpref/errprefixdelimiters.go:460.24,462.29 1 1
github.com/MikeAustin71/errprefops/errpref/errprefixdelimiters.go:466.2,478.12 5 1
github.com/MikeAustin71/errprefops/errpref/errprefixdelimiters.go:462.29,464.3 1 1
github.com/MikeAustin71/errprefops/errpref/errprefixdelimiters.go:563.9,565.29 1 1
github.com/MikeAustin71/errprefops/errpref/errprefixdelimiters.go:569.2,588.32 6 1
github.com/MikeAustin71/errprefops/errpref/errprefixdelimiters.go:565.29,567.3 1 1
github.com/MikeAustin71/errprefops/errpref/errprefixdelimiters.go:606.74,608.29 1 1
github.com/MikeAustin71/errprefops/errpref/errprefixdelimiters.go:612.2,625.27 5 1
github.com/MikeAustin71/errprefops/errpref/errprefixdelimiters.go:608.29,610.3 1 1
github.com/MikeAustin71/errprefops/errpref/errprefixdelimiters.go:707.24,709.29 1 1
github.com/MikeAustin71/errprefops/errpref/errprefixdelimiters.go:713.2,726.12 4 1
github.com/MikeAustin71/errprefops/errpref/errprefixdelimiters.go:709.29,711.3 1 1
github.com/MikeAustin71/errprefops/errpref/errprefixdelimiters.go:736.33,738.29 1 1
github.com/MikeAustin71/errprefops/errpref/errprefixdelimiters.go:742.2,751.8 5 1
github.com/MikeAustin71/errprefops/errpref/errprefixdelimiters.go:738.29,740.3 1 1
github.com/MikeAustin71/errprefops/errpref/errprefixdelimiters.go:761.32,763.29 1 1
github.com/MikeAustin71/errprefops/errpref/errprefixdelimiters.go:767.2,776.8 5 1
github.com/MikeAustin71/errprefops/errpref/errprefixdelimiters.go:763.29,765.3 1 1
github.com/MikeAustin71/errprefops/errpref/errprefixdelimiters.go:786.34,788.29 1 1
github.com/MikeAustin71/errprefops/errpref/errprefixdelimiters.go:792.2,801.8 5 1
github.com/MikeAustin71/errprefops/errpref/errprefixdelimiters.go:788.29,790.3 1 1
github.com/MikeAustin71/errprefops/errpref/errprefixdelimiters.go:811.33,813.29 1 1
github.com/MikeAustin71/errprefops/errpref/errprefixdelimiters.go:817.2,826.8 5 1
github.com/MikeAustin71/errprefops/errpref/errprefixdelimiters.go:813.29,815.3 1 1
github.com/MikeAustin71/errprefops/errpref/errprefixdelimiters.go:834.63,836.29 1 1
github.com/MikeAustin71/errprefops/errpref/errprefixdelimiters.go:840.2,856.8 7 1
github.com/MikeAustin71/errprefops/errpref/errprefixdelimiters.go:836.29,838.3 1 1
github.com/MikeAustin71/errprefops/errpref/errprefixdelimiters.go:862.56,864.29 1 1
github.com/MikeAustin71/errprefops/errpref/errprefixdelimiters.go:868.2,912.12 9 1
github.com/MikeAustin71/errprefops/errpref/errprefixdelimiters.go:864.29,866.3 1 1
github.com/MikeAustin71/errprefops/errpref/errprefixdelimiters.go:925.56,927.29 1 1
github.com/MikeAustin71/errprefops/errpref/errprefixdelimiters.go:931.2,938.7 3 1
github.com/MikeAustin71/errprefops/errpref/errprefixdelimiters.go:927.29,929.3 1 1
github.com/MikeAustin71/errprefops/errpref/errprefixdelimiters.go:952.63,954.29 1 1
github.com/MikeAustin71/errprefops/errpref/errprefixdelimiters.go:958.2,968.13 4 1
github.com/MikeAustin71/errprefops/errpref/errprefixdelimiters.go:972.2,975.7 1 1
github.com/MikeAustin71/errprefops/errpref/errprefixdelimiters.go:954.29,956.3 1 1
github.com/MikeAustin71/errprefops/errpref/errprefixdelimiters.go:968.13,970.3 1 1
github.com/MikeAustin71/errprefops/errpref/errprefixdtoelectron.go:14.74,16.34 1 1
github.com/MikeAustin71/errprefops/errpref/errprefixdtoelectron.go:20.2,26.3 3 1
github.com/MikeAustin71/errprefops/errpref/errprefixdtoelectron.go:16.34,18.3 1 1
github.com/MikeAustin71/errprefops/errpref/errprefixdtoelectron.go:35.27,37.34 1 1
github.com/MikeAustin71/errprefops/errpref/errprefixdtoelectron.go:41.2,48.23 4 1
github.com/MikeAustin71/errprefops/errpref/errprefixdtoelectron.go:55.2,75.14 10 1
github.com/MikeAustin71/errprefops/errpref/errprefixdtoelectron.go:37.34,39.3 1 1
github.com/MikeAustin71/errprefops/errpref/errprefixdtoelectron.go:48.23,53.3 1 1
github.com/MikeAustin71/errprefops/errpref/errprefixdtoelectron.go:82.86,84.34 1 1
github.com/MikeAustin71/errprefops/errpref/errprefixdtoelectron.go:88.2,95.25 4 1
github.com/MikeAustin71/errprefops/errpref/errprefixdtoelectron.go:84.34,86.3 1 0
github.com/MikeAustin71/errprefops/errpref/errpreflinelengthcalc.go:32.83,34.36 1 1
github.com/MikeAustin71/errprefops/errpref/errpreflinelengthcalc.go:38.2,43.41 3 1
github.com/MikeAustin71/errprefops/errpref/errpreflinelengthcalc.go:47.2,47.14 1 1
github.com/MikeAustin71/errprefops/errpref/errpreflinelengthcalc.go:34.36,36.3 1 1
github.com/MikeAustin71/errprefops/errpref/errpreflinelengthcalc.go:43.41,45.3 1 1
github.com/MikeAustin71/errprefops/errpref/errpreflinelengthcalc.go:93.24,95.36 1 1
github.com/MikeAustin71/errprefops/errpref/errpreflinelengthcalc.go:99.2,110.11 5 1
github.com/MikeAustin71/errprefops/errpref/errpreflinelengthcalc.go:95.36,97.3 1 1
github.com/MikeAustin71/errprefops/errpref/errpreflinelengthcalc.go:153.9,155.36 1 1
github.com/MikeAustin71/errprefops/errpref/errpreflinelengthcalc.go:159.2,169.11 5 1
github.com/MikeAustin71/errprefops/errpref/errpreflinelengthcalc.go:155.36,157.3 1 1
github.com/MikeAustin71/errprefops/errpref/errpreflinelengthcalc.go:179.55,181.36 1 1
github.com/MikeAustin71/errprefops/errpref/errpreflinelengthcalc.go:185.2,194.43 6 1
github.com/MikeAustin71/errprefops/errpref/errpreflinelengthcalc.go:181.36,183.3 1 1
github.com/MikeAustin71/errprefops/errpref/errpreflinelengthcalc.go:226.43,228.36 1 1
github.com/MikeAustin71/errprefops/errpref/errpreflinelengthcalc.go:232.2,242.17 4 1
github.com/MikeAustin71/errprefops/errpref/errpreflinelengthcalc.go:228.36,230.3 1 1
github.com/MikeAustin71/errprefops/errpref/errpreflinelengthcalc.go:254.94,256.36 1 1
github.com/MikeAustin71/errprefops/errpref/errpreflinelengthcalc.go:260.2,273.57 6 1
github.com/MikeAustin71/errprefops/errpref/errpreflinelengthcalc.go:277.2,281.37 2 1
github.com/MikeAustin71/errprefops/errpref/errpreflinelengthcalc.go:285.2,285.14 1 1
github.com/MikeAustin71/errprefops/errpref/errpreflinelengthcalc.go:256.36,258.3 1 1
github.com/MikeAustin71/errprefops/errpref/errpreflinelengthcalc.go:273.57,275.3 1 1
github.com/MikeAustin71/errprefops/errpref/errpreflinelengthcalc.go:281.37,283.3 1 1
github.com/MikeAustin71/errprefops/errpref/errpreflinelengthcalc.go:299.93,301.36 1 1
github.com/MikeAustin71/errprefops/errpref/errpreflinelengthcalc.go:305.2,315.68 5 1
github.com/MikeAustin71/errprefops/errpref/errpreflinelengthcalc.go:324.2,327.57 2 1
github.com/MikeAustin71/errprefops/errpref/errpreflinelengthcalc.go:331.2,335.45 2 1
github.com/MikeAustin71/errprefops/errpref/errpreflinelengthcalc.go:339.2,339.14 1 1
github.com/MikeAustin71/errprefops/errpref/errpreflinelengthcalc.go:301.36,303.3 1 1
github.com/MikeAustin71/errprefops/errpref/errpreflinelengthcalc.go:315.68,322.3 1 1
github.com/MikeAustin71/errprefops/errpref/errpreflinelengthcalc.go:327.57,329.3 1 1
github.com/MikeAustin71/errprefops/errpref/errpreflinelengthcalc.go:335.45,337.3 1 1
github.com/MikeAustin71/errprefops/errpref/errpreflinelengthcalc.go:348.74,350.36 1 1
github.com/MikeAustin71/errprefops/errpref/errpreflinelengthcalc.go:354.2,360.30 3 1
github.com/MikeAustin71/errprefops/errpref/errpreflinelengthcalc.go:350.36,352.3 1 1
github.com/MikeAustin71/errprefops/errpref/errpreflinelengthcalc.go:369.74,371.36 1 1
github.com/MikeAustin71/errprefops/errpref/errpreflinelengthcalc.go:375.2,380.49 3 1
github.com/MikeAustin71/errprefops/errpref/errpreflinelengthcalc.go:384.2,384.14 1 1
github.com/MikeAustin71/errprefops/errpref/errpreflinelengthcalc.go:371.36,373.3 1 1
github.com/MikeAustin71/errprefops/errpref/errpreflinelengthcalc.go:380.49,382.3 1 1
github.com/MikeAustin71/errprefops/errpref/errpreflinelengthcalc.go:393.73,395.36 1 1
github.com/MikeAustin71/errprefops/errpref/errpreflinelengthcalc.go:399.2,404.48 3 1
github.com/MikeAustin71/errprefops/errpref/errpreflinelengthcalc.go:408.2,408.14 1 1
github.com/MikeAustin71/errprefops/errpref/errpreflinelengthcalc.go:395.36,397.3 1 1
github.com/MikeAustin71/errprefops/errpref/errpreflinelengthcalc.go:404.48,406.3 1 1
github.com/MikeAustin71/errprefops/errpref/errpreflinelengthcalc.go:413.75,415.36 1 1
github.com/MikeAustin71/errprefops/errpref/errpreflinelengthcalc.go:419.2,423.62 3 1
github.com/MikeAustin71/errprefops/errpref/errpreflinelengthcalc.go:415.36,417.3 1 1
github.com/MikeAustin71/errprefops/errpref/errpreflinelengthcalc.go:433.71,435.36 1 1
github.com/MikeAustin71/errprefops/errpref/errpreflinelengthcalc.go:439.2,443.42 3 1
github.com/MikeAustin71/errprefops/errpref/errpreflinelengthcalc.go:435.36,437.3 1 1
github.com/MikeAustin71/errprefops/errpref/errpreflinelengthcalc.go:460.75,462.36 1 1
github.com/MikeAustin71/errprefops/errpref/errpreflinelengthcalc.go:466.2,475.26 5 1
github.com/MikeAustin71/errprefops/errpref/errpreflinelengthcalc.go:462.36,464.3 1 1
github.com/MikeAustin71/errprefops/errpref/errpreflinelengthcalc.go:481.85,483.36 1 1
github.com/MikeAustin71/errprefops/errpref/errpreflinelengthcalc.go:487.2,493.30 3 1
github.com/MikeAustin71/errprefops/errpref/errpreflinelengthcalc.go:483.36,485.3 1 1
github.com/MikeAustin71/errprefops/errpref/errpreflinelengthcalc.go:499.86,501.36 1 1
github.com/MikeAustin71/errprefops/errpref/errpreflinelengthcalc.go:505.2,511.31 3 1
github.com/MikeAustin71/errprefops/errpref/errpreflinelengthcalc.go:501.36,503.3 1 0
github.com/MikeAustin71/errprefops/errpref/errpreflinelengthcalc.go:517.84,519.36 1 1
github.com/MikeAustin71/errprefops/errpref/errpreflinelengthcalc.go:523.2,529.29 3 1
github.com/MikeAustin71/errprefops/errpref/errpreflinelengthcalc.go:519.36,521.3 1 0
github.com/MikeAustin71/errprefops/errpref/errpreflinelengthcalc.go:535.85,537.36 1 1
github.com/MikeAustin71/errprefops/errpref/errpreflinelengthcalc.go:541.2,547.30 3 1
github.com/MikeAustin71/errprefops/errpref/errpreflinelengthcalc.go:537.36,539.3 1 0
github.com/MikeAustin71/errprefops/errpref/errpreflinelengthcalc.go:552.74,554.36 1 1
github.com/MikeAustin71/errprefops/errpref/errpreflinelengthcalc.go:558.2,562.61 3 1
github.com/MikeAustin71/errprefops/errpref/errpreflinelengthcalc.go:554.36,556.3 1 1
github.com/MikeAustin71/errprefops/errpref/errpreflinelengthcalc.go:572.76,574.36 1 1
github.com/MikeAustin71/errprefops/errpref/errpreflinelengthcalc.go:578.2,582.46 3 1
github.com/MikeAustin71/errprefops/errpref/errpreflinelengthcalc.go:574.36,576.3 1 0
github.com/MikeAustin71/errprefops/errpref/errpreflinelengthcalc.go:594.77,596.36 1 1
github.com/MikeAustin71/errprefops/errpref/errpreflinelengthcalc.go:600.2,613.41 5 1
github.com/MikeAustin71/errprefops/errpref/errpreflinelengthcalc.go:625.2,625.28 1 1
github.com/MikeAustin71/errprefops/errpref/errpreflinelengthcalc.go:596.36,598.3 1 0
github.com/MikeAustin71/errprefops/errpref/errpreflinelengthcalc.go:613.41,617.3 1 0
github.com/MikeAustin71/errprefops/errpref/errpreflinelengthcalc.go:617.8,623.3 1 1
github.com/MikeAustin71/errprefops/errpref/errpreflinelengthcalc.go:636.75,638.36 1 1
github.com/MikeAustin71/errprefops/errpref/errpreflinelengthcalc.go:642.2,646.60 3 1
github.com/MikeAustin71/errprefops/errpref/errpreflinelengthcalc.go:638.36,640.3 1 1
github.com/MikeAustin71/errprefops/errpref/errpreflinelengthcalc.go:682.70,684.36 1 1
github.com/MikeAustin71/errprefops/errpref/errpreflinelengthcalc.go:688.2,698.16 4 1
github.com/MikeAustin71/errprefops/errpref/errpreflinelengthcalc.go:684.36,686.3 1 0
github.com/MikeAustin71/errprefops/errpref/errpreflinelengthcalc.go:737.24,739.36 1 1
github.com/MikeAustin71/errprefops/errpref/errpreflinelengthcalc.go:743.2,756.12 5 1
github.com/MikeAustin71/errprefops/errpref/errpreflinelengthcalc.go:739.36,741.3 1 0
github.com/MikeAustin71/errprefops/errpref/errpreflinelengthcalc.go:761.71,763.36 1 1
github.com/MikeAustin71/errprefops/errpref/errpreflinelengthcalc.go:767.2,773.30 4 1
github.com/MikeAustin71/errprefops/errpref/errpreflinelengthcalc.go:763.36,765.3 1 1
github.com/MikeAustin71/errprefops/errpref/errpreflinelengthcalc.go:779.72,781.36 1 1
github.com/MikeAustin71/errprefops/errpref/errpreflinelengthcalc.go:785.2,791.31 4 1
github.com/MikeAustin71/errprefops/errpref/errpreflinelengthcalc.go:781.36,783.3 1 1
github.com/MikeAustin71/errprefops/errpref/errpreflinelengthcalc.go:806.25,808.36 1 1
github.com/MikeAustin71/errprefops/errpref/errpreflinelengthcalc.go:812.2,818.8 4 1
github.com/MikeAustin71/errprefops/errpref/errpreflinelengthcalc.go:808.36,810.3 1 0
github.com/MikeAustin71/errprefops/errpref/errpreflinelengthcalc.go:872.24,874.36 1 1
github.com/MikeAustin71/errprefops/errpref/errpreflinelengthcalc.go:878.2,886.16 5 1
github.com/MikeAustin71/errprefops/errpref/errpreflinelengthcalc.go:895.2,898.24 1 1
github.com/MikeAustin71/errprefops/errpref/errpreflinelengthcalc.go:874.36,876.3 1 1
github.com/MikeAustin71/errprefops/errpref/errpreflinelengthcalc.go:886.16,893.3 1 0
github.com/MikeAustin71/errprefops/errpref/errpreflinelengthcalc.go:950.24,952.36 1 1
github.com/MikeAustin71/errprefops/errpref/errpreflinelengthcalc.go:956.2,962.26 4 1
github.com/MikeAustin71/errprefops/errpref/errpreflinelengthcalc.go:969.2,971.16 2 1
github.com/MikeAustin71/errprefops/errpref/errpreflinelengthcalc.go:980.2,984.12 2 1
github.com/MikeAustin71/errprefops/errpref/errpreflinelengthcalc.go:952.36,954.3 1 1
github.com/MikeAustin71/errprefops/errpref/errpreflinelengthcalc.go:962.26,967.3 1 0
github.com/MikeAustin71/errprefops/errpref/errpreflinelengthcalc.go:971.16,978.3 1 0
github.com/MikeAustin71/errprefops/errpref/errpreflinelengthcalc.go:996.27,998.36 1 1
github.com/MikeAustin71/errprefops/errpref/errpreflinelengthcalc.go:1002.2,1006.60 3 1
github.com/MikeAustin71/errprefops/errpref/errpreflinelengthcalc.go:998.36,1000.3 1 0
github.com/MikeAustin71/errprefops/errpref/eprefmechanics.go:79.41,81.27 1 1
github.com/MikeAustin71/errprefops/errpref/eprefmechanics.go:85.2,89.29 3 1
github.com/MikeAustin71/errprefops/errpref/eprefmechanics.go:94.2,115.31 9 1
github.com/MikeAustin71/errprefops/errpref/eprefmechanics.go:132.2,132.36 1 1
github.com/MikeAustin71/errprefops/errpref/eprefmechanics.go:139.2,139.32 1 1
github.com/MikeAustin71/errprefops/errpref/eprefmechanics.go:143.2,149.20 1 1
github.com/MikeAustin71/errprefops/errpref/eprefmechanics.go:81.27,83.3 1 1
github.com/MikeAustin71/errprefops/errpref/eprefmechanics.go:89.29,92.3 1 1
github.com/MikeAustin71/errprefops/errpref/eprefmechanics.go:115.31,125.28 3 1
github.com/MikeAustin71/errprefops/errpref/eprefmechanics.go:125.28,129.4 1 1
github.com/MikeAustin71/errprefops/errpref/eprefmechanics.go:132.36,137.3 2 1
github.com/MikeAustin71/errprefops/errpref/eprefmechanics.go:139.32,141.3 1 0
github.com/MikeAustin71/errprefops/errpref/eprefmechanics.go:199.27,201.27 1 1
github.com/MikeAustin71/errprefops/errpref/eprefmechanics.go:205.2,209.29 3 1
github.com/MikeAustin71/errprefops/errpref/eprefmechanics.go:213.2,226.30 6 1
github.com/MikeAustin71/errprefops/errpref/eprefmechanics.go:231.2,241.21 2 1
github.com/MikeAustin71/errprefops/errpref/eprefmechanics.go:201.27,203.3 1 1
github.com/MikeAustin71/errprefops/errpref/eprefmechanics.go:209.29,211.3 1 1
github.com/MikeAustin71/errprefops/errpref/eprefmechanics.go:226.30,229.3 1 0
github.com/MikeAustin71/errprefops/errpref/eprefmechanics.go:294.41,296.27 1 1
github.com/MikeAustin71/errprefops/errpref/eprefmechanics.go:300.2,307.35 4 1
github.com/MikeAustin71/errprefops/errpref/eprefmechanics.go:311.2,322.21 3 1
github.com/MikeAustin71/errprefops/errpref/eprefmechanics.go:296.27,298.3 1 1
github.com/MikeAustin71/errprefops/errpref/eprefmechanics.go:307.35,309.3 1 0
github.com/MikeAustin71/errprefops/errpref/eprefmechanics.go:328.59,330.27 1 1
github.com/MikeAustin71/errprefops/errpref/eprefmechanics.go:334.2,338.28 3 1
github.com/MikeAustin71/errprefops/errpref/eprefmechanics.go:330.27,332.3 1 1
github.com/MikeAustin71/errprefops/errpref/eprefmechanics.go:368.41,370.27 1 1
github.com/MikeAustin71/errprefops/errpref/eprefmechanics.go:374.2,378.29 3 1
github.com/MikeAustin71/errprefops/errpref/eprefmechanics.go:383.2,395.32 4 1
github.com/MikeAustin71/errprefops/errpref/eprefmechanics.go:399.2,403.35 2 1
github.com/MikeAustin71/errprefops/errpref/eprefmechanics.go:407.2,416.30 4 1
github.com/MikeAustin71/errprefops/errpref/eprefmechanics.go:420.2,434.20 4 1
github.com/MikeAustin71/errprefops/errpref/eprefmechanics.go:370.27,372.3 1 1
github.com/MikeAustin71/errprefops/errpref/eprefmechanics.go:378.29,381.3 1 1
github.com/MikeAustin71/errprefops/errpref/eprefmechanics.go:395.32,397.3 1 0
github.com/MikeAustin71/errprefops/errpref/eprefmechanics.go:403.35,405.3 1 0
github.com/MikeAustin71/errprefops/errpref/eprefmechanics.go:416.30,418.3 1 0
