mode: set
github.com/MikeAustin71/errpref/epref.go:145.25,147.23 1 1
github.com/MikeAustin71/errpref/epref.go:151.2,163.23 5 1
github.com/MikeAustin71/errpref/epref.go:147.23,149.3 1 1
github.com/MikeAustin71/errpref/epref.go:241.13,243.23 1 1
github.com/MikeAustin71/errpref/epref.go:247.2,251.22 3 1
github.com/MikeAustin71/errpref/epref.go:255.2,262.31 3 1
github.com/MikeAustin71/errpref/epref.go:243.23,245.3 1 1
github.com/MikeAustin71/errpref/epref.go:251.22,253.3 1 1
github.com/MikeAustin71/errpref/epref.go:313.25,315.23 1 1
github.com/MikeAustin71/errpref/epref.go:319.2,331.11 5 1
github.com/MikeAustin71/errpref/epref.go:315.23,317.3 1 1
github.com/MikeAustin71/errpref/epref.go:348.58,350.23 1 1
github.com/MikeAustin71/errpref/epref.go:354.2,360.19 4 1
github.com/MikeAustin71/errpref/epref.go:350.23,352.3 1 1
github.com/MikeAustin71/errpref/epref.go:379.30,381.23 1 1
github.com/MikeAustin71/errpref/epref.go:385.2,398.15 5 1
github.com/MikeAustin71/errpref/epref.go:381.23,383.3 1 1
github.com/MikeAustin71/errpref/epref.go:426.33,428.23 1 1
github.com/MikeAustin71/errpref/epref.go:432.2,441.33 5 1
github.com/MikeAustin71/errpref/epref.go:428.23,430.3 1 1
github.com/MikeAustin71/errpref/epref.go:529.28,531.23 1 1
github.com/MikeAustin71/errpref/epref.go:535.2,553.14 7 1
github.com/MikeAustin71/errpref/epref.go:531.23,533.3 1 1
github.com/MikeAustin71/errpref/epref.go:660.28,662.23 1 1
github.com/MikeAustin71/errpref/epref.go:666.2,684.14 7 1
github.com/MikeAustin71/errpref/epref.go:662.23,664.3 1 1
github.com/MikeAustin71/errpref/epref.go:773.28,775.23 1 1
github.com/MikeAustin71/errpref/epref.go:779.2,797.14 7 1
github.com/MikeAustin71/errpref/epref.go:775.23,777.3 1 1
github.com/MikeAustin71/errpref/epref.go:882.31,884.23 1 1
github.com/MikeAustin71/errpref/epref.go:888.2,899.26 4 1
github.com/MikeAustin71/errpref/epref.go:903.2,903.29 1 1
github.com/MikeAustin71/errpref/epref.go:907.2,913.14 2 1
github.com/MikeAustin71/errpref/epref.go:884.23,886.3 1 1
github.com/MikeAustin71/errpref/epref.go:899.26,901.3 1 1
github.com/MikeAustin71/errpref/epref.go:903.29,905.3 1 0
github.com/MikeAustin71/errpref/epref.go:947.35,949.23 1 1
github.com/MikeAustin71/errpref/epref.go:953.2,960.8 4 1
github.com/MikeAustin71/errpref/epref.go:949.23,951.3 1 1
github.com/MikeAustin71/errpref/epref.go:970.61,972.23 1 1
github.com/MikeAustin71/errpref/epref.go:976.2,980.63 3 1
github.com/MikeAustin71/errpref/epref.go:972.23,974.3 1 1
github.com/MikeAustin71/errpref/errprefixdelimiterselectron.go:74.24,76.37 1 1
github.com/MikeAustin71/errpref/errprefixdelimiterselectron.go:80.2,86.29 4 1
github.com/MikeAustin71/errpref/errprefixdelimiterselectron.go:94.2,94.31 1 1
github.com/MikeAustin71/errpref/errprefixdelimiterselectron.go:102.2,109.16 2 1
github.com/MikeAustin71/errpref/errprefixdelimiterselectron.go:113.2,137.12 9 1
github.com/MikeAustin71/errpref/errprefixdelimiterselectron.go:76.37,78.3 1 1
github.com/MikeAustin71/errpref/errprefixdelimiterselectron.go:86.29,92.3 1 0
github.com/MikeAustin71/errpref/errprefixdelimiterselectron.go:94.31,99.3 1 1
github.com/MikeAustin71/errpref/errprefixdelimiterselectron.go:109.16,111.3 1 1
github.com/MikeAustin71/errpref/errprefixdelimiterselectron.go:187.9,189.37 1 1
github.com/MikeAustin71/errpref/errprefixdelimiterselectron.go:193.2,201.23 5 1
github.com/MikeAustin71/errpref/errprefixdelimiterselectron.go:210.2,219.16 3 1
github.com/MikeAustin71/errpref/errprefixdelimiterselectron.go:223.2,249.27 10 1
github.com/MikeAustin71/errpref/errprefixdelimiterselectron.go:189.37,191.3 1 1
github.com/MikeAustin71/errpref/errprefixdelimiterselectron.go:201.23,208.3 1 0
github.com/MikeAustin71/errpref/errprefixdelimiterselectron.go:219.16,221.3 1 1
github.com/MikeAustin71/errpref/errprefixdelimiterselectron.go:310.13,312.37 1 1
github.com/MikeAustin71/errpref/errprefixdelimiterselectron.go:316.2,324.26 5 1
github.com/MikeAustin71/errpref/errprefixdelimiterselectron.go:333.2,333.26 1 1
github.com/MikeAustin71/errpref/errprefixdelimiterselectron.go:342.2,343.39 1 1
github.com/MikeAustin71/errpref/errprefixdelimiterselectron.go:348.2,349.42 1 1
github.com/MikeAustin71/errpref/errprefixdelimiterselectron.go:354.2,355.40 1 1
github.com/MikeAustin71/errpref/errprefixdelimiterselectron.go:360.2,361.43 1 1
github.com/MikeAustin71/errpref/errprefixdelimiterselectron.go:366.2,367.40 1 1
github.com/MikeAustin71/errpref/errprefixdelimiterselectron.go:372.2,373.43 1 1
github.com/MikeAustin71/errpref/errprefixdelimiterselectron.go:378.2,379.41 1 1
github.com/MikeAustin71/errpref/errprefixdelimiterselectron.go:384.2,385.44 1 1
github.com/MikeAustin71/errpref/errprefixdelimiterselectron.go:390.2,392.22 2 1
github.com/MikeAustin71/errpref/errprefixdelimiterselectron.go:312.37,314.3 1 0
github.com/MikeAustin71/errpref/errprefixdelimiterselectron.go:324.26,331.3 2 0
github.com/MikeAustin71/errpref/errprefixdelimiterselectron.go:333.26,340.3 2 0
github.com/MikeAustin71/errpref/errprefixdelimiterselectron.go:343.39,346.3 1 0
github.com/MikeAustin71/errpref/errprefixdelimiterselectron.go:349.42,352.3 1 0
github.com/MikeAustin71/errpref/errprefixdelimiterselectron.go:355.40,358.3 1 0
github.com/MikeAustin71/errpref/errprefixdelimiterselectron.go:361.43,364.3 1 0
github.com/MikeAustin71/errpref/errprefixdelimiterselectron.go:367.40,370.3 1 0
github.com/MikeAustin71/errpref/errprefixdelimiterselectron.go:373.43,376.3 1 0
github.com/MikeAustin71/errpref/errprefixdelimiterselectron.go:379.41,382.3 1 0
github.com/MikeAustin71/errpref/errprefixdelimiterselectron.go:385.44,388.3 1 0
github.com/MikeAustin71/errpref/errprefixdelimiterselectron.go:397.91,399.37 1 1
github.com/MikeAustin71/errpref/errprefixdelimiterselectron.go:403.2,409.3 3 1
github.com/MikeAustin71/errpref/errprefixdelimiterselectron.go:399.37,401.3 1 1
github.com/MikeAustin71/errpref/errprefixdtoquark.go:14.65,16.31 1 1
github.com/MikeAustin71/errpref/errprefixdtoquark.go:20.2,26.3 3 1
github.com/MikeAustin71/errpref/errprefixdtoquark.go:16.31,18.3 1 1
github.com/MikeAustin71/errpref/errprefixdtoquark.go:37.27,39.31 1 1
github.com/MikeAustin71/errpref/errprefixdtoquark.go:43.2,50.23 4 1
github.com/MikeAustin71/errpref/errprefixdtoquark.go:57.2,57.32 1 1
github.com/MikeAustin71/errpref/errprefixdtoquark.go:61.2,63.22 2 1
github.com/MikeAustin71/errpref/errprefixdtoquark.go:67.2,67.35 1 1
github.com/MikeAustin71/errpref/errprefixdtoquark.go:71.2,73.12 2 1
github.com/MikeAustin71/errpref/errprefixdtoquark.go:39.31,41.3 1 0
github.com/MikeAustin71/errpref/errprefixdtoquark.go:50.23,55.3 1 0
github.com/MikeAustin71/errpref/errprefixdtoquark.go:57.32,59.3 1 1
github.com/MikeAustin71/errpref/errprefixdtoquark.go:63.22,65.3 1 0
github.com/MikeAustin71/errpref/errprefixdtoquark.go:67.35,69.3 1 1
github.com/MikeAustin71/errpref/errprefixdtoquark.go:122.13,124.31 1 1
github.com/MikeAustin71/errpref/errprefixdtoquark.go:128.2,137.23 5 1
github.com/MikeAustin71/errpref/errprefixdtoquark.go:147.2,147.48 1 1
github.com/MikeAustin71/errpref/errprefixdtoquark.go:158.2,161.16 2 1
github.com/MikeAustin71/errpref/errprefixdtoquark.go:165.2,168.16 2 1
github.com/MikeAustin71/errpref/errprefixdtoquark.go:172.2,174.21 2 1
github.com/MikeAustin71/errpref/errprefixdtoquark.go:124.31,126.3 1 0
github.com/MikeAustin71/errpref/errprefixdtoquark.go:137.23,144.3 2 0
github.com/MikeAustin71/errpref/errprefixdtoquark.go:147.48,156.3 2 1
github.com/MikeAustin71/errpref/errprefixdtoquark.go:161.16,163.3 1 0
github.com/MikeAustin71/errpref/errprefixdtoquark.go:168.16,170.3 1 0
github.com/MikeAustin71/errpref/eprefelectron.go:26.19,28.31 1 1
github.com/MikeAustin71/errpref/eprefelectron.go:32.2,41.45 6 1
github.com/MikeAustin71/errpref/eprefelectron.go:45.2,54.25 3 1
github.com/MikeAustin71/errpref/eprefelectron.go:62.2,62.45 1 1
github.com/MikeAustin71/errpref/eprefelectron.go:66.2,68.30 3 1
github.com/MikeAustin71/errpref/eprefelectron.go:28.31,30.3 1 1
github.com/MikeAustin71/errpref/eprefelectron.go:41.45,43.3 1 1
github.com/MikeAustin71/errpref/eprefelectron.go:54.25,55.38 1 1
github.com/MikeAustin71/errpref/eprefelectron.go:55.38,59.4 1 1
github.com/MikeAustin71/errpref/eprefelectron.go:62.45,64.3 1 0
github.com/MikeAustin71/errpref/eprefelectron.go:85.19,87.31 1 1
github.com/MikeAustin71/errpref/eprefelectron.go:91.2,100.48 6 1
github.com/MikeAustin71/errpref/eprefelectron.go:104.2,112.25 3 1
github.com/MikeAustin71/errpref/eprefelectron.go:118.2,118.48 1 1
github.com/MikeAustin71/errpref/eprefelectron.go:122.2,124.30 3 1
github.com/MikeAustin71/errpref/eprefelectron.go:87.31,89.3 1 1
github.com/MikeAustin71/errpref/eprefelectron.go:100.48,102.3 1 1
github.com/MikeAustin71/errpref/eprefelectron.go:112.25,113.38 1 1
github.com/MikeAustin71/errpref/eprefelectron.go:113.38,115.4 1 1
github.com/MikeAustin71/errpref/eprefelectron.go:118.48,120.3 1 0
github.com/MikeAustin71/errpref/eprefelectron.go:160.34,162.31 1 1
github.com/MikeAustin71/errpref/eprefelectron.go:166.2,178.19 7 1
github.com/MikeAustin71/errpref/eprefelectron.go:162.31,164.3 1 1
github.com/MikeAustin71/errpref/eprefelectron.go:184.61,186.31 1 1
github.com/MikeAustin71/errpref/eprefelectron.go:190.2,194.27 3 1
github.com/MikeAustin71/errpref/eprefelectron.go:186.31,188.3 1 1
github.com/MikeAustin71/errpref/eprefmolecule.go:53.41,55.31 1 1
github.com/MikeAustin71/errpref/eprefmolecule.go:59.2,65.23 4 1
github.com/MikeAustin71/errpref/eprefmolecule.go:71.2,71.24 1 1
github.com/MikeAustin71/errpref/eprefmolecule.go:77.2,80.16 2 1
github.com/MikeAustin71/errpref/eprefmolecule.go:84.2,86.48 2 1
github.com/MikeAustin71/errpref/eprefmolecule.go:95.2,95.58 1 1
github.com/MikeAustin71/errpref/eprefmolecule.go:137.2,139.44 2 1
github.com/MikeAustin71/errpref/eprefmolecule.go:147.2,153.12 5 1
github.com/MikeAustin71/errpref/eprefmolecule.go:55.31,57.3 1 1
github.com/MikeAustin71/errpref/eprefmolecule.go:65.23,69.3 1 0
github.com/MikeAustin71/errpref/eprefmolecule.go:71.24,75.3 1 0
github.com/MikeAustin71/errpref/eprefmolecule.go:80.16,82.3 1 0
github.com/MikeAustin71/errpref/eprefmolecule.go:86.48,93.3 1 0
github.com/MikeAustin71/errpref/eprefmolecule.go:95.58,97.45 1 1
github.com/MikeAustin71/errpref/eprefmolecule.go:105.3,105.59 1 1
github.com/MikeAustin71/errpref/eprefmolecule.go:97.45,103.4 1 1
github.com/MikeAustin71/errpref/eprefmolecule.go:105.59,107.28 1 1
github.com/MikeAustin71/errpref/eprefmolecule.go:112.4,126.14 4 1
github.com/MikeAustin71/errpref/eprefmolecule.go:107.28,110.5 1 1
github.com/MikeAustin71/errpref/eprefmolecule.go:139.44,145.3 2 1
github.com/MikeAustin71/errpref/eprefmolecule.go:196.41,198.31 1 1
github.com/MikeAustin71/errpref/eprefmolecule.go:202.2,208.23 4 1
github.com/MikeAustin71/errpref/eprefmolecule.go:214.2,214.24 1 1
github.com/MikeAustin71/errpref/eprefmolecule.go:220.2,223.16 2 1
github.com/MikeAustin71/errpref/eprefmolecule.go:227.2,229.48 2 1
github.com/MikeAustin71/errpref/eprefmolecule.go:238.2,238.59 1 1
github.com/MikeAustin71/errpref/eprefmolecule.go:263.2,265.44 2 1
github.com/MikeAustin71/errpref/eprefmolecule.go:273.2,277.12 3 1
github.com/MikeAustin71/errpref/eprefmolecule.go:198.31,200.3 1 1
github.com/MikeAustin71/errpref/eprefmolecule.go:208.23,212.3 1 0
github.com/MikeAustin71/errpref/eprefmolecule.go:214.24,218.3 1 0
github.com/MikeAustin71/errpref/eprefmolecule.go:223.16,225.3 1 0
github.com/MikeAustin71/errpref/eprefmolecule.go:229.48,236.3 1 0
github.com/MikeAustin71/errpref/eprefmolecule.go:238.59,240.45 1 1
github.com/MikeAustin71/errpref/eprefmolecule.go:248.3,248.60 1 1
github.com/MikeAustin71/errpref/eprefmolecule.go:240.45,246.4 1 1
github.com/MikeAustin71/errpref/eprefmolecule.go:248.60,250.28 1 0
github.com/MikeAustin71/errpref/eprefmolecule.go:255.4,258.14 2 0
github.com/MikeAustin71/errpref/eprefmolecule.go:250.28,253.5 1 0
github.com/MikeAustin71/errpref/eprefmolecule.go:265.44,271.3 2 1
github.com/MikeAustin71/errpref/eprefquark.go:110.13,112.28 1 1
github.com/MikeAustin71/errpref/eprefquark.go:116.2,120.22 3 1
github.com/MikeAustin71/errpref/eprefquark.go:124.2,128.31 3 1
github.com/MikeAustin71/errpref/eprefquark.go:137.2,140.44 3 1
github.com/MikeAustin71/errpref/eprefquark.go:193.2,193.24 1 1
github.com/MikeAustin71/errpref/eprefquark.go:112.28,114.3 1 1
github.com/MikeAustin71/errpref/eprefquark.go:120.22,122.3 1 0
github.com/MikeAustin71/errpref/eprefquark.go:128.31,135.3 2 1
github.com/MikeAustin71/errpref/eprefquark.go:140.44,143.16 2 1
github.com/MikeAustin71/errpref/eprefquark.go:144.10,145.27 1 1
github.com/MikeAustin71/errpref/eprefquark.go:146.10,147.26 1 1
github.com/MikeAustin71/errpref/eprefquark.go:148.10,149.26 1 1
github.com/MikeAustin71/errpref/eprefquark.go:150.10,151.26 1 1
github.com/MikeAustin71/errpref/eprefquark.go:152.10,153.26 1 1
github.com/MikeAustin71/errpref/eprefquark.go:154.10,155.26 1 1
github.com/MikeAustin71/errpref/eprefquark.go:156.10,157.26 1 1
github.com/MikeAustin71/errpref/eprefquark.go:158.13,159.24 1 1
github.com/MikeAustin71/errpref/eprefquark.go:160.13,161.24 1 1
github.com/MikeAustin71/errpref/eprefquark.go:162.13,163.24 1 1
github.com/MikeAustin71/errpref/eprefquark.go:164.13,165.24 1 1
github.com/MikeAustin71/errpref/eprefquark.go:166.13,167.24 1 1
github.com/MikeAustin71/errpref/eprefquark.go:168.13,169.24 1 1
github.com/MikeAustin71/errpref/eprefquark.go:170.13,171.24 1 1
github.com/MikeAustin71/errpref/eprefquark.go:172.11,173.25 1 1
github.com/MikeAustin71/errpref/eprefquark.go:174.11,175.25 1 1
github.com/MikeAustin71/errpref/eprefquark.go:176.13,177.23 1 1
github.com/MikeAustin71/errpref/eprefquark.go:178.12,180.20 1 1
github.com/MikeAustin71/errpref/eprefquark.go:186.11,187.22 1 1
github.com/MikeAustin71/errpref/eprefquark.go:180.20,182.5 1 1
github.com/MikeAustin71/errpref/eprefquark.go:182.10,184.5 1 1
github.com/MikeAustin71/errpref/eprefquark.go:271.13,273.28 1 1
github.com/MikeAustin71/errpref/eprefquark.go:277.2,281.22 3 1
github.com/MikeAustin71/errpref/eprefquark.go:285.2,291.28 4 1
github.com/MikeAustin71/errpref/eprefquark.go:300.2,356.31 20 1
github.com/MikeAustin71/errpref/eprefquark.go:273.28,275.3 1 1
github.com/MikeAustin71/errpref/eprefquark.go:281.22,283.3 1 1
github.com/MikeAustin71/errpref/eprefquark.go:291.28,298.3 2 0
github.com/MikeAustin71/errpref/eprefquark.go:380.68,382.28 1 1
github.com/MikeAustin71/errpref/eprefquark.go:386.2,390.38 3 1
github.com/MikeAustin71/errpref/eprefquark.go:394.2,400.46 4 1
github.com/MikeAustin71/errpref/eprefquark.go:407.2,410.33 2 1
github.com/MikeAustin71/errpref/eprefquark.go:382.28,384.3 1 1
github.com/MikeAustin71/errpref/eprefquark.go:390.38,392.3 1 0
github.com/MikeAustin71/errpref/eprefquark.go:400.46,405.3 1 0
github.com/MikeAustin71/errpref/eprefquark.go:417.74,419.28 1 1
github.com/MikeAustin71/errpref/eprefquark.go:423.2,427.38 3 1
github.com/MikeAustin71/errpref/eprefquark.go:431.2,440.33 5 1
github.com/MikeAustin71/errpref/eprefquark.go:419.28,421.3 1 1
github.com/MikeAustin71/errpref/eprefquark.go:427.38,429.3 1 1
github.com/MikeAustin71/errpref/eprefquark.go:447.25,449.28 1 1
github.com/MikeAustin71/errpref/eprefquark.go:453.2,459.33 4 1
github.com/MikeAustin71/errpref/eprefquark.go:465.2,465.13 1 1
github.com/MikeAustin71/errpref/eprefquark.go:449.28,451.3 1 1
github.com/MikeAustin71/errpref/eprefquark.go:459.33,460.26 1 1
github.com/MikeAustin71/errpref/eprefquark.go:460.26,462.4 1 1
github.com/MikeAustin71/errpref/eprefquark.go:471.52,473.28 1 1
github.com/MikeAustin71/errpref/eprefquark.go:477.2,481.24 3 1
github.com/MikeAustin71/errpref/eprefquark.go:473.28,475.3 1 1
github.com/MikeAustin71/errpref/eprefquark.go:486.74,488.28 1 1
github.com/MikeAustin71/errpref/eprefquark.go:492.2,496.38 3 1
github.com/MikeAustin71/errpref/eprefquark.go:500.2,505.32 3 1
github.com/MikeAustin71/errpref/eprefquark.go:488.28,490.3 1 1
github.com/MikeAustin71/errpref/eprefquark.go:496.38,498.3 1 0
github.com/MikeAustin71/errpref/eprefquark.go:541.33,543.28 1 1
github.com/MikeAustin71/errpref/eprefquark.go:547.2,551.38 3 1
github.com/MikeAustin71/errpref/eprefquark.go:555.2,559.35 3 1
github.com/MikeAustin71/errpref/eprefquark.go:563.2,566.8 2 1
github.com/MikeAustin71/errpref/eprefquark.go:543.28,545.3 1 1
github.com/MikeAustin71/errpref/eprefquark.go:551.38,553.3 1 0
github.com/MikeAustin71/errpref/eprefquark.go:559.35,561.3 1 0
github.com/MikeAustin71/errpref/errprefixdtoatom.go:18.27,20.32 1 1
github.com/MikeAustin71/errpref/errprefixdtoatom.go:24.2,32.25 4 1
github.com/MikeAustin71/errpref/errprefixdtoatom.go:39.2,43.25 3 1
github.com/MikeAustin71/errpref/errprefixdtoatom.go:47.2,49.24 2 1
github.com/MikeAustin71/errpref/errprefixdtoatom.go:53.2,55.37 2 1
github.com/MikeAustin71/errpref/errprefixdtoatom.go:74.2,77.12 2 1
github.com/MikeAustin71/errpref/errprefixdtoatom.go:20.32,22.3 1 1
github.com/MikeAustin71/errpref/errprefixdtoatom.go:32.25,37.3 1 0
github.com/MikeAustin71/errpref/errprefixdtoatom.go:43.25,45.3 1 1
github.com/MikeAustin71/errpref/errprefixdtoatom.go:49.24,51.3 1 0
github.com/MikeAustin71/errpref/errprefixdtoatom.go:55.37,72.3 2 1
github.com/MikeAustin71/errpref/errprefixdtoatom.go:90.36,92.32 1 1
github.com/MikeAustin71/errpref/errprefixdtoatom.go:96.2,101.24 3 1
github.com/MikeAustin71/errpref/errprefixdtoatom.go:105.2,114.34 5 1
github.com/MikeAustin71/errpref/errprefixdtoatom.go:118.2,119.32 1 1
github.com/MikeAustin71/errpref/errprefixdtoatom.go:123.2,124.49 1 1
github.com/MikeAustin71/errpref/errprefixdtoatom.go:128.2,129.36 1 1
github.com/MikeAustin71/errpref/errprefixdtoatom.go:133.2,134.38 1 1
github.com/MikeAustin71/errpref/errprefixdtoatom.go:138.2,139.39 1 1
github.com/MikeAustin71/errpref/errprefixdtoatom.go:143.2,144.44 1 1
github.com/MikeAustin71/errpref/errprefixdtoatom.go:148.2,148.35 1 1
github.com/MikeAustin71/errpref/errprefixdtoatom.go:153.2,153.35 1 1
github.com/MikeAustin71/errpref/errprefixdtoatom.go:158.2,164.52 3 1
github.com/MikeAustin71/errpref/errprefixdtoatom.go:168.2,168.32 1 1
github.com/MikeAustin71/errpref/errprefixdtoatom.go:172.2,172.45 1 1
github.com/MikeAustin71/errpref/errprefixdtoatom.go:178.2,178.13 1 1
github.com/MikeAustin71/errpref/errprefixdtoatom.go:92.32,94.3 1 1
github.com/MikeAustin71/errpref/errprefixdtoatom.go:101.24,103.3 1 0
github.com/MikeAustin71/errpref/errprefixdtoatom.go:114.34,116.3 1 0
github.com/MikeAustin71/errpref/errprefixdtoatom.go:119.32,121.3 1 0
github.com/MikeAustin71/errpref/errprefixdtoatom.go:124.49,126.3 1 0
github.com/MikeAustin71/errpref/errprefixdtoatom.go:129.36,131.3 1 0
github.com/MikeAustin71/errpref/errprefixdtoatom.go:134.38,136.3 1 0
github.com/MikeAustin71/errpref/errprefixdtoatom.go:139.39,141.3 1 0
github.com/MikeAustin71/errpref/errprefixdtoatom.go:144.44,146.3 1 1
github.com/MikeAustin71/errpref/errprefixdtoatom.go:148.35,151.3 1 1
github.com/MikeAustin71/errpref/errprefixdtoatom.go:153.35,156.3 1 1
github.com/MikeAustin71/errpref/errprefixdtoatom.go:164.52,166.3 1 1
github.com/MikeAustin71/errpref/errprefixdtoatom.go:168.32,170.3 1 1
github.com/MikeAustin71/errpref/errprefixdtoatom.go:172.45,173.67 1 1
github.com/MikeAustin71/errpref/errprefixdtoatom.go:173.67,175.4 1 0
github.com/MikeAustin71/errpref/errprefixdtoatom.go:236.21,238.32 1 1
github.com/MikeAustin71/errpref/errprefixdtoatom.go:242.2,248.31 4 1
github.com/MikeAustin71/errpref/errprefixdtoatom.go:256.2,256.33 1 1
github.com/MikeAustin71/errpref/errprefixdtoatom.go:263.2,273.16 4 1
github.com/MikeAustin71/errpref/errprefixdtoatom.go:277.2,289.16 4 1
github.com/MikeAustin71/errpref/errprefixdtoatom.go:293.2,299.16 2 1
github.com/MikeAustin71/errpref/errprefixdtoatom.go:303.2,312.42 4 1
github.com/MikeAustin71/errpref/errprefixdtoatom.go:317.2,325.30 3 1
github.com/MikeAustin71/errpref/errprefixdtoatom.go:329.2,333.12 2 1
github.com/MikeAustin71/errpref/errprefixdtoatom.go:238.32,240.3 1 1
github.com/MikeAustin71/errpref/errprefixdtoatom.go:248.31,254.3 1 0
github.com/MikeAustin71/errpref/errprefixdtoatom.go:256.33,261.3 1 1
github.com/MikeAustin71/errpref/errprefixdtoatom.go:273.16,275.3 1 1
github.com/MikeAustin71/errpref/errprefixdtoatom.go:289.16,291.3 1 0
github.com/MikeAustin71/errpref/errprefixdtoatom.go:299.16,301.3 1 0
github.com/MikeAustin71/errpref/errprefixdtoatom.go:312.42,315.3 2 0
github.com/MikeAustin71/errpref/errprefixdtoatom.go:325.30,327.3 1 0
github.com/MikeAustin71/errpref/errprefixdtoatom.go:384.13,386.32 1 1
github.com/MikeAustin71/errpref/errprefixdtoatom.go:390.2,398.23 5 1
github.com/MikeAustin71/errpref/errprefixdtoatom.go:408.2,420.48 6 1
github.com/MikeAustin71/errpref/errprefixdtoatom.go:427.2,433.16 2 1
github.com/MikeAustin71/errpref/errprefixdtoatom.go:437.2,443.16 2 1
github.com/MikeAustin71/errpref/errprefixdtoatom.go:447.2,456.32 4 1
github.com/MikeAustin71/errpref/errprefixdtoatom.go:463.2,471.30 3 1
github.com/MikeAustin71/errpref/errprefixdtoatom.go:475.2,479.27 2 1
github.com/MikeAustin71/errpref/errprefixdtoatom.go:386.32,388.3 1 1
github.com/MikeAustin71/errpref/errprefixdtoatom.go:398.23,406.3 2 0
github.com/MikeAustin71/errpref/errprefixdtoatom.go:420.48,425.3 1 1
github.com/MikeAustin71/errpref/errprefixdtoatom.go:433.16,435.3 1 0
github.com/MikeAustin71/errpref/errprefixdtoatom.go:443.16,445.3 1 0
github.com/MikeAustin71/errpref/errprefixdtoatom.go:456.32,461.3 2 1
github.com/MikeAustin71/errpref/errprefixdtoatom.go:471.30,473.3 1 1
github.com/MikeAustin71/errpref/errprefixdtoatom.go:530.39,532.32 1 1
github.com/MikeAustin71/errpref/errprefixdtoatom.go:536.2,540.30 3 1
github.com/MikeAustin71/errpref/errprefixdtoatom.go:544.2,544.25 1 1
github.com/MikeAustin71/errpref/errprefixdtoatom.go:548.2,555.28 4 1
github.com/MikeAustin71/errpref/errprefixdtoatom.go:559.2,577.22 6 1
github.com/MikeAustin71/errpref/errprefixdtoatom.go:581.2,590.35 5 1
github.com/MikeAustin71/errpref/errprefixdtoatom.go:634.2,634.8 1 1
github.com/MikeAustin71/errpref/errprefixdtoatom.go:532.32,534.3 1 1
github.com/MikeAustin71/errpref/errprefixdtoatom.go:540.30,542.3 1 1
github.com/MikeAustin71/errpref/errprefixdtoatom.go:544.25,546.3 1 1
github.com/MikeAustin71/errpref/errprefixdtoatom.go:555.28,557.3 1 0
github.com/MikeAustin71/errpref/errprefixdtoatom.go:577.22,579.3 1 0
github.com/MikeAustin71/errpref/errprefixdtoatom.go:590.35,597.23 3 1
github.com/MikeAustin71/errpref/errprefixdtoatom.go:597.23,605.18 2 1
github.com/MikeAustin71/errpref/errprefixdtoatom.go:609.4,609.58 1 1
github.com/MikeAustin71/errpref/errprefixdtoatom.go:605.18,606.13 1 1
github.com/MikeAustin71/errpref/errprefixdtoatom.go:611.9,625.18 4 1
github.com/MikeAustin71/errpref/errprefixdtoatom.go:629.4,629.58 1 1
github.com/MikeAustin71/errpref/errprefixdtoatom.go:625.18,626.13 1 0
github.com/MikeAustin71/errpref/errprefixdtoatom.go:640.64,642.32 1 1
github.com/MikeAustin71/errpref/errprefixdtoatom.go:646.2,650.28 3 1
github.com/MikeAustin71/errpref/errprefixdtoatom.go:642.32,644.3 1 1
github.com/MikeAustin71/errpref/errprefixdtoatom.go:657.38,659.32 1 1
github.com/MikeAustin71/errpref/errprefixdtoatom.go:663.2,667.29 3 1
github.com/MikeAustin71/errpref/errprefixdtoatom.go:671.2,673.24 2 1
github.com/MikeAustin71/errpref/errprefixdtoatom.go:677.2,679.37 2 1
github.com/MikeAustin71/errpref/errprefixdtoatom.go:696.2,696.8 1 1
github.com/MikeAustin71/errpref/errprefixdtoatom.go:659.32,661.3 1 1
github.com/MikeAustin71/errpref/errprefixdtoatom.go:667.29,669.3 1 1
github.com/MikeAustin71/errpref/errprefixdtoatom.go:673.24,675.3 1 1
github.com/MikeAustin71/errpref/errprefixdtoatom.go:679.37,683.12 2 1
github.com/MikeAustin71/errpref/errprefixdtoatom.go:684.10,686.45 2 1
github.com/MikeAustin71/errpref/errprefixdtoatom.go:687.16,689.44 2 1
github.com/MikeAustin71/errpref/errprefixdtoatom.go:690.11,692.45 2 1
github.com/MikeAustin71/errpref/errprefixdtomechanics.go:15.72,17.30 1 1
github.com/MikeAustin71/errpref/errprefixdtomechanics.go:21.2,27.3 3 1
github.com/MikeAustin71/errpref/errprefixdtomechanics.go:17.30,19.3 1 1
github.com/MikeAustin71/errpref/errprefixdtomechanics.go:45.13,47.30 1 1
github.com/MikeAustin71/errpref/errprefixdtomechanics.go:51.2,60.23 5 1
github.com/MikeAustin71/errpref/errprefixdtomechanics.go:69.2,71.17 2 1
github.com/MikeAustin71/errpref/errprefixdtomechanics.go:75.2,77.30 2 1
github.com/MikeAustin71/errpref/errprefixdtomechanics.go:86.2,86.26 1 1
github.com/MikeAustin71/errpref/errprefixdtomechanics.go:47.30,49.3 1 0
github.com/MikeAustin71/errpref/errprefixdtomechanics.go:60.23,67.3 2 0
github.com/MikeAustin71/errpref/errprefixdtomechanics.go:71.17,73.3 1 0
github.com/MikeAustin71/errpref/errprefixdtomechanics.go:77.30,84.3 2 1
github.com/MikeAustin71/errpref/errprefixdtomechanics.go:190.29,192.30 1 1
github.com/MikeAustin71/errpref/errprefixdtomechanics.go:196.2,203.23 4 1
github.com/MikeAustin71/errpref/errprefixdtomechanics.go:210.2,223.17 7 1
github.com/MikeAustin71/errpref/errprefixdtomechanics.go:227.2,232.19 2 1
github.com/MikeAustin71/errpref/errprefixdtomechanics.go:237.2,245.8 4 1
github.com/MikeAustin71/errpref/errprefixdtomechanics.go:253.2,259.8 3 1
github.com/MikeAustin71/errpref/errprefixdtomechanics.go:267.2,273.8 3 1
github.com/MikeAustin71/errpref/errprefixdtomechanics.go:281.2,287.8 3 1
github.com/MikeAustin71/errpref/errprefixdtomechanics.go:296.2,302.8 3 1
github.com/MikeAustin71/errpref/errprefixdtomechanics.go:311.2,317.8 3 1
github.com/MikeAustin71/errpref/errprefixdtomechanics.go:326.2,332.8 3 1
github.com/MikeAustin71/errpref/errprefixdtomechanics.go:341.2,347.8 3 1
github.com/MikeAustin71/errpref/errprefixdtomechanics.go:355.2,361.8 3 1
github.com/MikeAustin71/errpref/errprefixdtomechanics.go:377.2,397.24 3 0
github.com/MikeAustin71/errpref/errprefixdtomechanics.go:420.2,421.10 1 0
github.com/MikeAustin71/errpref/errprefixdtomechanics.go:192.30,194.3 1 0
github.com/MikeAustin71/errpref/errprefixdtomechanics.go:203.23,208.3 1 0
github.com/MikeAustin71/errpref/errprefixdtomechanics.go:223.17,225.3 1 0
github.com/MikeAustin71/errpref/errprefixdtomechanics.go:232.19,235.3 1 1
github.com/MikeAustin71/errpref/errprefixdtomechanics.go:245.8,251.3 1 1
github.com/MikeAustin71/errpref/errprefixdtomechanics.go:259.8,265.3 1 1
github.com/MikeAustin71/errpref/errprefixdtomechanics.go:273.8,279.3 1 1
github.com/MikeAustin71/errpref/errprefixdtomechanics.go:287.8,294.3 1 1
github.com/MikeAustin71/errpref/errprefixdtomechanics.go:302.8,309.3 1 1
github.com/MikeAustin71/errpref/errprefixdtomechanics.go:317.8,324.3 1 1
github.com/MikeAustin71/errpref/errprefixdtomechanics.go:332.8,339.3 1 1
github.com/MikeAustin71/errpref/errprefixdtomechanics.go:347.8,353.3 1 1
github.com/MikeAustin71/errpref/errprefixdtomechanics.go:361.8,363.18 1 1
github.com/MikeAustin71/errpref/errprefixdtomechanics.go:367.3,370.16 1 1
github.com/MikeAustin71/errpref/errprefixdtomechanics.go:363.18,365.4 1 0
github.com/MikeAustin71/errpref/errprefixdtomechanics.go:397.24,403.18 2 0
github.com/MikeAustin71/errpref/errprefixdtomechanics.go:403.18,410.4 1 0
github.com/MikeAustin71/errpref/errprefixdtomechanics.go:412.8,418.3 1 0
github.com/MikeAustin71/errpref/errpreflinelengthcalcelectron.go:73.24,75.42 1 1
github.com/MikeAustin71/errpref/errpreflinelengthcalcelectron.go:79.2,85.30 4 1
github.com/MikeAustin71/errpref/errpreflinelengthcalcelectron.go:93.2,93.32 1 1
github.com/MikeAustin71/errpref/errpreflinelengthcalcelectron.go:100.2,107.16 2 1
github.com/MikeAustin71/errpref/errpreflinelengthcalcelectron.go:111.2,117.16 2 1
github.com/MikeAustin71/errpref/errpreflinelengthcalcelectron.go:121.2,130.16 3 1
github.com/MikeAustin71/errpref/errpreflinelengthcalcelectron.go:134.2,140.12 3 1
github.com/MikeAustin71/errpref/errpreflinelengthcalcelectron.go:75.42,77.3 1 1
github.com/MikeAustin71/errpref/errpreflinelengthcalcelectron.go:85.30,91.3 1 0
github.com/MikeAustin71/errpref/errpreflinelengthcalcelectron.go:93.32,98.3 1 0
github.com/MikeAustin71/errpref/errpreflinelengthcalcelectron.go:107.16,109.3 1 0
github.com/MikeAustin71/errpref/errpreflinelengthcalcelectron.go:117.16,119.3 1 0
github.com/MikeAustin71/errpref/errpreflinelengthcalcelectron.go:130.16,132.3 1 0
github.com/MikeAustin71/errpref/errpreflinelengthcalcelectron.go:190.9,192.42 1 1
github.com/MikeAustin71/errpref/errpreflinelengthcalcelectron.go:196.2,204.24 5 1
github.com/MikeAustin71/errpref/errpreflinelengthcalcelectron.go:213.2,220.16 2 1
github.com/MikeAustin71/errpref/errpreflinelengthcalcelectron.go:224.2,230.16 2 1
github.com/MikeAustin71/errpref/errpreflinelengthcalcelectron.go:234.2,243.16 3 1
github.com/MikeAustin71/errpref/errpreflinelengthcalcelectron.go:247.2,253.28 3 1
github.com/MikeAustin71/errpref/errpreflinelengthcalcelectron.go:192.42,194.3 1 1
github.com/MikeAustin71/errpref/errpreflinelengthcalcelectron.go:204.24,211.3 1 0
github.com/MikeAustin71/errpref/errpreflinelengthcalcelectron.go:220.16,222.3 1 0
github.com/MikeAustin71/errpref/errpreflinelengthcalcelectron.go:230.16,232.3 1 0
github.com/MikeAustin71/errpref/errpreflinelengthcalcelectron.go:243.16,245.3 1 0
github.com/MikeAustin71/errpref/errpreflinelengthcalcelectron.go:269.13,271.42 1 1
github.com/MikeAustin71/errpref/errpreflinelengthcalcelectron.go:275.2,283.27 5 1
github.com/MikeAustin71/errpref/errpreflinelengthcalcelectron.go:292.2,292.27 1 1
github.com/MikeAustin71/errpref/errpreflinelengthcalcelectron.go:301.2,302.36 1 1
github.com/MikeAustin71/errpref/errpreflinelengthcalcelectron.go:306.2,307.35 1 1
github.com/MikeAustin71/errpref/errpreflinelengthcalcelectron.go:311.2,312.33 1 1
github.com/MikeAustin71/errpref/errpreflinelengthcalcelectron.go:316.2,317.37 1 1
github.com/MikeAustin71/errpref/errpreflinelengthcalcelectron.go:321.2,323.22 2 1
github.com/MikeAustin71/errpref/errpreflinelengthcalcelectron.go:271.42,273.3 1 0
github.com/MikeAustin71/errpref/errpreflinelengthcalcelectron.go:283.27,290.3 2 0
github.com/MikeAustin71/errpref/errpreflinelengthcalcelectron.go:292.27,299.3 2 0
github.com/MikeAustin71/errpref/errpreflinelengthcalcelectron.go:302.36,304.3 1 0
github.com/MikeAustin71/errpref/errpreflinelengthcalcelectron.go:307.35,309.3 1 0
github.com/MikeAustin71/errpref/errpreflinelengthcalcelectron.go:312.33,314.3 1 0
github.com/MikeAustin71/errpref/errpreflinelengthcalcelectron.go:317.37,319.3 1 0
github.com/MikeAustin71/errpref/errpreflinelengthcalcelectron.go:329.94,331.42 1 1
github.com/MikeAustin71/errpref/errpreflinelengthcalcelectron.go:335.2,341.3 3 1
github.com/MikeAustin71/errpref/errpreflinelengthcalcelectron.go:331.42,333.3 1 1
github.com/MikeAustin71/errpref/errpreflinelengthcalcquark.go:15.85,17.39 1 1
github.com/MikeAustin71/errpref/errpreflinelengthcalcquark.go:21.2,27.3 3 1
github.com/MikeAustin71/errpref/errpreflinelengthcalcquark.go:17.39,19.3 1 1
github.com/MikeAustin71/errpref/errpreflinelengthcalcquark.go:77.13,79.39 1 1
github.com/MikeAustin71/errpref/errpreflinelengthcalcquark.go:83.2,90.29 5 1
github.com/MikeAustin71/errpref/errpreflinelengthcalcquark.go:99.2,103.16 2 1
github.com/MikeAustin71/errpref/errpreflinelengthcalcquark.go:107.2,107.45 1 1
github.com/MikeAustin71/errpref/errpreflinelengthcalcquark.go:116.2,120.16 2 1
github.com/MikeAustin71/errpref/errpreflinelengthcalcquark.go:124.2,124.46 1 1
github.com/MikeAustin71/errpref/errpreflinelengthcalcquark.go:134.2,136.21 2 1
github.com/MikeAustin71/errpref/errpreflinelengthcalcquark.go:79.39,81.3 1 0
github.com/MikeAustin71/errpref/errpreflinelengthcalcquark.go:90.29,97.3 2 0
github.com/MikeAustin71/errpref/errpreflinelengthcalcquark.go:103.16,105.3 1 0
github.com/MikeAustin71/errpref/errpreflinelengthcalcquark.go:107.45,114.3 2 0
github.com/MikeAustin71/errpref/errpreflinelengthcalcquark.go:120.16,122.3 1 0
github.com/MikeAustin71/errpref/errpreflinelengthcalcquark.go:124.46,132.3 2 0
github.com/MikeAustin71/errpref/eprefnanobot.go:44.42,46.30 1 1
github.com/MikeAustin71/errpref/eprefnanobot.go:50.2,66.28 6 1
github.com/MikeAustin71/errpref/eprefnanobot.go:70.2,80.28 4 1
github.com/MikeAustin71/errpref/eprefnanobot.go:87.2,87.33 1 1
github.com/MikeAustin71/errpref/eprefnanobot.go:91.2,95.8 2 1
github.com/MikeAustin71/errpref/eprefnanobot.go:46.30,48.3 1 1
github.com/MikeAustin71/errpref/eprefnanobot.go:66.28,68.3 1 1
github.com/MikeAustin71/errpref/eprefnanobot.go:80.28,85.3 1 1
github.com/MikeAustin71/errpref/eprefnanobot.go:87.33,89.3 1 1
github.com/MikeAustin71/errpref/eprefnanobot.go:105.34,107.30 1 1
github.com/MikeAustin71/errpref/eprefnanobot.go:111.2,127.24 7 1
github.com/MikeAustin71/errpref/eprefnanobot.go:131.2,136.18 4 1
github.com/MikeAustin71/errpref/eprefnanobot.go:107.30,109.3 1 1
github.com/MikeAustin71/errpref/eprefnanobot.go:127.24,129.3 1 0
github.com/MikeAustin71/errpref/eprefnanobot.go:199.45,201.30 1 1
github.com/MikeAustin71/errpref/eprefnanobot.go:205.2,213.30 5 1
github.com/MikeAustin71/errpref/eprefnanobot.go:218.2,221.16 2 1
github.com/MikeAustin71/errpref/eprefnanobot.go:225.2,225.37 1 1
github.com/MikeAustin71/errpref/eprefnanobot.go:231.2,238.16 3 1
github.com/MikeAustin71/errpref/eprefnanobot.go:242.2,255.43 7 1
github.com/MikeAustin71/errpref/eprefnanobot.go:302.2,302.50 1 1
github.com/MikeAustin71/errpref/eprefnanobot.go:309.2,309.37 1 1
github.com/MikeAustin71/errpref/eprefnanobot.go:313.2,315.20 2 1
github.com/MikeAustin71/errpref/eprefnanobot.go:201.30,203.3 1 1
github.com/MikeAustin71/errpref/eprefnanobot.go:213.30,216.3 1 0
github.com/MikeAustin71/errpref/eprefnanobot.go:221.16,223.3 1 0
github.com/MikeAustin71/errpref/eprefnanobot.go:225.37,229.3 1 0
github.com/MikeAustin71/errpref/eprefnanobot.go:238.16,240.3 1 0
github.com/MikeAustin71/errpref/eprefnanobot.go:255.43,257.19 1 1
github.com/MikeAustin71/errpref/eprefnanobot.go:261.3,266.17 2 1
github.com/MikeAustin71/errpref/eprefnanobot.go:270.3,274.17 2 1
github.com/MikeAustin71/errpref/eprefnanobot.go:278.3,278.46 1 1
github.com/MikeAustin71/errpref/eprefnanobot.go:257.19,259.4 1 1
github.com/MikeAustin71/errpref/eprefnanobot.go:266.17,268.4 1 0
github.com/MikeAustin71/errpref/eprefnanobot.go:274.17,276.4 1 0
github.com/MikeAustin71/errpref/eprefnanobot.go:278.46,284.18 2 1
github.com/MikeAustin71/errpref/eprefnanobot.go:288.4,288.12 1 1
github.com/MikeAustin71/errpref/eprefnanobot.go:284.18,286.5 1 0
github.com/MikeAustin71/errpref/eprefnanobot.go:289.9,295.18 2 1
github.com/MikeAustin71/errpref/eprefnanobot.go:295.18,297.5 1 0
github.com/MikeAustin71/errpref/eprefnanobot.go:302.50,307.3 1 1
github.com/MikeAustin71/errpref/eprefnanobot.go:309.37,311.3 1 1
github.com/MikeAustin71/errpref/eprefnanobot.go:321.58,323.30 1 1
github.com/MikeAustin71/errpref/eprefnanobot.go:327.2,331.26 3 1
github.com/MikeAustin71/errpref/eprefnanobot.go:323.30,325.3 1 1
github.com/MikeAustin71/errpref/eprefnanobot.go:383.41,385.30 1 1
github.com/MikeAustin71/errpref/eprefnanobot.go:389.2,403.22 5 1
github.com/MikeAustin71/errpref/eprefnanobot.go:407.2,407.32 1 1
github.com/MikeAustin71/errpref/eprefnanobot.go:411.2,413.24 2 1
github.com/MikeAustin71/errpref/eprefnanobot.go:417.2,422.8 3 1
github.com/MikeAustin71/errpref/eprefnanobot.go:385.30,387.3 1 1
github.com/MikeAustin71/errpref/eprefnanobot.go:403.22,405.3 1 0
github.com/MikeAustin71/errpref/eprefnanobot.go:407.32,409.3 1 0
github.com/MikeAustin71/errpref/eprefnanobot.go:413.24,415.3 1 0
github.com/MikeAustin71/errpref/errorprefixinfoquark.go:59.13,61.31 1 1
github.com/MikeAustin71/errpref/errorprefixinfoquark.go:65.2,72.26 5 1
github.com/MikeAustin71/errpref/errorprefixinfoquark.go:81.2,84.42 2 1
github.com/MikeAustin71/errpref/errorprefixinfoquark.go:93.2,96.43 2 1
github.com/MikeAustin71/errpref/errorprefixinfoquark.go:102.2,104.21 2 1
github.com/MikeAustin71/errpref/errorprefixinfoquark.go:61.31,63.3 1 1
github.com/MikeAustin71/errpref/errorprefixinfoquark.go:72.26,79.3 2 0
github.com/MikeAustin71/errpref/errorprefixinfoquark.go:84.42,91.3 2 1
github.com/MikeAustin71/errpref/errorprefixinfoquark.go:96.43,98.3 1 1
github.com/MikeAustin71/errpref/errorprefixinfoquark.go:98.8,100.3 1 1
github.com/MikeAustin71/errpref/errprefixdelimitersmechanics.go:14.93,16.37 1 1
github.com/MikeAustin71/errpref/errprefixdelimitersmechanics.go:20.2,26.3 3 1
github.com/MikeAustin71/errpref/errprefixdelimitersmechanics.go:16.37,18.3 1 1
github.com/MikeAustin71/errpref/errprefixdelimitersmechanics.go:113.13,115.37 1 1
github.com/MikeAustin71/errpref/errprefixdelimitersmechanics.go:119.2,125.28 4 1
github.com/MikeAustin71/errpref/errprefixdelimitersmechanics.go:134.2,134.39 1 1
github.com/MikeAustin71/errpref/errprefixdelimitersmechanics.go:143.2,143.38 1 1
github.com/MikeAustin71/errpref/errprefixdelimitersmechanics.go:152.2,152.40 1 1
github.com/MikeAustin71/errpref/errprefixdelimitersmechanics.go:161.2,161.39 1 1
github.com/MikeAustin71/errpref/errprefixdelimitersmechanics.go:170.2,194.12 9 1
github.com/MikeAustin71/errpref/errprefixdelimitersmechanics.go:115.37,117.3 1 0
github.com/MikeAustin71/errpref/errprefixdelimitersmechanics.go:125.28,132.3 2 0
github.com/MikeAustin71/errpref/errprefixdelimitersmechanics.go:134.39,141.3 2 1
github.com/MikeAustin71/errpref/errprefixdelimitersmechanics.go:143.38,150.3 2 1
github.com/MikeAustin71/errpref/errprefixdelimitersmechanics.go:152.40,159.3 2 1
github.com/MikeAustin71/errpref/errprefixdelimitersmechanics.go:161.39,168.3 2 1
github.com/MikeAustin71/errpref/errprefixdelimitersmechanics.go:204.13,206.37 1 1
github.com/MikeAustin71/errpref/errprefixdelimitersmechanics.go:210.2,216.28 4 1
github.com/MikeAustin71/errpref/errprefixdelimitersmechanics.go:225.2,252.12 10 1
github.com/MikeAustin71/errpref/errprefixdelimitersmechanics.go:206.37,208.3 1 0
github.com/MikeAustin71/errpref/errprefixdelimitersmechanics.go:216.28,223.3 2 0
github.com/MikeAustin71/errpref/errprefixdelimitersquark.go:19.13,21.34 1 1
github.com/MikeAustin71/errpref/errprefixdelimitersquark.go:25.2,31.23 4 1
github.com/MikeAustin71/errpref/errprefixdelimitersquark.go:40.2,49.12 9 1
github.com/MikeAustin71/errpref/errprefixdelimitersquark.go:21.34,23.3 1 0
github.com/MikeAustin71/errpref/errprefixdelimitersquark.go:31.23,38.3 2 0
github.com/MikeAustin71/errpref/errprefixdelimitersquark.go:54.82,56.34 1 1
github.com/MikeAustin71/errpref/errprefixdelimitersquark.go:60.2,66.3 3 1
github.com/MikeAustin71/errpref/errprefixdelimitersquark.go:56.34,58.3 1 1
github.com/MikeAustin71/errpref/errprefixdelimitersquark.go:116.13,118.34 1 1
github.com/MikeAustin71/errpref/errprefixdelimitersquark.go:122.2,129.23 5 1
github.com/MikeAustin71/errpref/errprefixdelimitersquark.go:138.2,141.46 2 1
github.com/MikeAustin71/errpref/errprefixdelimitersquark.go:151.2,154.47 2 1
github.com/MikeAustin71/errpref/errprefixdelimitersquark.go:164.2,167.47 2 1
github.com/MikeAustin71/errpref/errprefixdelimitersquark.go:177.2,180.48 2 1
github.com/MikeAustin71/errpref/errprefixdelimitersquark.go:190.2,192.21 2 1
github.com/MikeAustin71/errpref/errprefixdelimitersquark.go:118.34,120.3 1 1
github.com/MikeAustin71/errpref/errprefixdelimitersquark.go:129.23,136.3 2 0
github.com/MikeAustin71/errpref/errprefixdelimitersquark.go:141.46,149.3 2 1
github.com/MikeAustin71/errpref/errprefixdelimitersquark.go:154.47,162.3 2 0
github.com/MikeAustin71/errpref/errprefixdelimitersquark.go:167.47,175.3 2 0
github.com/MikeAustin71/errpref/errprefixdelimitersquark.go:180.48,188.3 2 0
github.com/MikeAustin71/errpref/errprefixdtonanobot.go:34.28,36.35 1 1
github.com/MikeAustin71/errpref/errprefixdtonanobot.go:40.2,44.23 3 1
github.com/MikeAustin71/errpref/errprefixdtonanobot.go:48.2,54.24 4 1
github.com/MikeAustin71/errpref/errprefixdtonanobot.go:58.2,63.8 3 1
github.com/MikeAustin71/errpref/errprefixdtonanobot.go:36.35,38.3 1 0
github.com/MikeAustin71/errpref/errprefixdtonanobot.go:44.23,46.3 1 0
github.com/MikeAustin71/errpref/errprefixdtonanobot.go:54.24,56.3 1 0
github.com/MikeAustin71/errpref/errprefixdtonanobot.go:68.73,70.35 1 1
github.com/MikeAustin71/errpref/errprefixdtonanobot.go:74.2,80.3 3 1
github.com/MikeAustin71/errpref/errprefixdtonanobot.go:70.35,72.3 1 1
github.com/MikeAustin71/errpref/errprefixdtonanobot.go:147.29,149.35 1 1
github.com/MikeAustin71/errpref/errprefixdtonanobot.go:153.2,160.23 4 1
github.com/MikeAustin71/errpref/errprefixdtonanobot.go:167.2,167.19 1 1
github.com/MikeAustin71/errpref/errprefixdtonanobot.go:174.2,174.42 1 1
github.com/MikeAustin71/errpref/errprefixdtonanobot.go:181.2,185.16 2 1
github.com/MikeAustin71/errpref/errprefixdtonanobot.go:189.2,194.12 2 1
github.com/MikeAustin71/errpref/errprefixdtonanobot.go:149.35,151.3 1 0
github.com/MikeAustin71/errpref/errprefixdtonanobot.go:160.23,165.3 1 0
github.com/MikeAustin71/errpref/errprefixdtonanobot.go:167.19,172.3 1 1
github.com/MikeAustin71/errpref/errprefixdtonanobot.go:174.42,179.3 1 0
github.com/MikeAustin71/errpref/errprefixdtonanobot.go:185.16,187.3 1 0
github.com/MikeAustin71/errpref/errprefixdtonanobot.go:265.29,267.35 1 1
github.com/MikeAustin71/errpref/errprefixdtonanobot.go:271.2,278.23 4 1
github.com/MikeAustin71/errpref/errprefixdtonanobot.go:285.2,285.19 1 1
github.com/MikeAustin71/errpref/errprefixdtonanobot.go:292.2,292.40 1 1
github.com/MikeAustin71/errpref/errprefixdtonanobot.go:299.2,307.23 5 1
github.com/MikeAustin71/errpref/errprefixdtonanobot.go:313.2,318.36 3 1
github.com/MikeAustin71/errpref/errprefixdtonanobot.go:335.2,339.12 2 1
github.com/MikeAustin71/errpref/errprefixdtonanobot.go:267.35,269.3 1 1
github.com/MikeAustin71/errpref/errprefixdtonanobot.go:278.23,283.3 1 0
github.com/MikeAustin71/errpref/errprefixdtonanobot.go:285.19,290.3 1 0
github.com/MikeAustin71/errpref/errprefixdtonanobot.go:292.40,297.3 1 0
github.com/MikeAustin71/errpref/errprefixdtonanobot.go:307.23,311.3 2 1
github.com/MikeAustin71/errpref/errprefixdtonanobot.go:318.36,333.3 2 1
github.com/MikeAustin71/errpref/errprefixdtonanobot.go:398.29,400.35 1 1
github.com/MikeAustin71/errpref/errprefixdtonanobot.go:404.2,411.23 4 1
github.com/MikeAustin71/errpref/errprefixdtonanobot.go:418.2,418.22 1 1
github.com/MikeAustin71/errpref/errprefixdtonanobot.go:425.2,439.12 6 1
github.com/MikeAustin71/errpref/errprefixdtonanobot.go:400.35,402.3 1 1
github.com/MikeAustin71/errpref/errprefixdtonanobot.go:411.23,416.3 1 0
github.com/MikeAustin71/errpref/errprefixdtonanobot.go:418.22,423.3 2 0
github.com/MikeAustin71/errpref/errprefixdtonanobot.go:500.29,502.35 1 1
github.com/MikeAustin71/errpref/errprefixdtonanobot.go:506.2,513.23 4 1
github.com/MikeAustin71/errpref/errprefixdtonanobot.go:520.2,520.19 1 1
github.com/MikeAustin71/errpref/errprefixdtonanobot.go:527.2,527.39 1 1
github.com/MikeAustin71/errpref/errprefixdtonanobot.go:534.2,536.22 2 1
github.com/MikeAustin71/errpref/errprefixdtonanobot.go:544.2,558.12 6 1
github.com/MikeAustin71/errpref/errprefixdtonanobot.go:502.35,504.3 1 1
github.com/MikeAustin71/errpref/errprefixdtonanobot.go:513.23,518.3 1 0
github.com/MikeAustin71/errpref/errprefixdtonanobot.go:520.19,525.3 1 1
github.com/MikeAustin71/errpref/errprefixdtonanobot.go:527.39,532.3 1 0
github.com/MikeAustin71/errpref/errprefixdtonanobot.go:536.22,542.3 2 0
github.com/MikeAustin71/errpref/errprefixdtonanobot.go:617.29,619.35 1 1
github.com/MikeAustin71/errpref/errprefixdtonanobot.go:623.2,630.23 4 1
github.com/MikeAustin71/errpref/errprefixdtonanobot.go:637.2,643.23 4 1
github.com/MikeAustin71/errpref/errprefixdtonanobot.go:650.2,652.36 2 1
github.com/MikeAustin71/errpref/errprefixdtonanobot.go:668.2,672.12 2 1
github.com/MikeAustin71/errpref/errprefixdtonanobot.go:619.35,621.3 1 1
github.com/MikeAustin71/errpref/errprefixdtonanobot.go:630.23,635.3 1 0
github.com/MikeAustin71/errpref/errprefixdtonanobot.go:643.23,648.3 2 0
github.com/MikeAustin71/errpref/errprefixdtonanobot.go:652.36,666.3 1 1
github.com/MikeAustin71/errpref/errprefixdtonanobot.go:735.29,737.35 1 1
github.com/MikeAustin71/errpref/errprefixdtonanobot.go:741.2,748.23 4 1
github.com/MikeAustin71/errpref/errprefixdtonanobot.go:755.2,759.19 3 1
github.com/MikeAustin71/errpref/errprefixdtonanobot.go:764.2,766.23 2 1
github.com/MikeAustin71/errpref/errprefixdtonanobot.go:771.2,775.36 3 1
github.com/MikeAustin71/errpref/errprefixdtonanobot.go:792.2,796.12 2 1
github.com/MikeAustin71/errpref/errprefixdtonanobot.go:737.35,739.3 1 1
github.com/MikeAustin71/errpref/errprefixdtonanobot.go:748.23,753.3 1 0
github.com/MikeAustin71/errpref/errprefixdtonanobot.go:759.19,762.3 2 0
github.com/MikeAustin71/errpref/errprefixdtonanobot.go:766.23,769.3 2 0
github.com/MikeAustin71/errpref/errprefixdtonanobot.go:775.36,790.3 2 1
github.com/MikeAustin71/errpref/errprefixdto.go:53.28,55.26 1 1
github.com/MikeAustin71/errpref/errprefixdto.go:59.2,66.6 3 1
github.com/MikeAustin71/errpref/errprefixdto.go:55.26,57.3 1 0
github.com/MikeAustin71/errpref/errprefixdto.go:110.37,112.26 1 1
github.com/MikeAustin71/errpref/errprefixdto.go:116.2,136.38 8 1
github.com/MikeAustin71/errpref/errprefixdto.go:112.26,114.3 1 0
github.com/MikeAustin71/errpref/errprefixdto.go:161.51,163.26 1 1
github.com/MikeAustin71/errpref/errprefixdto.go:167.2,177.24 4 1
github.com/MikeAustin71/errpref/errprefixdto.go:163.26,165.3 1 0
github.com/MikeAustin71/errpref/errprefixdto.go:202.55,204.26 1 1
github.com/MikeAustin71/errpref/errprefixdto.go:208.2,218.25 4 1
github.com/MikeAustin71/errpref/errprefixdto.go:204.26,206.3 1 0
github.com/MikeAustin71/errpref/errprefixdto.go:267.21,269.26 1 1
github.com/MikeAustin71/errpref/errprefixdto.go:273.2,283.9 4 1
github.com/MikeAustin71/errpref/errprefixdto.go:269.26,271.3 1 0
github.com/MikeAustin71/errpref/errprefixdto.go:303.21,305.26 1 1
github.com/MikeAustin71/errpref/errprefixdto.go:309.2,321.12 5 1
github.com/MikeAustin71/errpref/errprefixdto.go:305.26,307.3 1 0
github.com/MikeAustin71/errpref/errprefixdto.go:333.40,335.26 1 1
github.com/MikeAustin71/errpref/errprefixdto.go:339.2,350.16 4 1
github.com/MikeAustin71/errpref/errprefixdto.go:335.26,337.3 1 0
github.com/MikeAustin71/errpref/errprefixdto.go:392.9,394.26 1 1
github.com/MikeAustin71/errpref/errprefixdto.go:398.2,407.9 4 1
github.com/MikeAustin71/errpref/errprefixdto.go:394.26,396.3 1 0
github.com/MikeAustin71/errpref/errprefixdto.go:419.39,421.26 1 1
github.com/MikeAustin71/errpref/errprefixdto.go:425.2,434.21 4 1
github.com/MikeAustin71/errpref/errprefixdto.go:421.26,423.3 1 0
github.com/MikeAustin71/errpref/errprefixdto.go:448.54,450.26 1 1
github.com/MikeAustin71/errpref/errprefixdto.go:454.2,460.6 3 1
github.com/MikeAustin71/errpref/errprefixdto.go:450.26,452.3 1 0
github.com/MikeAustin71/errpref/errprefixdto.go:491.34,493.26 1 1
github.com/MikeAustin71/errpref/errprefixdto.go:497.2,503.15 3 1
github.com/MikeAustin71/errpref/errprefixdto.go:493.26,495.3 1 0
github.com/MikeAustin71/errpref/errprefixdto.go:528.78,530.26 1 1
github.com/MikeAustin71/errpref/errprefixdto.go:534.2,544.20 5 1
github.com/MikeAustin71/errpref/errprefixdto.go:530.26,532.3 1 0
github.com/MikeAustin71/errpref/errprefixdto.go:580.73,582.26 1 1
github.com/MikeAustin71/errpref/errprefixdto.go:586.2,590.49 3 1
github.com/MikeAustin71/errpref/errprefixdto.go:582.26,584.3 1 0
github.com/MikeAustin71/errpref/errprefixdto.go:610.56,612.26 1 1
github.com/MikeAustin71/errpref/errprefixdto.go:616.2,620.32 3 1
github.com/MikeAustin71/errpref/errprefixdto.go:612.26,614.3 1 0
github.com/MikeAustin71/errpref/errprefixdto.go:631.57,633.26 1 1
github.com/MikeAustin71/errpref/errprefixdto.go:637.2,641.34 3 1
github.com/MikeAustin71/errpref/errprefixdto.go:633.26,635.3 1 1
github.com/MikeAustin71/errpref/errprefixdto.go:648.70,650.26 1 1
github.com/MikeAustin71/errpref/errprefixdto.go:654.2,662.22 5 1
github.com/MikeAustin71/errpref/errprefixdto.go:667.2,673.33 3 1
github.com/MikeAustin71/errpref/errprefixdto.go:650.26,652.3 1 1
github.com/MikeAustin71/errpref/errprefixdto.go:662.22,665.3 2 1
github.com/MikeAustin71/errpref/errprefixdto.go:697.59,699.26 1 1
github.com/MikeAustin71/errpref/errprefixdto.go:703.2,707.30 3 1
github.com/MikeAustin71/errpref/errprefixdto.go:712.2,712.31 1 1
github.com/MikeAustin71/errpref/errprefixdto.go:699.26,701.3 1 0
github.com/MikeAustin71/errpref/errprefixdto.go:707.30,710.3 1 1
github.com/MikeAustin71/errpref/errprefixdto.go:722.61,724.26 1 1
github.com/MikeAustin71/errpref/errprefixdto.go:728.2,738.21 4 1
github.com/MikeAustin71/errpref/errprefixdto.go:724.26,726.3 1 0
github.com/MikeAustin71/errpref/errprefixdto.go:769.56,771.26 1 1
github.com/MikeAustin71/errpref/errprefixdto.go:775.2,779.46 3 1
github.com/MikeAustin71/errpref/errprefixdto.go:786.2,786.44 1 1
github.com/MikeAustin71/errpref/errprefixdto.go:771.26,773.3 1 1
github.com/MikeAustin71/errpref/errprefixdto.go:779.46,784.3 1 1
github.com/MikeAustin71/errpref/errprefixdto.go:823.63,825.26 1 1
github.com/MikeAustin71/errpref/errprefixdto.go:829.2,834.38 3 1
github.com/MikeAustin71/errpref/errprefixdto.go:825.26,827.3 1 0
github.com/MikeAustin71/errpref/errprefixdto.go:862.79,864.26 1 1
github.com/MikeAustin71/errpref/errprefixdto.go:868.2,878.21 5 1
github.com/MikeAustin71/errpref/errprefixdto.go:864.26,866.3 1 0
github.com/MikeAustin71/errpref/errprefixdto.go:911.43,913.26 1 1
github.com/MikeAustin71/errpref/errprefixdto.go:917.2,933.48 7 1
github.com/MikeAustin71/errpref/errprefixdto.go:913.26,915.3 1 0
github.com/MikeAustin71/errpref/errprefixdto.go:954.60,956.26 1 1
github.com/MikeAustin71/errpref/errprefixdto.go:960.2,964.36 3 1
github.com/MikeAustin71/errpref/errprefixdto.go:956.26,958.3 1 0
github.com/MikeAustin71/errpref/errprefixdto.go:1000.54,1002.26 1 1
github.com/MikeAustin71/errpref/errprefixdto.go:1006.2,1016.16 4 1
github.com/MikeAustin71/errpref/errprefixdto.go:1002.26,1004.3 1 1
github.com/MikeAustin71/errpref/errprefixdto.go:1054.24,1056.26 1 1
github.com/MikeAustin71/errpref/errprefixdto.go:1060.2,1072.12 5 1
github.com/MikeAustin71/errpref/errprefixdto.go:1056.26,1058.3 1 1
github.com/MikeAustin71/errpref/errprefixdto.go:1084.38,1086.26 1 1
github.com/MikeAustin71/errpref/errprefixdto.go:1090.2,1094.33 3 1
github.com/MikeAustin71/errpref/errprefixdto.go:1098.2,1101.25 2 1
github.com/MikeAustin71/errpref/errprefixdto.go:1105.2,1110.21 2 1
github.com/MikeAustin71/errpref/errprefixdto.go:1086.26,1088.3 1 0
github.com/MikeAustin71/errpref/errprefixdto.go:1094.33,1096.3 1 1
github.com/MikeAustin71/errpref/errprefixdto.go:1101.25,1103.3 1 1
github.com/MikeAustin71/errpref/errprefixdto.go:1135.49,1137.26 1 1
github.com/MikeAustin71/errpref/errprefixdto.go:1141.2,1158.24 9 1
github.com/MikeAustin71/errpref/errprefixdto.go:1137.26,1139.3 1 1
github.com/MikeAustin71/errpref/errprefixdto.go:1214.37,1216.26 1 1
github.com/MikeAustin71/errpref/errprefixdto.go:1220.2,1245.24 11 1
github.com/MikeAustin71/errpref/errprefixdto.go:1216.26,1218.3 1 1
github.com/MikeAustin71/errpref/errprefixdto.go:1306.36,1308.26 1 1
github.com/MikeAustin71/errpref/errprefixdto.go:1312.2,1339.24 12 1
github.com/MikeAustin71/errpref/errprefixdto.go:1308.26,1310.3 1 1
github.com/MikeAustin71/errpref/errprefixdto.go:1390.32,1392.26 1 1
github.com/MikeAustin71/errpref/errprefixdto.go:1396.2,1419.55 10 1
github.com/MikeAustin71/errpref/errprefixdto.go:1392.26,1394.3 1 1
github.com/MikeAustin71/errpref/errprefixdto.go:1453.36,1455.26 1 1
github.com/MikeAustin71/errpref/errprefixdto.go:1459.2,1480.29 11 1
github.com/MikeAustin71/errpref/errprefixdto.go:1484.2,1486.24 2 1
github.com/MikeAustin71/errpref/errprefixdto.go:1455.26,1457.3 1 1
github.com/MikeAustin71/errpref/errprefixdto.go:1480.29,1482.3 1 1
github.com/MikeAustin71/errpref/errprefixdto.go:1649.40,1651.26 1 1
github.com/MikeAustin71/errpref/errprefixdto.go:1655.2,1678.16 10 1
github.com/MikeAustin71/errpref/errprefixdto.go:1682.2,1688.16 2 1
github.com/MikeAustin71/errpref/errprefixdto.go:1692.2,1710.29 6 1
github.com/MikeAustin71/errpref/errprefixdto.go:1651.26,1653.3 1 1
github.com/MikeAustin71/errpref/errprefixdto.go:1678.16,1680.3 1 1
github.com/MikeAustin71/errpref/errprefixdto.go:1688.16,1690.3 1 1
github.com/MikeAustin71/errpref/errprefixdto.go:1793.9,1795.26 1 1
github.com/MikeAustin71/errpref/errprefixdto.go:1799.2,1825.16 11 1
github.com/MikeAustin71/errpref/errprefixdto.go:1829.2,1829.27 1 1
github.com/MikeAustin71/errpref/errprefixdto.go:1841.2,1841.29 1 1
github.com/MikeAustin71/errpref/errprefixdto.go:1795.26,1797.3 1 1
github.com/MikeAustin71/errpref/errprefixdto.go:1825.16,1827.3 1 0
github.com/MikeAustin71/errpref/errprefixdto.go:1829.27,1839.3 2 1
github.com/MikeAustin71/errpref/errprefixdto.go:1965.9,1967.26 1 1
github.com/MikeAustin71/errpref/errprefixdto.go:1971.2,1997.16 11 1
github.com/MikeAustin71/errpref/errprefixdto.go:2001.2,2001.27 1 1
github.com/MikeAustin71/errpref/errprefixdto.go:2013.2,2013.29 1 1
github.com/MikeAustin71/errpref/errprefixdto.go:1967.26,1969.3 1 1
github.com/MikeAustin71/errpref/errprefixdto.go:1997.16,1999.3 1 1
github.com/MikeAustin71/errpref/errprefixdto.go:2001.27,2011.3 2 1
github.com/MikeAustin71/errpref/errprefixdto.go:2200.9,2202.26 1 1
github.com/MikeAustin71/errpref/errprefixdto.go:2206.2,2228.16 9 1
github.com/MikeAustin71/errpref/errprefixdto.go:2232.2,2238.16 2 1
github.com/MikeAustin71/errpref/errprefixdto.go:2242.2,2248.16 2 1
github.com/MikeAustin71/errpref/errprefixdto.go:2252.2,2252.27 1 1
github.com/MikeAustin71/errpref/errprefixdto.go:2264.2,2264.29 1 1
github.com/MikeAustin71/errpref/errprefixdto.go:2202.26,2204.3 1 1
github.com/MikeAustin71/errpref/errprefixdto.go:2228.16,2230.3 1 1
github.com/MikeAustin71/errpref/errprefixdto.go:2238.16,2240.3 1 1
github.com/MikeAustin71/errpref/errprefixdto.go:2248.16,2250.3 1 1
github.com/MikeAustin71/errpref/errprefixdto.go:2252.27,2262.3 2 1
github.com/MikeAustin71/errpref/errprefixdto.go:2287.50,2289.26 1 1
github.com/MikeAustin71/errpref/errprefixdto.go:2293.2,2310.24 9 1
github.com/MikeAustin71/errpref/errprefixdto.go:2289.26,2291.3 1 1
github.com/MikeAustin71/errpref/errprefixdto.go:2359.24,2361.26 1 1
github.com/MikeAustin71/errpref/errprefixdto.go:2365.2,2373.33 5 1
github.com/MikeAustin71/errpref/errprefixdto.go:2377.2,2377.29 1 1
github.com/MikeAustin71/errpref/errprefixdto.go:2385.2,2388.22 1 1
github.com/MikeAustin71/errpref/errprefixdto.go:2361.26,2363.3 1 0
github.com/MikeAustin71/errpref/errprefixdto.go:2373.33,2375.3 1 1
github.com/MikeAustin71/errpref/errprefixdto.go:2377.29,2383.3 2 1
github.com/MikeAustin71/errpref/errprefixdto.go:2408.45,2410.26 1 1
github.com/MikeAustin71/errpref/errprefixdto.go:2414.2,2420.24 4 1
github.com/MikeAustin71/errpref/errprefixdto.go:2424.2,2428.8 2 1
github.com/MikeAustin71/errpref/errprefixdto.go:2410.26,2412.3 1 0
github.com/MikeAustin71/errpref/errprefixdto.go:2420.24,2422.3 1 1
github.com/MikeAustin71/errpref/errprefixdto.go:2468.23,2470.26 1 1
github.com/MikeAustin71/errpref/errprefixdto.go:2474.2,2486.8 5 1
github.com/MikeAustin71/errpref/errprefixdto.go:2470.26,2472.3 1 1
github.com/MikeAustin71/errpref/errprefixdto.go:2518.40,2520.26 1 1
github.com/MikeAustin71/errpref/errprefixdto.go:2524.2,2534.25 5 1
github.com/MikeAustin71/errpref/errprefixdto.go:2538.2,2538.45 1 1
github.com/MikeAustin71/errpref/errprefixdto.go:2520.26,2522.3 1 0
github.com/MikeAustin71/errpref/errprefixdto.go:2534.25,2536.3 1 1
github.com/MikeAustin71/errpref/errprefixdto.go:2585.24,2587.26 1 1
github.com/MikeAustin71/errpref/errprefixdto.go:2591.2,2603.8 5 1
github.com/MikeAustin71/errpref/errprefixdto.go:2587.26,2589.3 1 0
github.com/MikeAustin71/errpref/errprefixdto.go:2658.23,2660.26 1 1
github.com/MikeAustin71/errpref/errprefixdto.go:2664.2,2687.8 9 1
github.com/MikeAustin71/errpref/errprefixdto.go:2660.26,2662.3 1 1
github.com/MikeAustin71/errpref/errprefixdto.go:2714.28,2716.26 1 1
github.com/MikeAustin71/errpref/errprefixdto.go:2720.2,2724.28 3 1
github.com/MikeAustin71/errpref/errprefixdto.go:2728.2,2735.6 2 1
github.com/MikeAustin71/errpref/errprefixdto.go:2716.26,2718.3 1 1
github.com/MikeAustin71/errpref/errprefixdto.go:2724.28,2726.3 1 1
github.com/MikeAustin71/errpref/errprefixdto.go:2786.24,2788.26 1 1
github.com/MikeAustin71/errpref/errprefixdto.go:2792.2,2807.12 6 1
github.com/MikeAustin71/errpref/errprefixdto.go:2788.26,2790.3 1 1
github.com/MikeAustin71/errpref/errprefixdto.go:2859.34,2861.26 1 1
github.com/MikeAustin71/errpref/errprefixdto.go:2865.2,2880.22 6 1
github.com/MikeAustin71/errpref/errprefixdto.go:2861.26,2863.3 1 1
github.com/MikeAustin71/errpref/errprefixdto.go:2979.34,2981.26 1 1
github.com/MikeAustin71/errpref/errprefixdto.go:2985.2,2998.12 5 1
github.com/MikeAustin71/errpref/errprefixdto.go:2981.26,2983.3 1 1
github.com/MikeAustin71/errpref/errprefixdto.go:3029.24,3031.26 1 1
github.com/MikeAustin71/errpref/errprefixdto.go:3035.2,3048.12 5 1
github.com/MikeAustin71/errpref/errprefixdto.go:3031.26,3033.3 1 0
github.com/MikeAustin71/errpref/errprefixdto.go:3084.40,3086.26 1 1
github.com/MikeAustin71/errpref/errprefixdto.go:3090.2,3095.34 3 1
github.com/MikeAustin71/errpref/errprefixdto.go:3086.26,3088.3 1 0
github.com/MikeAustin71/errpref/errprefixdto.go:3159.28,3161.26 1 1
github.com/MikeAustin71/errpref/errprefixdto.go:3165.2,3169.47 3 1
github.com/MikeAustin71/errpref/errprefixdto.go:3161.26,3163.3 1 0
github.com/MikeAustin71/errpref/errprefixdto.go:3233.24,3235.26 1 1
github.com/MikeAustin71/errpref/errprefixdto.go:3239.2,3243.26 3 1
github.com/MikeAustin71/errpref/errprefixdto.go:3247.2,3247.46 1 1
github.com/MikeAustin71/errpref/errprefixdto.go:3235.26,3237.3 1 0
github.com/MikeAustin71/errpref/errprefixdto.go:3243.26,3245.3 1 0
github.com/MikeAustin71/errpref/errprefixdto.go:3286.34,3288.26 1 1
github.com/MikeAustin71/errpref/errprefixdto.go:3292.2,3296.37 3 1
github.com/MikeAustin71/errpref/errprefixdto.go:3304.2,3305.35 1 1
github.com/MikeAustin71/errpref/errprefixdto.go:3288.26,3290.3 1 1
github.com/MikeAustin71/errpref/errprefixdto.go:3296.37,3302.3 2 1
github.com/MikeAustin71/errpref/errprefixdto.go:3315.60,3317.26 1 1
github.com/MikeAustin71/errpref/errprefixdto.go:3321.2,3326.59 3 1
github.com/MikeAustin71/errpref/errprefixdto.go:3317.26,3319.3 1 0
github.com/MikeAustin71/errpref/errprefixdto.go:3356.24,3358.26 1 1
github.com/MikeAustin71/errpref/errprefixdto.go:3362.2,3374.12 5 1
github.com/MikeAustin71/errpref/errprefixdto.go:3358.26,3360.3 1 0
github.com/MikeAustin71/errpref/errprefixdto.go:3432.59,3434.26 1 1
github.com/MikeAustin71/errpref/errprefixdto.go:3438.2,3443.45 4 1
github.com/MikeAustin71/errpref/errprefixdto.go:3434.26,3436.3 1 0
github.com/MikeAustin71/errpref/errprefixdto.go:3465.27,3467.26 1 1
github.com/MikeAustin71/errpref/errprefixdto.go:3471.2,3476.21 3 1
github.com/MikeAustin71/errpref/errprefixdto.go:3467.26,3469.3 1 0
github.com/MikeAustin71/errpref/errprefixdto.go:3521.46,3523.26 1 1
github.com/MikeAustin71/errpref/errprefixdto.go:3527.2,3532.31 3 1
github.com/MikeAustin71/errpref/errprefixdto.go:3536.2,3536.46 1 1
github.com/MikeAustin71/errpref/errprefixdto.go:3543.2,3555.35 4 1
github.com/MikeAustin71/errpref/errprefixdto.go:3575.2,3575.18 1 1
github.com/MikeAustin71/errpref/errprefixdto.go:3523.26,3525.3 1 1
github.com/MikeAustin71/errpref/errprefixdto.go:3532.31,3534.3 1 1
github.com/MikeAustin71/errpref/errprefixdto.go:3536.46,3541.3 1 1
github.com/MikeAustin71/errpref/errprefixdto.go:3555.35,3558.34 2 1
github.com/MikeAustin71/errpref/errprefixdto.go:3562.3,3571.32 4 1
github.com/MikeAustin71/errpref/errprefixdto.go:3558.34,3560.4 1 1
github.com/MikeAustin71/errpref/errprefixdto.go:3619.25,3621.26 1 1
github.com/MikeAustin71/errpref/errprefixdto.go:3625.2,3631.37 4 1
github.com/MikeAustin71/errpref/errprefixdto.go:3649.2,3650.31 1 1
github.com/MikeAustin71/errpref/errprefixdto.go:3654.2,3664.22 3 1
github.com/MikeAustin71/errpref/errprefixdto.go:3621.26,3623.3 1 0
github.com/MikeAustin71/errpref/errprefixdto.go:3631.37,3633.47 1 0
github.com/MikeAustin71/errpref/errprefixdto.go:3640.3,3641.39 1 0
github.com/MikeAustin71/errpref/errprefixdto.go:3633.47,3638.4 1 0
github.com/MikeAustin71/errpref/errprefixdto.go:3643.8,3647.3 1 1
github.com/MikeAustin71/errpref/errprefixdto.go:3650.31,3652.3 1 0
github.com/MikeAustin71/errpref/errprefixdto.go:3721.38,3723.26 1 1
github.com/MikeAustin71/errpref/errprefixdto.go:3727.2,3731.33 3 1
github.com/MikeAustin71/errpref/errprefixdto.go:3735.2,3735.29 1 1
github.com/MikeAustin71/errpref/errprefixdto.go:3743.2,3747.17 2 1
github.com/MikeAustin71/errpref/errprefixdto.go:3723.26,3725.3 1 1
github.com/MikeAustin71/errpref/errprefixdto.go:3731.33,3733.3 1 1
github.com/MikeAustin71/errpref/errprefixdto.go:3735.29,3741.3 2 1
github.com/MikeAustin71/errpref/errprefixdto.go:3771.57,3773.26 1 1
github.com/MikeAustin71/errpref/errprefixdto.go:3777.2,3781.33 3 1
github.com/MikeAustin71/errpref/errprefixdto.go:3785.2,3789.17 2 1
github.com/MikeAustin71/errpref/errprefixdto.go:3773.26,3775.3 1 0
github.com/MikeAustin71/errpref/errprefixdto.go:3781.33,3783.3 1 0
github.com/MikeAustin71/errpref/errprefixdto.go:3836.37,3838.26 1 1
github.com/MikeAustin71/errpref/errprefixdto.go:3842.2,3854.17 5 1
github.com/MikeAustin71/errpref/errprefixdto.go:3838.26,3840.3 1 0
github.com/MikeAustin71/errpref/errprefixdto.go:3909.38,3911.26 1 1
github.com/MikeAustin71/errpref/errprefixdto.go:3915.2,3927.17 5 1
github.com/MikeAustin71/errpref/errprefixdto.go:3911.26,3913.3 1 0
github.com/MikeAustin71/errpref/errprefixdto.go:3991.37,3993.26 1 1
github.com/MikeAustin71/errpref/errprefixdto.go:3997.2,4017.17 9 1
github.com/MikeAustin71/errpref/errprefixdto.go:3993.26,3995.3 1 1
github.com/MikeAustin71/errpref/errprefixdto.go:4213.41,4215.26 1 1
github.com/MikeAustin71/errpref/errprefixdto.go:4219.2,4228.16 5 1
github.com/MikeAustin71/errpref/errprefixdto.go:4232.2,4235.16 2 1
github.com/MikeAustin71/errpref/errprefixdto.go:4239.2,4244.16 2 1
github.com/MikeAustin71/errpref/errprefixdto.go:4248.2,4254.16 2 1
github.com/MikeAustin71/errpref/errprefixdto.go:4258.2,4264.16 2 1
github.com/MikeAustin71/errpref/errprefixdto.go:4268.2,4286.22 6 1
github.com/MikeAustin71/errpref/errprefixdto.go:4215.26,4217.3 1 0
github.com/MikeAustin71/errpref/errprefixdto.go:4228.16,4230.3 1 1
github.com/MikeAustin71/errpref/errprefixdto.go:4235.16,4237.3 1 1
github.com/MikeAustin71/errpref/errprefixdto.go:4244.16,4246.3 1 0
github.com/MikeAustin71/errpref/errprefixdto.go:4254.16,4256.3 1 0
github.com/MikeAustin71/errpref/errprefixdto.go:4264.16,4266.3 1 0
github.com/MikeAustin71/errpref/errprefixdto.go:4346.37,4348.26 1 1
github.com/MikeAustin71/errpref/errprefixdto.go:4352.2,4358.33 4 1
github.com/MikeAustin71/errpref/errprefixdto.go:4374.2,4380.24 2 1
github.com/MikeAustin71/errpref/errprefixdto.go:4348.26,4350.3 1 0
github.com/MikeAustin71/errpref/errprefixdto.go:4358.34,4360.3 0 0
github.com/MikeAustin71/errpref/errprefixdto.go:4360.8,4360.36 1 1
github.com/MikeAustin71/errpref/errprefixdto.go:4360.36,4365.3 1 1
github.com/MikeAustin71/errpref/errprefixdto.go:4365.8,4372.3 1 1
github.com/MikeAustin71/errpref/errprefixdto.go:4408.56,4410.26 1 1
github.com/MikeAustin71/errpref/errprefixdto.go:4414.2,4418.32 3 1
github.com/MikeAustin71/errpref/errprefixdto.go:4426.2,4432.24 2 1
github.com/MikeAustin71/errpref/errprefixdto.go:4410.26,4412.3 1 0
github.com/MikeAustin71/errpref/errprefixdto.go:4418.32,4424.3 1 1
github.com/MikeAustin71/errpref/errprefixdto.go:4483.36,4485.26 1 1
github.com/MikeAustin71/errpref/errprefixdto.go:4489.2,4507.24 6 1
github.com/MikeAustin71/errpref/errprefixdto.go:4485.26,4487.3 1 0
github.com/MikeAustin71/errpref/errprefixdto.go:4567.37,4569.26 1 1
github.com/MikeAustin71/errpref/errprefixdto.go:4573.2,4591.24 6 1
github.com/MikeAustin71/errpref/errprefixdto.go:4569.26,4571.3 1 0
github.com/MikeAustin71/errpref/errprefixdto.go:4658.36,4660.26 1 1
github.com/MikeAustin71/errpref/errprefixdto.go:4664.2,4692.24 10 1
github.com/MikeAustin71/errpref/errprefixdto.go:4660.26,4662.3 1 0
github.com/MikeAustin71/errpref/errprefixdtoelectron.go:14.74,16.34 1 1
github.com/MikeAustin71/errpref/errprefixdtoelectron.go:20.2,26.3 3 1
github.com/MikeAustin71/errpref/errprefixdtoelectron.go:16.34,18.3 1 1
github.com/MikeAustin71/errpref/errprefixdtoelectron.go:35.27,37.34 1 1
github.com/MikeAustin71/errpref/errprefixdtoelectron.go:41.2,48.23 4 1
github.com/MikeAustin71/errpref/errprefixdtoelectron.go:55.2,71.14 8 1
github.com/MikeAustin71/errpref/errprefixdtoelectron.go:37.34,39.3 1 0
github.com/MikeAustin71/errpref/errprefixdtoelectron.go:48.23,53.3 1 0
github.com/MikeAustin71/errpref/errpreflinelengthcalc.go:32.83,34.36 1 1
github.com/MikeAustin71/errpref/errpreflinelengthcalc.go:38.2,43.41 3 1
github.com/MikeAustin71/errpref/errpreflinelengthcalc.go:47.2,47.14 1 1
github.com/MikeAustin71/errpref/errpreflinelengthcalc.go:34.36,36.3 1 0
github.com/MikeAustin71/errpref/errpreflinelengthcalc.go:43.41,45.3 1 0
github.com/MikeAustin71/errpref/errpreflinelengthcalc.go:93.24,95.36 1 1
github.com/MikeAustin71/errpref/errpreflinelengthcalc.go:99.2,110.11 5 1
github.com/MikeAustin71/errpref/errpreflinelengthcalc.go:95.36,97.3 1 1
github.com/MikeAustin71/errpref/errpreflinelengthcalc.go:153.9,155.36 1 1
github.com/MikeAustin71/errpref/errpreflinelengthcalc.go:159.2,169.11 5 1
github.com/MikeAustin71/errpref/errpreflinelengthcalc.go:155.36,157.3 1 0
github.com/MikeAustin71/errpref/errpreflinelengthcalc.go:179.55,181.36 1 1
github.com/MikeAustin71/errpref/errpreflinelengthcalc.go:185.2,192.43 6 1
github.com/MikeAustin71/errpref/errpreflinelengthcalc.go:181.36,183.3 1 0
github.com/MikeAustin71/errpref/errpreflinelengthcalc.go:224.43,226.36 1 1
github.com/MikeAustin71/errpref/errpreflinelengthcalc.go:230.2,240.17 4 1
github.com/MikeAustin71/errpref/errpreflinelengthcalc.go:226.36,228.3 1 1
github.com/MikeAustin71/errpref/errpreflinelengthcalc.go:252.94,254.36 1 1
github.com/MikeAustin71/errpref/errpreflinelengthcalc.go:258.2,271.57 6 1
github.com/MikeAustin71/errpref/errpreflinelengthcalc.go:275.2,279.37 2 1
github.com/MikeAustin71/errpref/errpreflinelengthcalc.go:283.2,283.14 1 1
github.com/MikeAustin71/errpref/errpreflinelengthcalc.go:254.36,256.3 1 0
github.com/MikeAustin71/errpref/errpreflinelengthcalc.go:271.57,273.3 1 0
github.com/MikeAustin71/errpref/errpreflinelengthcalc.go:279.37,281.3 1 1
github.com/MikeAustin71/errpref/errpreflinelengthcalc.go:297.93,299.36 1 1
github.com/MikeAustin71/errpref/errpreflinelengthcalc.go:303.2,313.68 5 1
github.com/MikeAustin71/errpref/errpreflinelengthcalc.go:322.2,325.57 2 1
github.com/MikeAustin71/errpref/errpreflinelengthcalc.go:329.2,333.45 2 1
github.com/MikeAustin71/errpref/errpreflinelengthcalc.go:337.2,337.14 1 1
github.com/MikeAustin71/errpref/errpreflinelengthcalc.go:299.36,301.3 1 0
github.com/MikeAustin71/errpref/errpreflinelengthcalc.go:313.68,320.3 1 1
github.com/MikeAustin71/errpref/errpreflinelengthcalc.go:325.57,327.3 1 0
github.com/MikeAustin71/errpref/errpreflinelengthcalc.go:333.45,335.3 1 1
github.com/MikeAustin71/errpref/errpreflinelengthcalc.go:346.74,348.36 1 1
github.com/MikeAustin71/errpref/errpreflinelengthcalc.go:352.2,356.47 3 1
github.com/MikeAustin71/errpref/errpreflinelengthcalc.go:360.2,362.30 1 1
github.com/MikeAustin71/errpref/errpreflinelengthcalc.go:348.36,350.3 1 0
github.com/MikeAustin71/errpref/errpreflinelengthcalc.go:356.47,358.3 1 0
github.com/MikeAustin71/errpref/errpreflinelengthcalc.go:371.74,373.36 1 1
github.com/MikeAustin71/errpref/errpreflinelengthcalc.go:377.2,381.47 3 1
github.com/MikeAustin71/errpref/errpreflinelengthcalc.go:385.2,386.49 1 1
github.com/MikeAustin71/errpref/errpreflinelengthcalc.go:390.2,390.14 1 1
github.com/MikeAustin71/errpref/errpreflinelengthcalc.go:373.36,375.3 1 0
github.com/MikeAustin71/errpref/errpreflinelengthcalc.go:381.47,383.3 1 0
github.com/MikeAustin71/errpref/errpreflinelengthcalc.go:386.49,388.3 1 0
github.com/MikeAustin71/errpref/errpreflinelengthcalc.go:399.73,401.36 1 1
github.com/MikeAustin71/errpref/errpreflinelengthcalc.go:405.2,409.47 3 1
github.com/MikeAustin71/errpref/errpreflinelengthcalc.go:413.2,414.48 1 1
github.com/MikeAustin71/errpref/errpreflinelengthcalc.go:418.2,418.14 1 1
github.com/MikeAustin71/errpref/errpreflinelengthcalc.go:401.36,403.3 1 0
github.com/MikeAustin71/errpref/errpreflinelengthcalc.go:409.47,411.3 1 0
github.com/MikeAustin71/errpref/errpreflinelengthcalc.go:414.48,416.3 1 0
github.com/MikeAustin71/errpref/errpreflinelengthcalc.go:423.75,425.36 1 1
github.com/MikeAustin71/errpref/errpreflinelengthcalc.go:429.2,433.47 3 1
github.com/MikeAustin71/errpref/errpreflinelengthcalc.go:437.2,437.62 1 1
github.com/MikeAustin71/errpref/errpreflinelengthcalc.go:425.36,427.3 1 0
github.com/MikeAustin71/errpref/errpreflinelengthcalc.go:433.47,435.3 1 0
github.com/MikeAustin71/errpref/errpreflinelengthcalc.go:447.71,449.36 1 1
github.com/MikeAustin71/errpref/errpreflinelengthcalc.go:453.2,457.42 3 1
github.com/MikeAustin71/errpref/errpreflinelengthcalc.go:449.36,451.3 1 0
github.com/MikeAustin71/errpref/errpreflinelengthcalc.go:474.75,476.36 1 1
github.com/MikeAustin71/errpref/errpreflinelengthcalc.go:480.2,489.26 5 1
github.com/MikeAustin71/errpref/errpreflinelengthcalc.go:476.36,478.3 1 0
github.com/MikeAustin71/errpref/errpreflinelengthcalc.go:495.85,497.36 1 1
github.com/MikeAustin71/errpref/errpreflinelengthcalc.go:501.2,507.30 3 1
github.com/MikeAustin71/errpref/errpreflinelengthcalc.go:497.36,499.3 1 0
github.com/MikeAustin71/errpref/errpreflinelengthcalc.go:513.86,515.36 1 1
github.com/MikeAustin71/errpref/errpreflinelengthcalc.go:519.2,525.31 3 1
github.com/MikeAustin71/errpref/errpreflinelengthcalc.go:515.36,517.3 1 0
github.com/MikeAustin71/errpref/errpreflinelengthcalc.go:531.84,533.36 1 1
github.com/MikeAustin71/errpref/errpreflinelengthcalc.go:537.2,543.29 3 1
github.com/MikeAustin71/errpref/errpreflinelengthcalc.go:533.36,535.3 1 0
github.com/MikeAustin71/errpref/errpreflinelengthcalc.go:549.85,551.36 1 1
github.com/MikeAustin71/errpref/errpreflinelengthcalc.go:555.2,561.30 3 1
github.com/MikeAustin71/errpref/errpreflinelengthcalc.go:551.36,553.3 1 0
github.com/MikeAustin71/errpref/errpreflinelengthcalc.go:566.74,568.36 1 1
github.com/MikeAustin71/errpref/errpreflinelengthcalc.go:572.2,576.47 3 1
github.com/MikeAustin71/errpref/errpreflinelengthcalc.go:580.2,580.61 1 1
github.com/MikeAustin71/errpref/errpreflinelengthcalc.go:568.36,570.3 1 0
github.com/MikeAustin71/errpref/errpreflinelengthcalc.go:576.47,578.3 1 0
github.com/MikeAustin71/errpref/errpreflinelengthcalc.go:590.76,592.36 1 1
github.com/MikeAustin71/errpref/errpreflinelengthcalc.go:596.2,600.46 3 1
github.com/MikeAustin71/errpref/errpreflinelengthcalc.go:592.36,594.3 1 0
github.com/MikeAustin71/errpref/errpreflinelengthcalc.go:612.77,614.36 1 1
github.com/MikeAustin71/errpref/errpreflinelengthcalc.go:618.2,631.41 5 1
github.com/MikeAustin71/errpref/errpreflinelengthcalc.go:643.2,643.28 1 1
github.com/MikeAustin71/errpref/errpreflinelengthcalc.go:614.36,616.3 1 0
github.com/MikeAustin71/errpref/errpreflinelengthcalc.go:631.41,635.3 1 0
github.com/MikeAustin71/errpref/errpreflinelengthcalc.go:635.8,641.3 1 1
github.com/MikeAustin71/errpref/errpreflinelengthcalc.go:654.75,656.36 1 1
github.com/MikeAustin71/errpref/errpreflinelengthcalc.go:660.2,664.47 3 1
github.com/MikeAustin71/errpref/errpreflinelengthcalc.go:668.2,668.60 1 1
github.com/MikeAustin71/errpref/errpreflinelengthcalc.go:656.36,658.3 1 0
github.com/MikeAustin71/errpref/errpreflinelengthcalc.go:664.47,666.3 1 0
github.com/MikeAustin71/errpref/errpreflinelengthcalc.go:704.70,706.36 1 1
github.com/MikeAustin71/errpref/errpreflinelengthcalc.go:710.2,720.16 4 1
github.com/MikeAustin71/errpref/errpreflinelengthcalc.go:706.36,708.3 1 0
github.com/MikeAustin71/errpref/errpreflinelengthcalc.go:759.24,761.36 1 1
github.com/MikeAustin71/errpref/errpreflinelengthcalc.go:765.2,778.12 5 1
github.com/MikeAustin71/errpref/errpreflinelengthcalc.go:761.36,763.3 1 0
github.com/MikeAustin71/errpref/errpreflinelengthcalc.go:783.71,785.36 1 1
github.com/MikeAustin71/errpref/errpreflinelengthcalc.go:789.2,795.30 4 1
github.com/MikeAustin71/errpref/errpreflinelengthcalc.go:785.36,787.3 1 1
github.com/MikeAustin71/errpref/errpreflinelengthcalc.go:801.72,803.36 1 1
github.com/MikeAustin71/errpref/errpreflinelengthcalc.go:807.2,813.31 4 1
github.com/MikeAustin71/errpref/errpreflinelengthcalc.go:803.36,805.3 1 1
github.com/MikeAustin71/errpref/errpreflinelengthcalc.go:828.25,830.36 1 1
github.com/MikeAustin71/errpref/errpreflinelengthcalc.go:834.2,840.8 4 1
github.com/MikeAustin71/errpref/errpreflinelengthcalc.go:830.36,832.3 1 0
github.com/MikeAustin71/errpref/errpreflinelengthcalc.go:894.24,896.36 1 1
github.com/MikeAustin71/errpref/errpreflinelengthcalc.go:900.2,908.16 5 1
github.com/MikeAustin71/errpref/errpreflinelengthcalc.go:917.2,920.24 1 1
github.com/MikeAustin71/errpref/errpreflinelengthcalc.go:896.36,898.3 1 1
github.com/MikeAustin71/errpref/errpreflinelengthcalc.go:908.16,915.3 1 0
github.com/MikeAustin71/errpref/errpreflinelengthcalc.go:972.24,974.36 1 1
github.com/MikeAustin71/errpref/errpreflinelengthcalc.go:978.2,984.26 4 1
github.com/MikeAustin71/errpref/errpreflinelengthcalc.go:991.2,993.16 2 1
github.com/MikeAustin71/errpref/errpreflinelengthcalc.go:1002.2,1004.12 2 1
github.com/MikeAustin71/errpref/errpreflinelengthcalc.go:974.36,976.3 1 1
github.com/MikeAustin71/errpref/errpreflinelengthcalc.go:984.26,989.3 1 0
github.com/MikeAustin71/errpref/errpreflinelengthcalc.go:993.16,1000.3 1 0
github.com/MikeAustin71/errpref/errpreflinelengthcalc.go:1016.27,1018.36 1 1
github.com/MikeAustin71/errpref/errpreflinelengthcalc.go:1022.2,1026.60 3 1
github.com/MikeAustin71/errpref/errpreflinelengthcalc.go:1018.36,1020.3 1 0
github.com/MikeAustin71/errpref/eprefmechanics.go:79.41,81.27 1 1
github.com/MikeAustin71/errpref/eprefmechanics.go:85.2,89.29 3 1
github.com/MikeAustin71/errpref/eprefmechanics.go:94.2,115.31 9 1
github.com/MikeAustin71/errpref/eprefmechanics.go:132.2,132.36 1 1
github.com/MikeAustin71/errpref/eprefmechanics.go:139.2,139.32 1 1
github.com/MikeAustin71/errpref/eprefmechanics.go:143.2,147.20 1 1
github.com/MikeAustin71/errpref/eprefmechanics.go:81.27,83.3 1 1
github.com/MikeAustin71/errpref/eprefmechanics.go:89.29,92.3 1 0
github.com/MikeAustin71/errpref/eprefmechanics.go:115.31,125.28 3 1
github.com/MikeAustin71/errpref/eprefmechanics.go:125.28,129.4 1 1
github.com/MikeAustin71/errpref/eprefmechanics.go:132.36,137.3 2 1
github.com/MikeAustin71/errpref/eprefmechanics.go:139.32,141.3 1 0
github.com/MikeAustin71/errpref/eprefmechanics.go:197.27,199.27 1 1
github.com/MikeAustin71/errpref/eprefmechanics.go:203.2,207.29 3 1
github.com/MikeAustin71/errpref/eprefmechanics.go:211.2,224.30 6 1
github.com/MikeAustin71/errpref/eprefmechanics.go:229.2,237.21 2 1
github.com/MikeAustin71/errpref/eprefmechanics.go:199.27,201.3 1 1
github.com/MikeAustin71/errpref/eprefmechanics.go:207.29,209.3 1 0
github.com/MikeAustin71/errpref/eprefmechanics.go:224.30,227.3 1 0
github.com/MikeAustin71/errpref/eprefmechanics.go:290.41,292.27 1 1
github.com/MikeAustin71/errpref/eprefmechanics.go:296.2,303.35 4 1
github.com/MikeAustin71/errpref/eprefmechanics.go:307.2,316.21 3 1
github.com/MikeAustin71/errpref/eprefmechanics.go:292.27,294.3 1 1
github.com/MikeAustin71/errpref/eprefmechanics.go:303.35,305.3 1 0
github.com/MikeAustin71/errpref/eprefmechanics.go:322.59,324.27 1 1
github.com/MikeAustin71/errpref/eprefmechanics.go:328.2,332.28 3 1
github.com/MikeAustin71/errpref/eprefmechanics.go:324.27,326.3 1 1
github.com/MikeAustin71/errpref/eprefmechanics.go:362.41,364.27 1 1
github.com/MikeAustin71/errpref/eprefmechanics.go:368.2,372.29 3 1
github.com/MikeAustin71/errpref/eprefmechanics.go:377.2,389.32 4 1
github.com/MikeAustin71/errpref/eprefmechanics.go:393.2,397.35 2 1
github.com/MikeAustin71/errpref/eprefmechanics.go:401.2,410.30 4 1
github.com/MikeAustin71/errpref/eprefmechanics.go:414.2,426.20 4 1
github.com/MikeAustin71/errpref/eprefmechanics.go:364.27,366.3 1 1
github.com/MikeAustin71/errpref/eprefmechanics.go:372.29,375.3 1 0
github.com/MikeAustin71/errpref/eprefmechanics.go:389.32,391.3 1 0
github.com/MikeAustin71/errpref/eprefmechanics.go:397.35,399.3 1 0
github.com/MikeAustin71/errpref/eprefmechanics.go:410.30,412.3 1 0
github.com/MikeAustin71/errpref/eprefneutron.go:76.13,78.30 1 1
github.com/MikeAustin71/errpref/eprefneutron.go:82.2,100.23 8 1
github.com/MikeAustin71/errpref/eprefneutron.go:109.2,118.23 5 1
github.com/MikeAustin71/errpref/eprefneutron.go:125.2,125.27 1 1
github.com/MikeAustin71/errpref/eprefneutron.go:78.30,80.3 1 1
github.com/MikeAustin71/errpref/eprefneutron.go:100.23,107.3 2 1
github.com/MikeAustin71/errpref/eprefneutron.go:118.23,121.3 2 1
github.com/MikeAustin71/errpref/eprefneutron.go:121.8,123.3 1 1
github.com/MikeAustin71/errpref/eprefneutron.go:131.58,133.30 1 1
github.com/MikeAustin71/errpref/eprefneutron.go:137.2,141.26 3 1
github.com/MikeAustin71/errpref/eprefneutron.go:133.30,135.3 1 1
github.com/MikeAustin71/errpref/eprefneutron.go:181.40,183.30 1 1
github.com/MikeAustin71/errpref/eprefneutron.go:187.2,193.39 3 1
github.com/MikeAustin71/errpref/eprefneutron.go:197.2,197.50 1 1
github.com/MikeAustin71/errpref/eprefneutron.go:201.2,201.26 1 1
github.com/MikeAustin71/errpref/eprefneutron.go:206.2,216.8 3 1
github.com/MikeAustin71/errpref/eprefneutron.go:183.30,185.3 1 1
github.com/MikeAustin71/errpref/eprefneutron.go:193.39,195.3 1 0
github.com/MikeAustin71/errpref/eprefneutron.go:197.50,199.3 1 0
github.com/MikeAustin71/errpref/eprefneutron.go:201.26,204.3 1 1
github.com/MikeAustin71/errpref/errorprefixInfo.go:68.24,70.33 1 1
github.com/MikeAustin71/errpref/errorprefixInfo.go:74.2,84.11 5 1
github.com/MikeAustin71/errpref/errorprefixInfo.go:70.33,72.3 1 1
github.com/MikeAustin71/errpref/errorprefixInfo.go:126.9,128.33 1 1
github.com/MikeAustin71/errpref/errorprefixInfo.go:132.2,142.11 5 1
github.com/MikeAustin71/errpref/errorprefixInfo.go:128.33,130.3 1 0
github.com/MikeAustin71/errpref/errorprefixInfo.go:147.49,149.33 1 1
github.com/MikeAustin71/errpref/errorprefixInfo.go:153.2,165.28 11 1
github.com/MikeAustin71/errpref/errorprefixInfo.go:149.33,151.3 1 0
github.com/MikeAustin71/errpref/errorprefixInfo.go:196.39,198.33 1 1
github.com/MikeAustin71/errpref/errorprefixInfo.go:202.2,208.17 3 1
github.com/MikeAustin71/errpref/errorprefixInfo.go:198.33,200.3 1 0
github.com/MikeAustin71/errpref/errorprefixInfo.go:212.67,214.33 1 1
github.com/MikeAustin71/errpref/errorprefixInfo.go:218.2,222.40 3 1
github.com/MikeAustin71/errpref/errorprefixInfo.go:214.33,216.3 1 0
github.com/MikeAustin71/errpref/errorprefixInfo.go:227.66,229.33 1 1
github.com/MikeAustin71/errpref/errorprefixInfo.go:233.2,237.39 3 1
github.com/MikeAustin71/errpref/errorprefixInfo.go:229.33,231.3 1 0
github.com/MikeAustin71/errpref/errorprefixInfo.go:247.74,249.33 1 1
github.com/MikeAustin71/errpref/errorprefixInfo.go:253.2,257.47 3 1
github.com/MikeAustin71/errpref/errorprefixInfo.go:249.33,251.3 1 0
github.com/MikeAustin71/errpref/errorprefixInfo.go:266.64,268.33 1 1
github.com/MikeAustin71/errpref/errorprefixInfo.go:272.2,276.35 3 1
github.com/MikeAustin71/errpref/errorprefixInfo.go:268.33,270.3 1 0
github.com/MikeAustin71/errpref/errorprefixInfo.go:285.63,287.33 1 1
github.com/MikeAustin71/errpref/errorprefixInfo.go:291.2,295.34 3 1
github.com/MikeAustin71/errpref/errorprefixInfo.go:287.33,289.3 1 0
github.com/MikeAustin71/errpref/errorprefixInfo.go:304.63,306.33 1 1
github.com/MikeAustin71/errpref/errorprefixInfo.go:310.2,317.43 4 1
github.com/MikeAustin71/errpref/errorprefixInfo.go:323.2,323.36 1 1
github.com/MikeAustin71/errpref/errorprefixInfo.go:306.33,308.3 1 1
github.com/MikeAustin71/errpref/errorprefixInfo.go:317.43,319.3 1 1
github.com/MikeAustin71/errpref/errorprefixInfo.go:319.8,321.3 1 1
github.com/MikeAustin71/errpref/errorprefixInfo.go:354.16,356.33 1 1
github.com/MikeAustin71/errpref/errorprefixInfo.go:360.2,371.16 5 1
github.com/MikeAustin71/errpref/errorprefixInfo.go:356.33,358.3 1 0
github.com/MikeAustin71/errpref/errorprefixInfo.go:410.24,412.33 1 1
github.com/MikeAustin71/errpref/errorprefixInfo.go:416.2,429.12 6 1
github.com/MikeAustin71/errpref/errorprefixInfo.go:412.33,414.3 1 1
github.com/MikeAustin71/errpref/errorprefixInfo.go:436.71,438.33 1 1
github.com/MikeAustin71/errpref/errorprefixInfo.go:442.2,446.43 3 1
github.com/MikeAustin71/errpref/errorprefixInfo.go:438.33,440.3 1 0
github.com/MikeAustin71/errpref/errorprefixInfo.go:453.70,455.33 1 1
github.com/MikeAustin71/errpref/errorprefixInfo.go:459.2,463.42 3 1
github.com/MikeAustin71/errpref/errorprefixInfo.go:455.33,457.3 1 0
github.com/MikeAustin71/errpref/errorprefixInfo.go:469.62,471.33 1 1
github.com/MikeAustin71/errpref/errorprefixInfo.go:475.2,479.26 3 1
github.com/MikeAustin71/errpref/errorprefixInfo.go:471.33,473.3 1 1
github.com/MikeAustin71/errpref/errorprefixInfo.go:484.63,486.33 1 1
github.com/MikeAustin71/errpref/errorprefixInfo.go:490.2,496.26 4 1
github.com/MikeAustin71/errpref/errorprefixInfo.go:486.33,488.3 1 1
github.com/MikeAustin71/errpref/errorprefixInfo.go:506.21,508.33 1 1
github.com/MikeAustin71/errpref/errorprefixInfo.go:512.2,521.44 5 1
github.com/MikeAustin71/errpref/errorprefixInfo.go:508.33,510.3 1 0
github.com/MikeAustin71/errpref/errorprefixInfo.go:521.44,523.3 1 1
github.com/MikeAustin71/errpref/errorprefixInfo.go:523.8,525.3 1 1
github.com/MikeAustin71/errpref/errorprefixInfo.go:537.31,539.33 1 1
github.com/MikeAustin71/errpref/errorprefixInfo.go:543.2,547.65 3 1
github.com/MikeAustin71/errpref/errorprefixInfo.go:539.33,541.3 1 0
github.com/MikeAustin71/errpref/errorprefixInfo.go:557.20,559.33 1 1
github.com/MikeAustin71/errpref/errorprefixInfo.go:563.2,572.43 5 1
github.com/MikeAustin71/errpref/errorprefixInfo.go:559.33,561.3 1 1
github.com/MikeAustin71/errpref/errorprefixInfo.go:572.43,574.3 1 1
github.com/MikeAustin71/errpref/errorprefixInfo.go:574.8,576.3 1 1
github.com/MikeAustin71/errpref/errorprefixInfo.go:587.76,589.33 1 1
github.com/MikeAustin71/errpref/errorprefixInfo.go:593.2,597.43 3 1
github.com/MikeAustin71/errpref/errorprefixInfo.go:589.33,591.3 1 1
github.com/MikeAustin71/errpref/errorprefixInfo.go:608.72,610.33 1 1
github.com/MikeAustin71/errpref/errorprefixInfo.go:614.2,618.39 3 1
github.com/MikeAustin71/errpref/errorprefixInfo.go:610.33,612.3 1 0
github.com/MikeAustin71/errpref/errorprefixInfo.go:629.20,631.33 1 1
github.com/MikeAustin71/errpref/errorprefixInfo.go:635.2,639.43 3 1
github.com/MikeAustin71/errpref/errorprefixInfo.go:631.33,633.3 1 0
github.com/MikeAustin71/errpref/errorprefixinfoelectron.go:73.24,75.35 1 1
github.com/MikeAustin71/errpref/errorprefixinfoelectron.go:79.2,85.32 4 1
github.com/MikeAustin71/errpref/errorprefixinfoelectron.go:93.2,93.34 1 1
github.com/MikeAustin71/errpref/errorprefixinfoelectron.go:100.2,109.16 3 1
github.com/MikeAustin71/errpref/errorprefixinfoelectron.go:113.2,137.12 9 1
github.com/MikeAustin71/errpref/errorprefixinfoelectron.go:75.35,77.3 1 1
github.com/MikeAustin71/errpref/errorprefixinfoelectron.go:85.32,91.3 1 0
github.com/MikeAustin71/errpref/errorprefixinfoelectron.go:93.34,98.3 1 0
github.com/MikeAustin71/errpref/errorprefixinfoelectron.go:109.16,111.3 1 0
github.com/MikeAustin71/errpref/errorprefixinfoelectron.go:187.9,189.35 1 1
github.com/MikeAustin71/errpref/errorprefixinfoelectron.go:193.2,201.26 5 1
github.com/MikeAustin71/errpref/errorprefixinfoelectron.go:210.2,219.16 3 1
github.com/MikeAustin71/errpref/errorprefixinfoelectron.go:223.2,251.30 11 1
github.com/MikeAustin71/errpref/errorprefixinfoelectron.go:189.35,191.3 1 1
github.com/MikeAustin71/errpref/errorprefixinfoelectron.go:201.26,208.3 1 0
github.com/MikeAustin71/errpref/errorprefixinfoelectron.go:219.16,221.3 1 0
github.com/MikeAustin71/errpref/errorprefixinfoelectron.go:287.39,289.35 1 1
github.com/MikeAustin71/errpref/errorprefixinfoelectron.go:293.2,298.24 3 1
github.com/MikeAustin71/errpref/errorprefixinfoelectron.go:302.2,303.28 1 1
github.com/MikeAustin71/errpref/errorprefixinfoelectron.go:307.2,308.27 1 1
github.com/MikeAustin71/errpref/errorprefixinfoelectron.go:312.2,313.29 1 1
github.com/MikeAustin71/errpref/errorprefixinfoelectron.go:317.2,318.32 1 1
github.com/MikeAustin71/errpref/errorprefixinfoelectron.go:322.2,323.35 1 1
github.com/MikeAustin71/errpref/errorprefixinfoelectron.go:327.2,328.33 1 1
github.com/MikeAustin71/errpref/errorprefixinfoelectron.go:332.2,333.36 1 1
github.com/MikeAustin71/errpref/errorprefixinfoelectron.go:337.2,338.40 1 1
github.com/MikeAustin71/errpref/errorprefixinfoelectron.go:342.2,342.13 1 1
github.com/MikeAustin71/errpref/errorprefixinfoelectron.go:289.35,291.3 1 1
github.com/MikeAustin71/errpref/errorprefixinfoelectron.go:298.24,300.3 1 0
github.com/MikeAustin71/errpref/errorprefixinfoelectron.go:303.28,305.3 1 0
github.com/MikeAustin71/errpref/errorprefixinfoelectron.go:308.27,310.3 1 0
github.com/MikeAustin71/errpref/errorprefixinfoelectron.go:313.29,315.3 1 0
github.com/MikeAustin71/errpref/errorprefixinfoelectron.go:318.32,320.3 1 0
github.com/MikeAustin71/errpref/errorprefixinfoelectron.go:323.35,325.3 1 0
github.com/MikeAustin71/errpref/errorprefixinfoelectron.go:328.33,330.3 1 0
github.com/MikeAustin71/errpref/errorprefixinfoelectron.go:333.36,335.3 1 0
github.com/MikeAustin71/errpref/errorprefixinfoelectron.go:338.40,340.3 1 0
github.com/MikeAustin71/errpref/errorprefixinfoelectron.go:348.81,350.35 1 1
github.com/MikeAustin71/errpref/errorprefixinfoelectron.go:354.2,358.35 3 1
github.com/MikeAustin71/errpref/errorprefixinfoelectron.go:350.35,352.3 1 1
github.com/MikeAustin71/errpref/errprefixdelimiters.go:67.24,69.29 1 1
github.com/MikeAustin71/errpref/errprefixdelimiters.go:73.2,84.11 5 1
github.com/MikeAustin71/errpref/errprefixdelimiters.go:69.29,71.3 1 1
github.com/MikeAustin71/errpref/errprefixdelimiters.go:127.9,129.29 1 1
github.com/MikeAustin71/errpref/errprefixdelimiters.go:133.2,144.20 5 1
github.com/MikeAustin71/errpref/errprefixdelimiters.go:129.29,131.3 1 1
github.com/MikeAustin71/errpref/errprefixdelimiters.go:150.49,152.29 1 1
github.com/MikeAustin71/errpref/errprefixdelimiters.go:156.2,164.24 4 1
github.com/MikeAustin71/errpref/errprefixdelimiters.go:152.29,154.3 1 1
github.com/MikeAustin71/errpref/errprefixdelimiters.go:201.17,203.29 1 1
github.com/MikeAustin71/errpref/errprefixdelimiters.go:207.2,217.17 4 1
github.com/MikeAustin71/errpref/errprefixdelimiters.go:203.29,205.3 1 0
github.com/MikeAustin71/errpref/errprefixdelimiters.go:221.76,223.29 1 1
github.com/MikeAustin71/errpref/errprefixdelimiters.go:227.2,231.43 3 1
github.com/MikeAustin71/errpref/errprefixdelimiters.go:223.29,225.3 1 0
github.com/MikeAustin71/errpref/errprefixdelimiters.go:235.75,237.29 1 1
github.com/MikeAustin71/errpref/errprefixdelimiters.go:241.2,245.42 3 1
github.com/MikeAustin71/errpref/errprefixdelimiters.go:237.29,239.3 1 0
github.com/MikeAustin71/errpref/errprefixdelimiters.go:252.80,254.29 1 1
github.com/MikeAustin71/errpref/errprefixdelimiters.go:258.2,262.48 3 1
github.com/MikeAustin71/errpref/errprefixdelimiters.go:269.2,269.46 1 1
github.com/MikeAustin71/errpref/errprefixdelimiters.go:254.29,256.3 1 0
github.com/MikeAustin71/errpref/errprefixdelimiters.go:262.48,267.3 1 0
github.com/MikeAustin71/errpref/errprefixdelimiters.go:276.79,278.29 1 1
github.com/MikeAustin71/errpref/errprefixdelimiters.go:282.2,286.47 3 1
github.com/MikeAustin71/errpref/errprefixdelimiters.go:293.2,293.45 1 1
github.com/MikeAustin71/errpref/errprefixdelimiters.go:278.29,280.3 1 0
github.com/MikeAustin71/errpref/errprefixdelimiters.go:286.47,291.3 1 0
github.com/MikeAustin71/errpref/errprefixdelimiters.go:300.81,302.29 1 1
github.com/MikeAustin71/errpref/errprefixdelimiters.go:306.2,310.49 3 1
github.com/MikeAustin71/errpref/errprefixdelimiters.go:317.2,317.47 1 1
github.com/MikeAustin71/errpref/errprefixdelimiters.go:302.29,304.3 1 0
github.com/MikeAustin71/errpref/errprefixdelimiters.go:310.49,315.3 1 0
github.com/MikeAustin71/errpref/errprefixdelimiters.go:324.80,326.29 1 1
github.com/MikeAustin71/errpref/errprefixdelimiters.go:330.2,334.48 3 1
github.com/MikeAustin71/errpref/errprefixdelimiters.go:341.2,341.46 1 1
github.com/MikeAustin71/errpref/errprefixdelimiters.go:326.29,328.3 1 0
github.com/MikeAustin71/errpref/errprefixdelimiters.go:334.48,339.3 1 0
github.com/MikeAustin71/errpref/errprefixdelimiters.go:345.77,347.29 1 1
github.com/MikeAustin71/errpref/errprefixdelimiters.go:351.2,355.44 3 1
github.com/MikeAustin71/errpref/errprefixdelimiters.go:347.29,349.3 1 0
github.com/MikeAustin71/errpref/errprefixdelimiters.go:359.76,361.29 1 1
github.com/MikeAustin71/errpref/errprefixdelimiters.go:365.2,369.43 3 1
github.com/MikeAustin71/errpref/errprefixdelimiters.go:361.29,363.3 1 0
github.com/MikeAustin71/errpref/errprefixdelimiters.go:405.64,407.29 1 1
github.com/MikeAustin71/errpref/errprefixdelimiters.go:411.2,421.16 4 1
github.com/MikeAustin71/errpref/errprefixdelimiters.go:407.29,409.3 1 1
github.com/MikeAustin71/errpref/errprefixdelimiters.go:460.24,462.29 1 1
github.com/MikeAustin71/errpref/errprefixdelimiters.go:466.2,478.12 5 1
github.com/MikeAustin71/errpref/errprefixdelimiters.go:462.29,464.3 1 1
github.com/MikeAustin71/errpref/errprefixdelimiters.go:563.9,565.29 1 1
github.com/MikeAustin71/errpref/errprefixdelimiters.go:569.2,588.32 6 1
github.com/MikeAustin71/errpref/errprefixdelimiters.go:565.29,567.3 1 1
github.com/MikeAustin71/errpref/errprefixdelimiters.go:606.74,608.29 1 1
github.com/MikeAustin71/errpref/errprefixdelimiters.go:612.2,625.27 5 1
github.com/MikeAustin71/errpref/errprefixdelimiters.go:608.29,610.3 1 1
github.com/MikeAustin71/errpref/errprefixdelimiters.go:707.24,709.29 1 1
github.com/MikeAustin71/errpref/errprefixdelimiters.go:713.2,726.12 4 1
github.com/MikeAustin71/errpref/errprefixdelimiters.go:709.29,711.3 1 1
github.com/MikeAustin71/errpref/errprefixdelimiters.go:736.33,738.29 1 1
github.com/MikeAustin71/errpref/errprefixdelimiters.go:742.2,751.8 5 1
github.com/MikeAustin71/errpref/errprefixdelimiters.go:738.29,740.3 1 0
github.com/MikeAustin71/errpref/errprefixdelimiters.go:761.32,763.29 1 1
github.com/MikeAustin71/errpref/errprefixdelimiters.go:767.2,776.8 5 1
github.com/MikeAustin71/errpref/errprefixdelimiters.go:763.29,765.3 1 1
github.com/MikeAustin71/errpref/errprefixdelimiters.go:786.34,788.29 1 1
github.com/MikeAustin71/errpref/errprefixdelimiters.go:792.2,801.8 5 1
github.com/MikeAustin71/errpref/errprefixdelimiters.go:788.29,790.3 1 0
github.com/MikeAustin71/errpref/errprefixdelimiters.go:811.33,813.29 1 1
github.com/MikeAustin71/errpref/errprefixdelimiters.go:817.2,826.8 5 1
github.com/MikeAustin71/errpref/errprefixdelimiters.go:813.29,815.3 1 0
github.com/MikeAustin71/errpref/errprefixdelimiters.go:834.63,836.29 1 1
github.com/MikeAustin71/errpref/errprefixdelimiters.go:840.2,856.8 7 1
github.com/MikeAustin71/errpref/errprefixdelimiters.go:836.29,838.3 1 0
github.com/MikeAustin71/errpref/errprefixdelimiters.go:862.56,864.29 1 1
github.com/MikeAustin71/errpref/errprefixdelimiters.go:868.2,912.12 9 1
github.com/MikeAustin71/errpref/errprefixdelimiters.go:864.29,866.3 1 0
github.com/MikeAustin71/errpref/errprefixdelimiters.go:925.56,927.29 1 1
github.com/MikeAustin71/errpref/errprefixdelimiters.go:931.2,938.7 3 1
github.com/MikeAustin71/errpref/errprefixdelimiters.go:927.29,929.3 1 1
github.com/MikeAustin71/errpref/errprefixdelimiters.go:952.63,954.29 1 1
github.com/MikeAustin71/errpref/errprefixdelimiters.go:958.2,968.13 4 1
github.com/MikeAustin71/errpref/errprefixdelimiters.go:972.2,975.7 1 1
github.com/MikeAustin71/errpref/errprefixdelimiters.go:954.29,956.3 1 1
github.com/MikeAustin71/errpref/errprefixdelimiters.go:968.13,970.3 1 1
